<?xml version="1.0" encoding="UTF-8"?>
<coverage generated="1573344560139" clover="3.2.0">
  <project timestamp="1573344560140" name="All files">
    <metrics statements="581" coveredstatements="478" conditionals="159" coveredconditionals="96" methods="79" coveredmethods="50" elements="819" coveredelements="624" complexity="0" loc="581" ncloc="581" packages="9" files="50" classes="50">
      <package name="src">
        <metrics statements="59" coveredstatements="17" conditionals="20" coveredconditionals="0" methods="13" coveredmethods="2"/>
        <file name="App.vue" path="/Users/stelli/Desktop/Blibli Future Phase 2/reims-vue-cli-pwa/src/App.vue">
          <metrics statements="59" coveredstatements="17" conditionals="20" coveredconditionals="0" methods="13" coveredmethods="2"/>
          <line num="1" count="1" type="stmt"/>
          <line num="2" count="1" type="stmt"/>
          <line num="3" count="1" type="stmt"/>
          <line num="4" count="1" type="stmt"/>
          <line num="6" count="1" type="stmt"/>
          <line num="7" count="1" type="stmt"/>
          <line num="11" count="6" type="stmt"/>
          <line num="23" count="6" type="stmt"/>
          <line num="24" count="0" type="cond" truecount="0" falsecount="2"/>
          <line num="28" count="1" type="stmt"/>
          <line num="31" count="0" type="stmt"/>
          <line num="35" count="0" type="stmt"/>
          <line num="38" count="0" type="stmt"/>
          <line num="41" count="0" type="stmt"/>
          <line num="42" count="0" type="stmt"/>
          <line num="45" count="0" type="cond" truecount="0" falsecount="4"/>
          <line num="46" count="0" type="stmt"/>
          <line num="47" count="0" type="stmt"/>
          <line num="49" count="0" type="stmt"/>
          <line num="53" count="0" type="cond" truecount="0" falsecount="4"/>
          <line num="54" count="0" type="stmt"/>
          <line num="55" count="0" type="cond" truecount="0" falsecount="4"/>
          <line num="56" count="0" type="stmt"/>
          <line num="57" count="0" type="cond" truecount="0" falsecount="4"/>
          <line num="58" count="0" type="stmt"/>
          <line num="62" count="2" type="stmt"/>
          <line num="65" count="2" type="stmt"/>
          <line num="68" count="0" type="stmt"/>
          <line num="69" count="0" type="stmt"/>
          <line num="72" count="0" type="stmt"/>
          <line num="73" count="0" type="stmt"/>
          <line num="74" count="0" type="stmt"/>
          <line num="79" count="0" type="stmt"/>
          <line num="81" count="0" type="stmt"/>
          <line num="84" count="0" type="stmt"/>
          <line num="85" count="0" type="stmt"/>
          <line num="91" count="0" type="cond" truecount="0" falsecount="2"/>
          <line num="92" count="0" type="stmt"/>
          <line num="95" count="0" type="stmt"/>
          <line num="99" count="0" type="stmt"/>
          <line num="101" count="0" type="stmt"/>
          <line num="102" count="0" type="stmt"/>
          <line num="108" count="1" type="stmt"/>
          <line num="113" count="0" type="stmt"/>
          <line num="116" count="0" type="stmt"/>
          <line num="117" count="0" type="stmt"/>
          <line num="118" count="0" type="stmt"/>
          <line num="119" count="0" type="stmt"/>
          <line num="120" count="0" type="stmt"/>
          <line num="121" count="0" type="stmt"/>
          <line num="122" count="0" type="stmt"/>
          <line num="123" count="0" type="stmt"/>
          <line num="124" count="0" type="stmt"/>
          <line num="128" count="1" type="stmt"/>
          <line num="132" count="1" type="stmt"/>
          <line num="135" count="1" type="stmt"/>
          <line num="139" count="1" type="stmt"/>
          <line num="146" count="6" type="stmt"/>
          <line num="149" count="0" type="stmt"/>
        </file>
      </package>
      <package name="src.components">
        <metrics statements="190" coveredstatements="169" conditionals="69" coveredconditionals="51" methods="13" coveredmethods="5"/>
        <file name="CropImage.vue" path="/Users/stelli/Desktop/Blibli Future Phase 2/reims-vue-cli-pwa/src/components/CropImage.vue">
          <metrics statements="8" coveredstatements="8" conditionals="2" coveredconditionals="1" methods="0" coveredmethods="0"/>
          <line num="1" count="1" type="stmt"/>
          <line num="5" count="5" type="stmt"/>
          <line num="14" count="2" type="cond" truecount="1" falsecount="1"/>
          <line num="15" count="2" type="stmt"/>
          <line num="19" count="1" type="stmt"/>
          <line num="22" count="1" type="stmt"/>
          <line num="25" count="1" type="stmt"/>
          <line num="28" count="1" type="stmt"/>
        </file>
        <file name="FilterImage.vue" path="/Users/stelli/Desktop/Blibli Future Phase 2/reims-vue-cli-pwa/src/components/FilterImage.vue">
          <metrics statements="33" coveredstatements="33" conditionals="4" coveredconditionals="4" methods="2" coveredmethods="2"/>
          <line num="1" count="1" type="stmt"/>
          <line num="12" count="4" type="stmt"/>
          <line num="20" count="5" type="stmt"/>
          <line num="24" count="4" type="cond" truecount="2" falsecount="0"/>
          <line num="25" count="1" type="stmt"/>
          <line num="27" count="4" type="stmt"/>
          <line num="37" count="7" type="stmt"/>
          <line num="39" count="7" type="stmt"/>
          <line num="40" count="7" type="stmt"/>
          <line num="41" count="7" type="stmt"/>
          <line num="42" count="21" type="cond" truecount="2" falsecount="0"/>
          <line num="43" count="9" type="stmt"/>
          <line num="47" count="7" type="stmt"/>
          <line num="50" count="11" type="stmt"/>
          <line num="57" count="2" type="stmt"/>
          <line num="58" count="2" type="stmt"/>
          <line num="59" count="2" type="stmt"/>
          <line num="61" count="2" type="stmt"/>
          <line num="62" count="2" type="stmt"/>
          <line num="63" count="2" type="stmt"/>
          <line num="64" count="2" type="stmt"/>
          <line num="65" count="2" type="stmt"/>
          <line num="66" count="2" type="stmt"/>
          <line num="67" count="2" type="stmt"/>
          <line num="68" count="2" type="stmt"/>
          <line num="71" count="4" type="stmt"/>
          <line num="74" count="4" type="stmt"/>
          <line num="76" count="1" type="stmt"/>
          <line num="80" count="1" type="stmt"/>
          <line num="83" count="3" type="stmt"/>
          <line num="84" count="3" type="stmt"/>
          <line num="89" count="3" type="stmt"/>
          <line num="91" count="4" type="stmt"/>
        </file>
        <file name="FloatingActionButton.vue" path="/Users/stelli/Desktop/Blibli Future Phase 2/reims-vue-cli-pwa/src/components/FloatingActionButton.vue">
          <metrics statements="7" coveredstatements="7" conditionals="0" coveredconditionals="0" methods="0" coveredmethods="0"/>
          <line num="1" count="2" type="stmt"/>
          <line num="4" count="10" type="stmt"/>
          <line num="11" count="1" type="stmt"/>
          <line num="12" count="1" type="stmt"/>
          <line num="15" count="1" type="stmt"/>
          <line num="16" count="1" type="stmt"/>
          <line num="17" count="1" type="stmt"/>
        </file>
        <file name="FuelForm.vue" path="/Users/stelli/Desktop/Blibli Future Phase 2/reims-vue-cli-pwa/src/components/FuelForm.vue">
          <metrics statements="32" coveredstatements="22" conditionals="14" coveredconditionals="7" methods="2" coveredmethods="0"/>
          <line num="1" count="2" type="stmt"/>
          <line num="2" count="2" type="stmt"/>
          <line num="3" count="2" type="stmt"/>
          <line num="5" count="2" type="stmt"/>
          <line num="16" count="8" type="stmt"/>
          <line num="23" count="15" type="stmt"/>
          <line num="27" count="15" type="stmt"/>
          <line num="37" count="6" type="stmt"/>
          <line num="49" count="2" type="stmt"/>
          <line num="52" count="15" type="stmt"/>
          <line num="59" count="17" type="stmt"/>
          <line num="60" count="17" type="cond" truecount="2" falsecount="0"/>
          <line num="61" count="6" type="cond" truecount="1" falsecount="1"/>
          <line num="63" count="11" type="cond" truecount="1" falsecount="1"/>
          <line num="66" count="15" type="cond" truecount="1" falsecount="1"/>
          <line num="69" count="15" type="cond" truecount="1" falsecount="1"/>
          <line num="74" count="6" type="stmt"/>
          <line num="78" count="1" type="stmt"/>
          <line num="81" count="15" type="cond" truecount="1" falsecount="1"/>
          <line num="89" count="1" type="stmt"/>
          <line num="92" count="0" type="stmt"/>
          <line num="93" count="0" type="cond" truecount="0" falsecount="2"/>
          <line num="94" count="0" type="stmt"/>
          <line num="95" count="0" type="stmt"/>
          <line num="96" count="0" type="stmt"/>
          <line num="97" count="0" type="stmt"/>
          <line num="99" count="0" type="stmt"/>
          <line num="103" count="0" type="stmt"/>
          <line num="106" count="0" type="stmt"/>
          <line num="111" count="0" type="stmt"/>
          <line num="116" count="1" type="stmt"/>
          <line num="119" count="1" type="stmt"/>
        </file>
        <file name="NotificationBar.vue" path="/Users/stelli/Desktop/Blibli Future Phase 2/reims-vue-cli-pwa/src/components/NotificationBar.vue">
          <metrics statements="5" coveredstatements="5" conditionals="0" coveredconditionals="0" methods="1" coveredmethods="1"/>
          <line num="1" count="1" type="stmt"/>
          <line num="4" count="2" type="stmt"/>
          <line num="9" count="3" type="stmt"/>
          <line num="15" count="1" type="stmt"/>
          <line num="25" count="2" type="stmt"/>
        </file>
        <file name="NotificationContainer.vue" path="/Users/stelli/Desktop/Blibli Future Phase 2/reims-vue-cli-pwa/src/components/NotificationContainer.vue">
          <metrics statements="2" coveredstatements="2" conditionals="0" coveredconditionals="0" methods="1" coveredmethods="0"/>
          <line num="1" count="2" type="stmt"/>
          <line num="2" count="2" type="stmt"/>
        </file>
        <file name="Pagination.vue" path="/Users/stelli/Desktop/Blibli Future Phase 2/reims-vue-cli-pwa/src/components/Pagination.vue">
          <metrics statements="4" coveredstatements="4" conditionals="2" coveredconditionals="2" methods="0" coveredmethods="0"/>
          <line num="6" count="2" type="stmt"/>
          <line num="12" count="1" type="stmt"/>
          <line num="13" count="1" type="stmt"/>
          <line num="18" count="1" type="stmt"/>
        </file>
        <file name="ParkingForm.vue" path="/Users/stelli/Desktop/Blibli Future Phase 2/reims-vue-cli-pwa/src/components/ParkingForm.vue">
          <metrics statements="28" coveredstatements="18" conditionals="8" coveredconditionals="4" methods="2" coveredmethods="0"/>
          <line num="1" count="2" type="stmt"/>
          <line num="2" count="2" type="stmt"/>
          <line num="3" count="2" type="stmt"/>
          <line num="14" count="16" type="stmt"/>
          <line num="18" count="16" type="stmt"/>
          <line num="31" count="8" type="stmt"/>
          <line num="43" count="1" type="stmt"/>
          <line num="46" count="16" type="stmt"/>
          <line num="53" count="16" type="cond" truecount="1" falsecount="1"/>
          <line num="59" count="1" type="stmt"/>
          <line num="62" count="15" type="cond" truecount="1" falsecount="1"/>
          <line num="69" count="1" type="stmt"/>
          <line num="72" count="8" type="cond" truecount="2" falsecount="0"/>
          <line num="76" count="8" type="stmt"/>
          <line num="83" count="1" type="stmt"/>
          <line num="86" count="0" type="stmt"/>
          <line num="87" count="0" type="cond" truecount="0" falsecount="2"/>
          <line num="88" count="0" type="stmt"/>
          <line num="89" count="0" type="stmt"/>
          <line num="90" count="0" type="stmt"/>
          <line num="91" count="0" type="stmt"/>
          <line num="93" count="0" type="stmt"/>
          <line num="97" count="0" type="stmt"/>
          <line num="100" count="0" type="stmt"/>
          <line num="105" count="0" type="stmt"/>
          <line num="110" count="1" type="stmt"/>
          <line num="113" count="1" type="stmt"/>
          <line num="120" count="1" type="stmt"/>
        </file>
        <file name="SortFilter.vue" path="/Users/stelli/Desktop/Blibli Future Phase 2/reims-vue-cli-pwa/src/components/SortFilter.vue">
          <metrics statements="22" coveredstatements="22" conditionals="20" coveredconditionals="17" methods="0" coveredmethods="0"/>
          <line num="1" count="1" type="stmt"/>
          <line num="5" count="6" type="stmt"/>
          <line num="13" count="6" type="stmt"/>
          <line num="17" count="1" type="stmt"/>
          <line num="20" count="10" type="cond" truecount="2" falsecount="0"/>
          <line num="27" count="1" type="stmt"/>
          <line num="30" count="10" type="cond" truecount="2" falsecount="0"/>
          <line num="34" count="13" type="cond" truecount="2" falsecount="0"/>
          <line num="37" count="12" type="cond" truecount="2" falsecount="0"/>
          <line num="42" count="2" type="stmt"/>
          <line num="45" count="1" type="cond" truecount="3" falsecount="1"/>
          <line num="46" count="1" type="cond" truecount="1" falsecount="1"/>
          <line num="49" count="1" type="cond" truecount="1" falsecount="1"/>
          <line num="52" count="1" type="stmt"/>
          <line num="53" count="1" type="stmt"/>
          <line num="54" count="1" type="stmt"/>
          <line num="58" count="9" type="stmt"/>
          <line num="67" count="1" type="stmt"/>
          <line num="70" count="6" type="cond" truecount="2" falsecount="0"/>
          <line num="73" count="6" type="cond" truecount="2" falsecount="0"/>
          <line num="79" count="6" type="stmt"/>
          <line num="80" count="6" type="stmt"/>
        </file>
        <file name="TransactionCard.vue" path="/Users/stelli/Desktop/Blibli Future Phase 2/reims-vue-cli-pwa/src/components/TransactionCard.vue">
          <metrics statements="5" coveredstatements="5" conditionals="0" coveredconditionals="0" methods="1" coveredmethods="1"/>
          <line num="1" count="1" type="stmt"/>
          <line num="9" count="3" type="stmt"/>
          <line num="18" count="1" type="stmt"/>
          <line num="19" count="1" type="stmt"/>
          <line num="23" count="1" type="stmt"/>
        </file>
        <file name="TransactionForm.vue" path="/Users/stelli/Desktop/Blibli Future Phase 2/reims-vue-cli-pwa/src/components/TransactionForm.vue">
          <metrics statements="16" coveredstatements="15" conditionals="6" coveredconditionals="3" methods="1" coveredmethods="0"/>
          <line num="1" count="1" type="stmt"/>
          <line num="2" count="1" type="stmt"/>
          <line num="3" count="1" type="stmt"/>
          <line num="5" count="1" type="stmt"/>
          <line num="31" count="6" type="stmt"/>
          <line num="42" count="6" type="stmt"/>
          <line num="45" count="6" type="cond" truecount="1" falsecount="1"/>
          <line num="48" count="2" type="stmt"/>
          <line num="65" count="2" type="stmt"/>
          <line num="80" count="6" type="cond" truecount="2" falsecount="0"/>
          <line num="81" count="1" type="stmt"/>
          <line num="87" count="1" type="stmt"/>
          <line num="92" count="0" type="cond" truecount="0" falsecount="2"/>
          <line num="95" count="1" type="stmt"/>
          <line num="96" count="1" type="stmt"/>
          <line num="97" count="1" type="stmt"/>
        </file>
        <file name="TransactionList.vue" path="/Users/stelli/Desktop/Blibli Future Phase 2/reims-vue-cli-pwa/src/components/TransactionList.vue">
          <metrics statements="4" coveredstatements="4" conditionals="5" coveredconditionals="5" methods="1" coveredmethods="0"/>
          <line num="1" count="1" type="stmt"/>
          <line num="11" count="2" type="cond" truecount="5" falsecount="0"/>
          <line num="22" count="1" type="stmt"/>
          <line num="25" count="1" type="stmt"/>
        </file>
        <file name="UserCard.vue" path="/Users/stelli/Desktop/Blibli Future Phase 2/reims-vue-cli-pwa/src/components/UserCard.vue">
          <metrics statements="5" coveredstatements="5" conditionals="0" coveredconditionals="0" methods="1" coveredmethods="1"/>
          <line num="1" count="1" type="stmt"/>
          <line num="10" count="5" type="stmt"/>
          <line num="16" count="1" type="stmt"/>
          <line num="17" count="1" type="stmt"/>
          <line num="21" count="1" type="stmt"/>
        </file>
        <file name="UserFamilyDetail.vue" path="/Users/stelli/Desktop/Blibli Future Phase 2/reims-vue-cli-pwa/src/components/UserFamilyDetail.vue">
          <metrics statements="13" coveredstatements="13" conditionals="8" coveredconditionals="8" methods="0" coveredmethods="0"/>
          <line num="1" count="2" type="stmt"/>
          <line num="4" count="8" type="stmt"/>
          <line num="11" count="8" type="stmt"/>
          <line num="14" count="7" type="cond" truecount="2" falsecount="0"/>
          <line num="20" count="2" type="cond" truecount="2" falsecount="0"/>
          <line num="21" count="1" type="stmt"/>
          <line num="23" count="1" type="stmt"/>
          <line num="27" count="56" type="stmt"/>
          <line num="30" count="3" type="cond" truecount="2" falsecount="0"/>
          <line num="31" count="3" type="stmt"/>
          <line num="34" count="1" type="stmt"/>
          <line num="37" count="2" type="cond" truecount="2" falsecount="0"/>
          <line num="41" count="8" type="stmt"/>
        </file>
        <file name="UserList.vue" path="/Users/stelli/Desktop/Blibli Future Phase 2/reims-vue-cli-pwa/src/components/UserList.vue">
          <metrics statements="1" coveredstatements="1" conditionals="0" coveredconditionals="0" methods="1" coveredmethods="0"/>
          <line num="1" count="1" type="stmt"/>
        </file>
        <file name="UserPersonalDetail.vue" path="/Users/stelli/Desktop/Blibli Future Phase 2/reims-vue-cli-pwa/src/components/UserPersonalDetail.vue">
          <metrics statements="4" coveredstatements="4" conditionals="0" coveredconditionals="0" methods="0" coveredmethods="0"/>
          <line num="1" count="2" type="stmt"/>
          <line num="6" count="1" type="stmt"/>
          <line num="12" count="1" type="stmt"/>
          <line num="16" count="1" type="stmt"/>
        </file>
        <file name="ViewFuelDetail.vue" path="/Users/stelli/Desktop/Blibli Future Phase 2/reims-vue-cli-pwa/src/components/ViewFuelDetail.vue">
          <metrics statements="1" coveredstatements="1" conditionals="0" coveredconditionals="0" methods="0" coveredmethods="0"/>
          <line num="7" count="1" type="stmt"/>
        </file>
      </package>
      <package name="src.filters">
        <metrics statements="6" coveredstatements="6" conditionals="6" coveredconditionals="6" methods="5" coveredmethods="5"/>
        <file name="date.js" path="/Users/stelli/Desktop/Blibli Future Phase 2/reims-vue-cli-pwa/src/filters/date.js">
          <metrics statements="2" coveredstatements="2" conditionals="0" coveredconditionals="0" methods="1" coveredmethods="1"/>
          <line num="2" count="8" type="stmt"/>
          <line num="3" count="8" type="stmt"/>
        </file>
        <file name="price.js" path="/Users/stelli/Desktop/Blibli Future Phase 2/reims-vue-cli-pwa/src/filters/price.js">
          <metrics statements="1" coveredstatements="1" conditionals="2" coveredconditionals="2" methods="1" coveredmethods="1"/>
          <line num="2" count="7" type="cond" truecount="2" falsecount="0"/>
        </file>
        <file name="text.js" path="/Users/stelli/Desktop/Blibli Future Phase 2/reims-vue-cli-pwa/src/filters/text.js">
          <metrics statements="2" coveredstatements="2" conditionals="2" coveredconditionals="2" methods="2" coveredmethods="2"/>
          <line num="2" count="401" type="cond" truecount="2" falsecount="0"/>
          <line num="4" count="415" type="stmt"/>
        </file>
        <file name="trimText.js" path="/Users/stelli/Desktop/Blibli Future Phase 2/reims-vue-cli-pwa/src/filters/trimText.js">
          <metrics statements="1" coveredstatements="1" conditionals="2" coveredconditionals="2" methods="1" coveredmethods="1"/>
          <line num="2" count="10" type="cond" truecount="2" falsecount="0"/>
        </file>
      </package>
      <package name="src.store">
        <metrics statements="2" coveredstatements="2" conditionals="0" coveredconditionals="0" methods="0" coveredmethods="0"/>
        <file name="index.js" path="/Users/stelli/Desktop/Blibli Future Phase 2/reims-vue-cli-pwa/src/store/index.js">
          <metrics statements="2" coveredstatements="2" conditionals="0" coveredconditionals="0" methods="0" coveredmethods="0"/>
          <line num="8" count="3" type="stmt"/>
          <line num="10" count="3" type="stmt"/>
        </file>
      </package>
      <package name="src.store.modules.auth">
        <metrics statements="29" coveredstatements="29" conditionals="0" coveredconditionals="0" methods="3" coveredmethods="3"/>
        <file name="actions.js" path="/Users/stelli/Desktop/Blibli Future Phase 2/reims-vue-cli-pwa/src/store/modules/auth/actions.js">
          <metrics statements="12" coveredstatements="12" conditionals="0" coveredconditionals="0" methods="3" coveredmethods="3"/>
          <line num="5" count="1" type="stmt"/>
          <line num="6" count="1" type="stmt"/>
          <line num="7" count="1" type="stmt"/>
          <line num="8" count="1" type="stmt"/>
          <line num="9" count="1" type="stmt"/>
          <line num="12" count="1" type="stmt"/>
          <line num="13" count="1" type="stmt"/>
          <line num="14" count="1" type="stmt"/>
          <line num="15" count="1" type="stmt"/>
          <line num="16" count="1" type="stmt"/>
          <line num="17" count="1" type="stmt"/>
          <line num="20" count="1" type="stmt"/>
        </file>
        <file name="getters.js" path="/Users/stelli/Desktop/Blibli Future Phase 2/reims-vue-cli-pwa/src/store/modules/auth/getters.js">
          <metrics statements="4" coveredstatements="4" conditionals="0" coveredconditionals="0" methods="0" coveredmethods="0"/>
          <line num="3" count="1" type="stmt"/>
          <line num="6" count="1" type="stmt"/>
          <line num="9" count="1" type="stmt"/>
          <line num="12" count="1" type="stmt"/>
        </file>
        <file name="index.js" path="/Users/stelli/Desktop/Blibli Future Phase 2/reims-vue-cli-pwa/src/store/modules/auth/index.js">
          <metrics statements="2" coveredstatements="2" conditionals="0" coveredconditionals="0" methods="0" coveredmethods="0"/>
          <line num="5" count="4" type="stmt"/>
          <line num="6" count="4" type="stmt"/>
        </file>
        <file name="mutations.js" path="/Users/stelli/Desktop/Blibli Future Phase 2/reims-vue-cli-pwa/src/store/modules/auth/mutations.js">
          <metrics statements="11" coveredstatements="11" conditionals="0" coveredconditionals="0" methods="0" coveredmethods="0"/>
          <line num="1" count="5" type="stmt"/>
          <line num="2" count="5" type="stmt"/>
          <line num="3" count="5" type="stmt"/>
          <line num="7" count="1" type="stmt"/>
          <line num="8" count="1" type="stmt"/>
          <line num="11" count="1" type="stmt"/>
          <line num="12" count="1" type="stmt"/>
          <line num="15" count="1" type="stmt"/>
          <line num="16" count="1" type="stmt"/>
          <line num="19" count="1" type="stmt"/>
          <line num="20" count="1" type="stmt"/>
        </file>
      </package>
      <package name="src.store.modules.notification">
        <metrics statements="9" coveredstatements="9" conditionals="0" coveredconditionals="0" methods="1" coveredmethods="1"/>
        <file name="actions.js" path="/Users/stelli/Desktop/Blibli Future Phase 2/reims-vue-cli-pwa/src/store/modules/notification/actions.js">
          <metrics statements="2" coveredstatements="2" conditionals="0" coveredconditionals="0" methods="0" coveredmethods="0"/>
          <line num="3" count="1" type="stmt"/>
          <line num="6" count="1" type="stmt"/>
        </file>
        <file name="getters.js" path="/Users/stelli/Desktop/Blibli Future Phase 2/reims-vue-cli-pwa/src/store/modules/notification/getters.js">
          <metrics statements="1" coveredstatements="1" conditionals="0" coveredconditionals="0" methods="0" coveredmethods="0"/>
          <line num="3" count="1" type="stmt"/>
        </file>
        <file name="index.js" path="/Users/stelli/Desktop/Blibli Future Phase 2/reims-vue-cli-pwa/src/store/modules/notification/index.js">
          <metrics statements="2" coveredstatements="2" conditionals="0" coveredconditionals="0" methods="0" coveredmethods="0"/>
          <line num="5" count="4" type="stmt"/>
          <line num="6" count="4" type="stmt"/>
        </file>
        <file name="mutations.js" path="/Users/stelli/Desktop/Blibli Future Phase 2/reims-vue-cli-pwa/src/store/modules/notification/mutations.js">
          <metrics statements="4" coveredstatements="4" conditionals="0" coveredconditionals="0" methods="1" coveredmethods="1"/>
          <line num="1" count="5" type="stmt"/>
          <line num="4" count="1" type="stmt"/>
          <line num="7" count="1" type="stmt"/>
          <line num="8" count="1" type="stmt"/>
        </file>
      </package>
      <package name="src.store.modules.transaction">
        <metrics statements="50" coveredstatements="50" conditionals="2" coveredconditionals="1" methods="7" coveredmethods="7"/>
        <file name="actions.js" path="/Users/stelli/Desktop/Blibli Future Phase 2/reims-vue-cli-pwa/src/store/modules/transaction/actions.js">
          <metrics statements="28" coveredstatements="28" conditionals="0" coveredconditionals="0" methods="6" coveredmethods="6"/>
          <line num="5" count="1" type="stmt"/>
          <line num="8" count="1" type="stmt"/>
          <line num="11" count="1" type="stmt"/>
          <line num="14" count="1" type="stmt"/>
          <line num="15" count="1" type="stmt"/>
          <line num="16" count="1" type="stmt"/>
          <line num="17" count="1" type="stmt"/>
          <line num="18" count="1" type="stmt"/>
          <line num="19" count="1" type="stmt"/>
          <line num="20" count="1" type="stmt"/>
          <line num="21" count="1" type="stmt"/>
          <line num="22" count="1" type="stmt"/>
          <line num="25" count="1" type="stmt"/>
          <line num="26" count="1" type="stmt"/>
          <line num="27" count="1" type="stmt"/>
          <line num="30" count="1" type="stmt"/>
          <line num="31" count="1" type="stmt"/>
          <line num="32" count="1" type="stmt"/>
          <line num="33" count="1" type="stmt"/>
          <line num="36" count="1" type="stmt"/>
          <line num="37" count="1" type="stmt"/>
          <line num="38" count="1" type="stmt"/>
          <line num="41" count="1" type="stmt"/>
          <line num="42" count="1" type="stmt"/>
          <line num="43" count="1" type="stmt"/>
          <line num="46" count="1" type="stmt"/>
          <line num="47" count="1" type="stmt"/>
          <line num="48" count="1" type="stmt"/>
        </file>
        <file name="getters.js" path="/Users/stelli/Desktop/Blibli Future Phase 2/reims-vue-cli-pwa/src/store/modules/transaction/getters.js">
          <metrics statements="8" coveredstatements="8" conditionals="2" coveredconditionals="1" methods="0" coveredmethods="0"/>
          <line num="3" count="1" type="cond" truecount="1" falsecount="1"/>
          <line num="6" count="1" type="stmt"/>
          <line num="9" count="1" type="stmt"/>
          <line num="12" count="1" type="stmt"/>
          <line num="15" count="1" type="stmt"/>
          <line num="18" count="1" type="stmt"/>
          <line num="21" count="1" type="stmt"/>
          <line num="24" count="1" type="stmt"/>
        </file>
        <file name="index.js" path="/Users/stelli/Desktop/Blibli Future Phase 2/reims-vue-cli-pwa/src/store/modules/transaction/index.js">
          <metrics statements="2" coveredstatements="2" conditionals="0" coveredconditionals="0" methods="0" coveredmethods="0"/>
          <line num="5" count="3" type="stmt"/>
          <line num="6" count="3" type="stmt"/>
        </file>
        <file name="mutations.js" path="/Users/stelli/Desktop/Blibli Future Phase 2/reims-vue-cli-pwa/src/store/modules/transaction/mutations.js">
          <metrics statements="12" coveredstatements="12" conditionals="0" coveredconditionals="0" methods="1" coveredmethods="1"/>
          <line num="3" count="1" type="stmt"/>
          <line num="6" count="1" type="stmt"/>
          <line num="12" count="1" type="stmt"/>
          <line num="15" count="1" type="stmt"/>
          <line num="18" count="1" type="stmt"/>
          <line num="21" count="1" type="stmt"/>
          <line num="24" count="1" type="stmt"/>
          <line num="27" count="1" type="stmt"/>
          <line num="30" count="1" type="stmt"/>
          <line num="33" count="1" type="stmt"/>
          <line num="36" count="1" type="stmt"/>
          <line num="39" count="5" type="stmt"/>
        </file>
      </package>
      <package name="src.store.modules.user">
        <metrics statements="48" coveredstatements="48" conditionals="0" coveredconditionals="0" methods="13" coveredmethods="13"/>
        <file name="actions.js" path="/Users/stelli/Desktop/Blibli Future Phase 2/reims-vue-cli-pwa/src/store/modules/user/actions.js">
          <metrics statements="34" coveredstatements="34" conditionals="0" coveredconditionals="0" methods="12" coveredmethods="12"/>
          <line num="5" count="1" type="stmt"/>
          <line num="6" count="1" type="stmt"/>
          <line num="7" count="1" type="stmt"/>
          <line num="10" count="1" type="stmt"/>
          <line num="11" count="1" type="stmt"/>
          <line num="12" count="1" type="stmt"/>
          <line num="15" count="1" type="stmt"/>
          <line num="16" count="1" type="stmt"/>
          <line num="17" count="1" type="stmt"/>
          <line num="18" count="1" type="stmt"/>
          <line num="21" count="1" type="stmt"/>
          <line num="22" count="1" type="stmt"/>
          <line num="23" count="1" type="stmt"/>
          <line num="26" count="1" type="stmt"/>
          <line num="27" count="1" type="stmt"/>
          <line num="28" count="1" type="stmt"/>
          <line num="29" count="1" type="stmt"/>
          <line num="32" count="1" type="stmt"/>
          <line num="33" count="1" type="stmt"/>
          <line num="36" count="1" type="stmt"/>
          <line num="37" count="1" type="stmt"/>
          <line num="38" count="1" type="stmt"/>
          <line num="41" count="1" type="stmt"/>
          <line num="42" count="1" type="stmt"/>
          <line num="43" count="1" type="stmt"/>
          <line num="46" count="1" type="stmt"/>
          <line num="47" count="1" type="stmt"/>
          <line num="48" count="1" type="stmt"/>
          <line num="51" count="1" type="stmt"/>
          <line num="52" count="1" type="stmt"/>
          <line num="55" count="1" type="stmt"/>
          <line num="56" count="1" type="stmt"/>
          <line num="59" count="1" type="stmt"/>
          <line num="60" count="1" type="stmt"/>
        </file>
        <file name="getters.js" path="/Users/stelli/Desktop/Blibli Future Phase 2/reims-vue-cli-pwa/src/store/modules/user/getters.js">
          <metrics statements="5" coveredstatements="5" conditionals="0" coveredconditionals="0" methods="0" coveredmethods="0"/>
          <line num="3" count="1" type="stmt"/>
          <line num="6" count="1" type="stmt"/>
          <line num="9" count="1" type="stmt"/>
          <line num="12" count="2" type="stmt"/>
          <line num="15" count="1" type="stmt"/>
        </file>
        <file name="index.js" path="/Users/stelli/Desktop/Blibli Future Phase 2/reims-vue-cli-pwa/src/store/modules/user/index.js">
          <metrics statements="2" coveredstatements="2" conditionals="0" coveredconditionals="0" methods="0" coveredmethods="0"/>
          <line num="5" count="4" type="stmt"/>
          <line num="6" count="4" type="stmt"/>
        </file>
        <file name="mutations.js" path="/Users/stelli/Desktop/Blibli Future Phase 2/reims-vue-cli-pwa/src/store/modules/user/mutations.js">
          <metrics statements="7" coveredstatements="7" conditionals="0" coveredconditionals="0" methods="1" coveredmethods="1"/>
          <line num="3" count="1" type="stmt"/>
          <line num="6" count="1" type="stmt"/>
          <line num="9" count="1" type="stmt"/>
          <line num="12" count="1" type="stmt"/>
          <line num="15" count="10" type="stmt"/>
          <line num="18" count="1" type="stmt"/>
          <line num="21" count="1" type="stmt"/>
        </file>
      </package>
      <package name="src.views">
        <metrics statements="188" coveredstatements="148" conditionals="62" coveredconditionals="38" methods="24" coveredmethods="14"/>
        <file name="AddFamily.vue" path="/Users/stelli/Desktop/Blibli Future Phase 2/reims-vue-cli-pwa/src/views/AddFamily.vue">
          <metrics statements="23" coveredstatements="23" conditionals="6" coveredconditionals="5" methods="3" coveredmethods="3"/>
          <line num="1" count="1" type="stmt"/>
          <line num="2" count="1" type="stmt"/>
          <line num="3" count="1" type="stmt"/>
          <line num="17" count="6" type="stmt"/>
          <line num="34" count="6" type="stmt"/>
          <line num="37" count="6" type="stmt"/>
          <line num="40" count="4" type="stmt"/>
          <line num="43" count="8" type="stmt"/>
          <line num="49" count="1" type="stmt"/>
          <line num="52" count="2" type="cond" truecount="2" falsecount="0"/>
          <line num="53" count="1" type="stmt"/>
          <line num="61" count="1" type="stmt"/>
          <line num="64" count="1" type="stmt"/>
          <line num="65" count="1" type="cond" truecount="1" falsecount="1"/>
          <line num="66" count="1" type="stmt"/>
          <line num="67" count="1" type="stmt"/>
          <line num="68" count="1" type="stmt"/>
          <line num="72" count="1" type="stmt"/>
          <line num="73" count="1" type="stmt"/>
          <line num="75" count="1" type="stmt"/>
          <line num="78" count="8" type="cond" truecount="2" falsecount="0"/>
          <line num="92" count="6" type="stmt"/>
          <line num="93" count="6" type="stmt"/>
        </file>
        <file name="ChangePasswordPage.vue" path="/Users/stelli/Desktop/Blibli Future Phase 2/reims-vue-cli-pwa/src/views/ChangePasswordPage.vue">
          <metrics statements="9" coveredstatements="9" conditionals="2" coveredconditionals="2" methods="0" coveredmethods="0"/>
          <line num="1" count="1" type="stmt"/>
          <line num="2" count="1" type="stmt"/>
          <line num="12" count="6" type="stmt"/>
          <line num="21" count="2" type="stmt"/>
          <line num="27" count="3" type="stmt"/>
          <line num="28" count="3" type="cond" truecount="2" falsecount="0"/>
          <line num="29" count="1" type="stmt"/>
          <line num="30" count="1" type="stmt"/>
          <line num="34" count="2" type="stmt"/>
        </file>
        <file name="CreateTransaction.vue" path="/Users/stelli/Desktop/Blibli Future Phase 2/reims-vue-cli-pwa/src/views/CreateTransaction.vue">
          <metrics statements="40" coveredstatements="0" conditionals="18" coveredconditionals="0" methods="3" coveredmethods="0"/>
          <line num="1" count="0" type="stmt"/>
          <line num="2" count="0" type="stmt"/>
          <line num="3" count="0" type="stmt"/>
          <line num="4" count="0" type="stmt"/>
          <line num="5" count="0" type="stmt"/>
          <line num="13" count="0" type="stmt"/>
          <line num="41" count="0" type="stmt"/>
          <line num="44" count="0" type="stmt"/>
          <line num="47" count="0" type="stmt"/>
          <line num="50" count="0" type="stmt"/>
          <line num="53" count="0" type="cond" truecount="0" falsecount="2"/>
          <line num="59" count="0" type="stmt"/>
          <line num="62" count="0" type="cond" truecount="0" falsecount="2"/>
          <line num="63" count="0" type="stmt"/>
          <line num="65" count="0" type="stmt"/>
          <line num="68" count="0" type="cond" truecount="0" falsecount="2"/>
          <line num="69" count="0" type="stmt"/>
          <line num="70" count="0" type="cond" truecount="0" falsecount="2"/>
          <line num="71" count="0" type="stmt"/>
          <line num="75" count="0" type="stmt"/>
          <line num="76" count="0" type="stmt"/>
          <line num="77" count="0" type="cond" truecount="0" falsecount="2"/>
          <line num="78" count="0" type="stmt"/>
          <line num="82" count="0" type="stmt"/>
          <line num="83" count="0" type="stmt"/>
          <line num="86" count="0" type="cond" truecount="0" falsecount="2"/>
          <line num="87" count="0" type="stmt"/>
          <line num="88" count="0" type="cond" truecount="0" falsecount="2"/>
          <line num="89" count="0" type="stmt"/>
          <line num="91" count="0" type="stmt"/>
          <line num="95" count="0" type="stmt"/>
          <line num="96" count="0" type="stmt"/>
          <line num="99" count="0" type="stmt"/>
          <line num="102" count="0" type="stmt"/>
          <line num="103" count="0" type="stmt"/>
          <line num="106" count="0" type="stmt"/>
          <line num="107" count="0" type="stmt"/>
          <line num="109" count="0" type="stmt"/>
          <line num="115" count="0" type="cond" truecount="0" falsecount="4"/>
          <line num="119" count="0" type="stmt"/>
        </file>
        <file name="CreateUser.vue" path="/Users/stelli/Desktop/Blibli Future Phase 2/reims-vue-cli-pwa/src/views/CreateUser.vue">
          <metrics statements="16" coveredstatements="16" conditionals="4" coveredconditionals="4" methods="2" coveredmethods="2"/>
          <line num="1" count="1" type="stmt"/>
          <line num="2" count="1" type="stmt"/>
          <line num="3" count="1" type="stmt"/>
          <line num="16" count="1" type="stmt"/>
          <line num="21" count="1" type="stmt"/>
          <line num="27" count="7" type="stmt"/>
          <line num="46" count="7" type="stmt"/>
          <line num="49" count="7" type="stmt"/>
          <line num="53" count="1" type="stmt"/>
          <line num="56" count="9" type="cond" truecount="2" falsecount="0"/>
          <line num="65" count="2" type="stmt"/>
          <line num="68" count="2" type="stmt"/>
          <line num="69" count="2" type="cond" truecount="2" falsecount="0"/>
          <line num="70" count="1" type="stmt"/>
          <line num="71" count="1" type="stmt"/>
          <line num="72" count="1" type="stmt"/>
        </file>
        <file name="EditUserFamilyProfile.vue" path="/Users/stelli/Desktop/Blibli Future Phase 2/reims-vue-cli-pwa/src/views/EditUserFamilyProfile.vue">
          <metrics statements="14" coveredstatements="14" conditionals="4" coveredconditionals="4" methods="0" coveredmethods="0"/>
          <line num="1" count="1" type="stmt"/>
          <line num="2" count="1" type="stmt"/>
          <line num="3" count="1" type="stmt"/>
          <line num="16" count="3" type="stmt"/>
          <line num="19" count="3" type="stmt"/>
          <line num="23" count="1" type="stmt"/>
          <line num="26" count="7" type="cond" truecount="2" falsecount="0"/>
          <line num="33" count="2" type="stmt"/>
          <line num="36" count="2" type="stmt"/>
          <line num="37" count="2" type="cond" truecount="2" falsecount="0"/>
          <line num="38" count="1" type="stmt"/>
          <line num="39" count="1" type="stmt"/>
          <line num="40" count="1" type="stmt"/>
          <line num="45" count="3" type="stmt"/>
        </file>
        <file name="EditUserPersonalProfile.vue" path="/Users/stelli/Desktop/Blibli Future Phase 2/reims-vue-cli-pwa/src/views/EditUserPersonalProfile.vue">
          <metrics statements="21" coveredstatements="21" conditionals="6" coveredconditionals="6" methods="3" coveredmethods="3"/>
          <line num="1" count="1" type="stmt"/>
          <line num="2" count="1" type="stmt"/>
          <line num="3" count="1" type="stmt"/>
          <line num="15" count="1" type="stmt"/>
          <line num="20" count="1" type="stmt"/>
          <line num="26" count="3" type="stmt"/>
          <line num="36" count="3" type="stmt"/>
          <line num="39" count="3" type="stmt"/>
          <line num="42" count="3" type="stmt"/>
          <line num="46" count="1" type="stmt"/>
          <line num="49" count="5" type="cond" truecount="2" falsecount="0"/>
          <line num="58" count="2" type="stmt"/>
          <line num="59" count="2" type="cond" truecount="2" falsecount="0"/>
          <line num="60" count="1" type="stmt"/>
          <line num="61" count="1" type="stmt"/>
          <line num="62" count="1" type="stmt"/>
          <line num="66" count="3" type="cond" truecount="2" falsecount="0"/>
          <line num="67" count="1" type="stmt"/>
          <line num="68" count="1" type="stmt"/>
          <line num="72" count="2" type="stmt"/>
          <line num="76" count="6" type="stmt"/>
        </file>
        <file name="HomePage.vue" path="/Users/stelli/Desktop/Blibli Future Phase 2/reims-vue-cli-pwa/src/views/HomePage.vue">
          <metrics statements="20" coveredstatements="20" conditionals="6" coveredconditionals="6" methods="6" coveredmethods="3"/>
          <line num="1" count="1" type="stmt"/>
          <line num="2" count="1" type="stmt"/>
          <line num="3" count="1" type="stmt"/>
          <line num="4" count="3" type="stmt"/>
          <line num="5" count="1" type="stmt"/>
          <line num="15" count="7" type="stmt"/>
          <line num="28" count="8" type="stmt"/>
          <line num="36" count="2" type="stmt"/>
          <line num="39" count="1" type="stmt"/>
          <line num="42" count="14" type="stmt"/>
          <line num="43" count="14" type="cond" truecount="2" falsecount="0"/>
          <line num="44" count="1" type="stmt"/>
          <line num="49" count="1" type="stmt"/>
          <line num="52" count="1" type="stmt"/>
          <line num="53" count="1" type="stmt"/>
          <line num="57" count="1" type="stmt"/>
          <line num="60" count="1" type="stmt"/>
          <line num="65" count="6" type="stmt"/>
          <line num="69" count="7" type="stmt"/>
          <line num="70" count="7" type="stmt"/>
        </file>
        <file name="LoginPage.vue" path="/Users/stelli/Desktop/Blibli Future Phase 2/reims-vue-cli-pwa/src/views/LoginPage.vue">
          <metrics statements="8" coveredstatements="8" conditionals="2" coveredconditionals="1" methods="1" coveredmethods="1"/>
          <line num="1" count="1" type="stmt"/>
          <line num="2" count="1" type="stmt"/>
          <line num="4" count="1" type="stmt"/>
          <line num="17" count="1" type="stmt"/>
          <line num="32" count="1" type="stmt"/>
          <line num="33" count="1" type="cond" truecount="1" falsecount="1"/>
          <line num="34" count="1" type="stmt"/>
          <line num="35" count="1" type="stmt"/>
        </file>
        <file name="ManageUser.vue" path="/Users/stelli/Desktop/Blibli Future Phase 2/reims-vue-cli-pwa/src/views/ManageUser.vue">
          <metrics statements="17" coveredstatements="17" conditionals="6" coveredconditionals="6" methods="3" coveredmethods="1"/>
          <line num="1" count="1" type="stmt"/>
          <line num="2" count="1" type="stmt"/>
          <line num="4" count="1" type="stmt"/>
          <line num="13" count="10" type="stmt"/>
          <line num="25" count="1" type="stmt"/>
          <line num="28" count="10" type="stmt"/>
          <line num="31" count="1" type="stmt"/>
          <line num="32" count="1" type="stmt"/>
          <line num="33" count="1" type="stmt"/>
          <line num="36" count="1" type="stmt"/>
          <line num="37" count="1" type="stmt"/>
          <line num="38" count="1" type="stmt"/>
          <line num="41" count="1" type="stmt"/>
          <line num="42" count="1" type="stmt"/>
          <line num="48" count="6" type="stmt"/>
          <line num="52" count="4" type="stmt"/>
          <line num="53" count="4" type="stmt"/>
        </file>
        <file name="TransactionDetail.vue" path="/Users/stelli/Desktop/Blibli Future Phase 2/reims-vue-cli-pwa/src/views/TransactionDetail.vue">
          <metrics statements="13" coveredstatements="13" conditionals="6" coveredconditionals="3" methods="3" coveredmethods="1"/>
          <line num="1" count="1" type="stmt"/>
          <line num="2" count="1" type="stmt"/>
          <line num="4" count="1" type="stmt"/>
          <line num="11" count="3" type="stmt"/>
          <line num="18" count="3" type="stmt"/>
          <line num="21" count="3" type="stmt"/>
          <line num="24" count="3" type="cond" truecount="1" falsecount="1"/>
          <line num="29" count="3" type="cond" truecount="1" falsecount="1"/>
          <line num="32" count="3" type="cond" truecount="1" falsecount="1"/>
          <line num="35" count="3" type="stmt"/>
          <line num="42" count="3" type="stmt"/>
          <line num="43" count="3" type="stmt"/>
          <line num="44" count="3" type="stmt"/>
        </file>
        <file name="UserDetail.vue" path="/Users/stelli/Desktop/Blibli Future Phase 2/reims-vue-cli-pwa/src/views/UserDetail.vue">
          <metrics statements="7" coveredstatements="7" conditionals="2" coveredconditionals="1" methods="0" coveredmethods="0"/>
          <line num="1" count="1" type="stmt"/>
          <line num="2" count="1" type="stmt"/>
          <line num="10" count="1" type="stmt"/>
          <line num="24" count="2" type="stmt"/>
          <line num="29" count="1" type="stmt"/>
          <line num="30" count="1" type="stmt"/>
          <line num="36" count="1" type="cond" truecount="1" falsecount="1"/>
        </file>
      </package>
    </metrics>
  </project>
</coverage>
