{"/Users/stelli/Desktop/Blibli Future Phase 2/reims-vue-cli-pwa/src/App.vue": {"path":"/Users/stelli/Desktop/Blibli Future Phase 2/reims-vue-cli-pwa/src/App.vue","statementMap":{"0":{"start":{"line":1,"column":0},"end":{"line":null,"column":-1}},"1":{"start":{"line":2,"column":0},"end":{"line":null,"column":-1}},"2":{"start":{"line":3,"column":0},"end":{"line":null,"column":-1}},"3":{"start":{"line":4,"column":0},"end":{"line":null,"column":-1}},"4":{"start":{"line":6,"column":0},"end":{"line":null,"column":-1}},"5":{"start":{"line":7,"column":0},"end":{"line":null,"column":-1}},"6":{"start":{"line":11,"column":0},"end":{"line":null,"column":-1}},"7":{"start":{"line":23,"column":0},"end":{"line":25,"column":0}},"8":{"start":{"line":24,"column":0},"end":{"line":null,"column":-1}},"9":{"start":{"line":28,"column":0},"end":{"line":null,"column":-1}},"10":{"start":{"line":31,"column":0},"end":{"line":36,"column":0}},"11":{"start":{"line":35,"column":0},"end":{"line":null,"column":-1}},"12":{"start":{"line":38,"column":0},"end":{"line":44,"column":0}},"13":{"start":{"line":41,"column":0},"end":{"line":43,"column":0}},"14":{"start":{"line":42,"column":0},"end":{"line":null,"column":-1}},"15":{"start":{"line":45,"column":0},"end":{"line":50,"column":0}},"16":{"start":{"line":46,"column":0},"end":{"line":null,"column":-1}},"17":{"start":{"line":47,"column":0},"end":{"line":null,"column":-1}},"18":{"start":{"line":49,"column":0},"end":{"line":null,"column":-1}},"19":{"start":{"line":53,"column":0},"end":{"line":59,"column":0}},"20":{"start":{"line":54,"column":0},"end":{"line":null,"column":-1}},"21":{"start":{"line":55,"column":0},"end":{"line":59,"column":0}},"22":{"start":{"line":56,"column":0},"end":{"line":null,"column":-1}},"23":{"start":{"line":57,"column":0},"end":{"line":59,"column":0}},"24":{"start":{"line":58,"column":0},"end":{"line":null,"column":-1}},"25":{"start":{"line":62,"column":0},"end":{"line":null,"column":-1}},"26":{"start":{"line":65,"column":0},"end":{"line":null,"column":-1}},"27":{"start":{"line":68,"column":0},"end":{"line":76,"column":0}},"28":{"start":{"line":69,"column":0},"end":{"line":75,"column":0}},"29":{"start":{"line":72,"column":0},"end":{"line":null,"column":-1}},"30":{"start":{"line":73,"column":0},"end":{"line":null,"column":-1}},"31":{"start":{"line":74,"column":0},"end":{"line":null,"column":-1}},"32":{"start":{"line":79,"column":0},"end":{"line":87,"column":0}},"33":{"start":{"line":81,"column":0},"end":{"line":86,"column":0}},"34":{"start":{"line":84,"column":0},"end":{"line":null,"column":-1}},"35":{"start":{"line":85,"column":0},"end":{"line":null,"column":-1}},"36":{"start":{"line":91,"column":0},"end":{"line":null,"column":-1}},"37":{"start":{"line":92,"column":0},"end":{"line":105,"column":0}},"38":{"start":{"line":95,"column":0},"end":{"line":null,"column":-1}},"39":{"start":{"line":99,"column":0},"end":{"line":null,"column":-1}},"40":{"start":{"line":101,"column":0},"end":{"line":null,"column":-1}},"41":{"start":{"line":102,"column":0},"end":{"line":null,"column":-1}},"42":{"start":{"line":108,"column":0},"end":{"line":null,"column":-1}},"43":{"start":{"line":113,"column":0},"end":{"line":null,"column":-1}},"44":{"start":{"line":116,"column":0},"end":{"line":null,"column":-1}},"45":{"start":{"line":117,"column":0},"end":{"line":null,"column":-1}},"46":{"start":{"line":118,"column":0},"end":{"line":125,"column":0}},"47":{"start":{"line":119,"column":0},"end":{"line":null,"column":-1}},"48":{"start":{"line":120,"column":0},"end":{"line":null,"column":-1}},"49":{"start":{"line":121,"column":0},"end":{"line":null,"column":-1}},"50":{"start":{"line":122,"column":0},"end":{"line":null,"column":-1}},"51":{"start":{"line":123,"column":0},"end":{"line":null,"column":-1}},"52":{"start":{"line":124,"column":0},"end":{"line":null,"column":-1}},"53":{"start":{"line":128,"column":0},"end":{"line":null,"column":-1}},"54":{"start":{"line":132,"column":0},"end":{"line":null,"column":-1}},"55":{"start":{"line":135,"column":0},"end":{"line":null,"column":-1}},"56":{"start":{"line":139,"column":0},"end":{"line":null,"column":-1}},"57":{"start":{"line":146,"column":0},"end":{"line":null,"column":-1}},"58":{"start":{"line":149,"column":0},"end":{"line":null,"column":-1}}},"fnMap":{"0":{"name":"(anonymous_1)","decl":{"start":{"line":23,"column":0},"end":{"line":null,"column":-1}},"loc":{"start":{"line":23,"column":0},"end":{"line":25,"column":0}}},"1":{"name":"(anonymous_2)","decl":{"start":{"line":31,"column":0},"end":{"line":null,"column":-1}},"loc":{"start":{"line":31,"column":0},"end":{"line":36,"column":0}}},"2":{"name":"(anonymous_4)","decl":{"start":{"line":38,"column":0},"end":{"line":null,"column":-1}},"loc":{"start":{"line":38,"column":0},"end":{"line":44,"column":0}}},"3":{"name":"(anonymous_5)","decl":{"start":{"line":41,"column":0},"end":{"line":null,"column":-1}},"loc":{"start":{"line":41,"column":0},"end":{"line":43,"column":0}}},"4":{"name":"(anonymous_6)","decl":{"start":{"line":62,"column":0},"end":{"line":null,"column":-1}},"loc":{"start":{"line":62,"column":0},"end":{"line":null,"column":-1}}},"5":{"name":"(anonymous_7)","decl":{"start":{"line":65,"column":0},"end":{"line":null,"column":-1}},"loc":{"start":{"line":65,"column":0},"end":{"line":null,"column":-1}}},"6":{"name":"(anonymous_8)","decl":{"start":{"line":68,"column":0},"end":{"line":null,"column":-1}},"loc":{"start":{"line":68,"column":0},"end":{"line":76,"column":0}}},"7":{"name":"(anonymous_9)","decl":{"start":{"line":69,"column":0},"end":{"line":null,"column":-1}},"loc":{"start":{"line":69,"column":0},"end":{"line":75,"column":0}}},"8":{"name":"(anonymous_10)","decl":{"start":{"line":79,"column":0},"end":{"line":null,"column":-1}},"loc":{"start":{"line":79,"column":0},"end":{"line":87,"column":0}}},"9":{"name":"(anonymous_11)","decl":{"start":{"line":81,"column":0},"end":{"line":null,"column":-1}},"loc":{"start":{"line":81,"column":0},"end":{"line":86,"column":0}}},"10":{"name":"(anonymous_12)","decl":{"start":{"line":92,"column":0},"end":{"line":null,"column":-1}},"loc":{"start":{"line":92,"column":0},"end":{"line":105,"column":0}}},"11":{"name":"(anonymous_13)","decl":{"start":{"line":100,"column":0},"end":{"line":null,"column":-1}},"loc":{"start":{"line":100,"column":0},"end":{"line":103,"column":0}}},"12":{"name":"(anonymous_14)","decl":{"start":{"line":118,"column":0},"end":{"line":null,"column":-1}},"loc":{"start":{"line":118,"column":0},"end":{"line":125,"column":0}}}},"branchMap":{"0":{"loc":{"start":{"line":24,"column":0},"end":{"line":null,"column":-1}},"type":"cond-expr","locations":[{"start":{"line":24,"column":0},"end":{"line":null,"column":-1}},{"start":{"line":24,"column":0},"end":{"line":null,"column":-1}}]},"1":{"loc":{"start":{"line":45,"column":0},"end":{"line":50,"column":0}},"type":"if","locations":[{"start":{"line":45,"column":0},"end":{"line":50,"column":0}},{"start":{"line":45,"column":0},"end":{"line":50,"column":0}}]},"2":{"loc":{"start":{"line":45,"column":0},"end":{"line":null,"column":-1}},"type":"binary-expr","locations":[{"start":{"line":45,"column":0},"end":{"line":null,"column":-1}},{"start":{"line":45,"column":0},"end":{"line":null,"column":-1}}]},"3":{"loc":{"start":{"line":53,"column":0},"end":{"line":59,"column":0}},"type":"if","locations":[{"start":{"line":53,"column":0},"end":{"line":59,"column":0}},{"start":{"line":53,"column":0},"end":{"line":59,"column":0}}]},"4":{"loc":{"start":{"line":53,"column":0},"end":{"line":null,"column":-1}},"type":"binary-expr","locations":[{"start":{"line":53,"column":0},"end":{"line":null,"column":-1}},{"start":{"line":53,"column":0},"end":{"line":null,"column":-1}}]},"5":{"loc":{"start":{"line":55,"column":0},"end":{"line":59,"column":0}},"type":"if","locations":[{"start":{"line":55,"column":0},"end":{"line":59,"column":0}},{"start":{"line":55,"column":0},"end":{"line":59,"column":0}}]},"6":{"loc":{"start":{"line":55,"column":0},"end":{"line":null,"column":-1}},"type":"binary-expr","locations":[{"start":{"line":55,"column":0},"end":{"line":null,"column":-1}},{"start":{"line":55,"column":0},"end":{"line":null,"column":-1}}]},"7":{"loc":{"start":{"line":57,"column":0},"end":{"line":59,"column":0}},"type":"if","locations":[{"start":{"line":57,"column":0},"end":{"line":59,"column":0}},{"start":{"line":57,"column":0},"end":{"line":59,"column":0}}]},"8":{"loc":{"start":{"line":57,"column":0},"end":{"line":null,"column":-1}},"type":"binary-expr","locations":[{"start":{"line":57,"column":0},"end":{"line":null,"column":-1}},{"start":{"line":57,"column":0},"end":{"line":null,"column":-1}}]},"9":{"loc":{"start":{"line":91,"column":0},"end":{"line":null,"column":-1}},"type":"if","locations":[{"start":{"line":91,"column":0},"end":{"line":null,"column":-1}},{"start":{"line":91,"column":0},"end":{"line":null,"column":-1}}]}},"s":{"0":1,"1":1,"2":1,"3":1,"4":1,"5":1,"6":6,"7":6,"8":0,"9":1,"10":0,"11":0,"12":0,"13":0,"14":0,"15":0,"16":0,"17":0,"18":0,"19":0,"20":0,"21":0,"22":0,"23":0,"24":0,"25":2,"26":2,"27":0,"28":0,"29":0,"30":0,"31":0,"32":0,"33":0,"34":0,"35":0,"36":0,"37":0,"38":0,"39":0,"40":0,"41":0,"42":1,"43":0,"44":0,"45":0,"46":0,"47":0,"48":0,"49":0,"50":0,"51":0,"52":0,"53":1,"54":1,"55":1,"56":1,"57":6,"58":0},"f":{"0":0,"1":0,"2":0,"3":0,"4":1,"5":1,"6":0,"7":0,"8":0,"9":0,"10":0,"11":0,"12":0},"b":{"0":[0,0],"1":[0,0],"2":[0,0],"3":[0,0],"4":[0,0],"5":[0,0],"6":[0,0],"7":[0,0],"8":[0,0],"9":[0,0]}}
,"/Users/stelli/Desktop/Blibli Future Phase 2/reims-vue-cli-pwa/src/components/CropImage.vue": {"path":"/Users/stelli/Desktop/Blibli Future Phase 2/reims-vue-cli-pwa/src/components/CropImage.vue","statementMap":{"0":{"start":{"line":1,"column":0},"end":{"line":null,"column":-1}},"1":{"start":{"line":5,"column":0},"end":{"line":null,"column":-1}},"2":{"start":{"line":14,"column":0},"end":{"line":16,"column":0}},"3":{"start":{"line":15,"column":0},"end":{"line":null,"column":-1}},"4":{"start":{"line":19,"column":0},"end":{"line":null,"column":-1}},"5":{"start":{"line":22,"column":0},"end":{"line":null,"column":-1}},"6":{"start":{"line":25,"column":0},"end":{"line":null,"column":-1}},"7":{"start":{"line":28,"column":0},"end":{"line":null,"column":-1}}},"fnMap":{},"branchMap":{"0":{"loc":{"start":{"line":14,"column":0},"end":{"line":16,"column":0}},"type":"if","locations":[{"start":{"line":14,"column":0},"end":{"line":16,"column":0}},{"start":{"line":14,"column":0},"end":{"line":16,"column":0}}]}},"s":{"0":1,"1":5,"2":2,"3":2,"4":1,"5":1,"6":1,"7":1},"f":{},"b":{"0":[2,0]}}
,"/Users/stelli/Desktop/Blibli Future Phase 2/reims-vue-cli-pwa/src/components/FilterImage.vue": {"path":"/Users/stelli/Desktop/Blibli Future Phase 2/reims-vue-cli-pwa/src/components/FilterImage.vue","statementMap":{"0":{"start":{"line":1,"column":0},"end":{"line":null,"column":-1}},"1":{"start":{"line":12,"column":0},"end":{"line":null,"column":-1}},"2":{"start":{"line":20,"column":0},"end":{"line":null,"column":-1}},"3":{"start":{"line":24,"column":0},"end":{"line":26,"column":0}},"4":{"start":{"line":25,"column":0},"end":{"line":null,"column":-1}},"5":{"start":{"line":27,"column":0},"end":{"line":null,"column":-1}},"6":{"start":{"line":37,"column":0},"end":{"line":null,"column":-1}},"7":{"start":{"line":39,"column":0},"end":{"line":null,"column":-1}},"8":{"start":{"line":40,"column":0},"end":{"line":null,"column":-1}},"9":{"start":{"line":41,"column":0},"end":{"line":46,"column":0}},"10":{"start":{"line":42,"column":0},"end":{"line":45,"column":0}},"11":{"start":{"line":43,"column":0},"end":{"line":null,"column":-1}},"12":{"start":{"line":47,"column":0},"end":{"line":null,"column":-1}},"13":{"start":{"line":50,"column":0},"end":{"line":null,"column":-1}},"14":{"start":{"line":57,"column":0},"end":{"line":null,"column":-1}},"15":{"start":{"line":58,"column":0},"end":{"line":null,"column":-1}},"16":{"start":{"line":59,"column":0},"end":{"line":null,"column":-1}},"17":{"start":{"line":61,"column":0},"end":{"line":null,"column":-1}},"18":{"start":{"line":62,"column":0},"end":{"line":null,"column":-1}},"19":{"start":{"line":63,"column":0},"end":{"line":null,"column":-1}},"20":{"start":{"line":64,"column":0},"end":{"line":null,"column":-1}},"21":{"start":{"line":65,"column":0},"end":{"line":null,"column":-1}},"22":{"start":{"line":66,"column":0},"end":{"line":null,"column":-1}},"23":{"start":{"line":67,"column":0},"end":{"line":null,"column":-1}},"24":{"start":{"line":68,"column":0},"end":{"line":null,"column":-1}},"25":{"start":{"line":71,"column":0},"end":{"line":null,"column":-1}},"26":{"start":{"line":74,"column":0},"end":{"line":90,"column":0}},"27":{"start":{"line":76,"column":0},"end":{"line":null,"column":-1}},"28":{"start":{"line":80,"column":0},"end":{"line":null,"column":-1}},"29":{"start":{"line":83,"column":0},"end":{"line":null,"column":-1}},"30":{"start":{"line":84,"column":0},"end":{"line":null,"column":-1}},"31":{"start":{"line":89,"column":0},"end":{"line":null,"column":-1}},"32":{"start":{"line":91,"column":0},"end":{"line":null,"column":-1}}},"fnMap":{"0":{"name":"(anonymous_1)","decl":{"start":{"line":74,"column":0},"end":{"line":null,"column":-1}},"loc":{"start":{"line":74,"column":0},"end":{"line":81,"column":0}}},"1":{"name":"(anonymous_2)","decl":{"start":{"line":81,"column":0},"end":{"line":null,"column":-1}},"loc":{"start":{"line":81,"column":0},"end":{"line":90,"column":0}}}},"branchMap":{"0":{"loc":{"start":{"line":24,"column":0},"end":{"line":26,"column":0}},"type":"if","locations":[{"start":{"line":24,"column":0},"end":{"line":26,"column":0}},{"start":{"line":24,"column":0},"end":{"line":26,"column":0}}]},"1":{"loc":{"start":{"line":42,"column":0},"end":{"line":45,"column":0}},"type":"if","locations":[{"start":{"line":42,"column":0},"end":{"line":45,"column":0}},{"start":{"line":42,"column":0},"end":{"line":45,"column":0}}]}},"s":{"0":1,"1":4,"2":5,"3":4,"4":1,"5":4,"6":7,"7":7,"8":7,"9":7,"10":21,"11":9,"12":7,"13":11,"14":2,"15":2,"16":2,"17":2,"18":2,"19":2,"20":2,"21":2,"22":2,"23":2,"24":2,"25":4,"26":4,"27":1,"28":1,"29":3,"30":3,"31":3,"32":4},"f":{"0":1,"1":3},"b":{"0":[1,3],"1":[9,12]}}
,"/Users/stelli/Desktop/Blibli Future Phase 2/reims-vue-cli-pwa/src/components/FloatingActionButton.vue": {"path":"/Users/stelli/Desktop/Blibli Future Phase 2/reims-vue-cli-pwa/src/components/FloatingActionButton.vue","statementMap":{"0":{"start":{"line":1,"column":0},"end":{"line":null,"column":-1}},"1":{"start":{"line":4,"column":0},"end":{"line":null,"column":-1}},"2":{"start":{"line":11,"column":0},"end":{"line":null,"column":-1}},"3":{"start":{"line":12,"column":0},"end":{"line":null,"column":-1}},"4":{"start":{"line":15,"column":0},"end":{"line":null,"column":-1}},"5":{"start":{"line":16,"column":0},"end":{"line":null,"column":-1}},"6":{"start":{"line":17,"column":0},"end":{"line":null,"column":-1}}},"fnMap":{},"branchMap":{},"s":{"0":2,"1":10,"2":1,"3":1,"4":1,"5":1,"6":1},"f":{},"b":{}}
,"/Users/stelli/Desktop/Blibli Future Phase 2/reims-vue-cli-pwa/src/components/FuelForm.vue": {"path":"/Users/stelli/Desktop/Blibli Future Phase 2/reims-vue-cli-pwa/src/components/FuelForm.vue","statementMap":{"0":{"start":{"line":1,"column":0},"end":{"line":null,"column":-1}},"1":{"start":{"line":2,"column":0},"end":{"line":null,"column":-1}},"2":{"start":{"line":3,"column":0},"end":{"line":null,"column":-1}},"3":{"start":{"line":5,"column":0},"end":{"line":null,"column":-1}},"4":{"start":{"line":16,"column":0},"end":{"line":null,"column":-1}},"5":{"start":{"line":23,"column":0},"end":{"line":null,"column":-1}},"6":{"start":{"line":27,"column":0},"end":{"line":null,"column":-1}},"7":{"start":{"line":37,"column":0},"end":{"line":null,"column":-1}},"8":{"start":{"line":49,"column":0},"end":{"line":null,"column":-1}},"9":{"start":{"line":52,"column":0},"end":{"line":null,"column":-1}},"10":{"start":{"line":59,"column":0},"end":{"line":null,"column":-1}},"11":{"start":{"line":60,"column":0},"end":{"line":62,"column":0}},"12":{"start":{"line":61,"column":0},"end":{"line":null,"column":-1}},"13":{"start":{"line":63,"column":0},"end":{"line":null,"column":-1}},"14":{"start":{"line":66,"column":0},"end":{"line":null,"column":-1}},"15":{"start":{"line":69,"column":0},"end":{"line":null,"column":-1}},"16":{"start":{"line":74,"column":0},"end":{"line":null,"column":-1}},"17":{"start":{"line":78,"column":0},"end":{"line":null,"column":-1}},"18":{"start":{"line":81,"column":0},"end":{"line":null,"column":-1}},"19":{"start":{"line":89,"column":0},"end":{"line":null,"column":-1}},"20":{"start":{"line":92,"column":0},"end":{"line":null,"column":-1}},"21":{"start":{"line":93,"column":0},"end":{"line":113,"column":0}},"22":{"start":{"line":94,"column":0},"end":{"line":null,"column":-1}},"23":{"start":{"line":95,"column":0},"end":{"line":null,"column":-1}},"24":{"start":{"line":96,"column":0},"end":{"line":null,"column":-1}},"25":{"start":{"line":97,"column":0},"end":{"line":112,"column":0}},"26":{"start":{"line":99,"column":0},"end":{"line":null,"column":-1}},"27":{"start":{"line":103,"column":0},"end":{"line":null,"column":-1}},"28":{"start":{"line":106,"column":0},"end":{"line":null,"column":-1}},"29":{"start":{"line":111,"column":0},"end":{"line":null,"column":-1}},"30":{"start":{"line":116,"column":0},"end":{"line":null,"column":-1}},"31":{"start":{"line":119,"column":0},"end":{"line":null,"column":-1}}},"fnMap":{"0":{"name":"(anonymous_1)","decl":{"start":{"line":97,"column":0},"end":{"line":null,"column":-1}},"loc":{"start":{"line":97,"column":0},"end":{"line":104,"column":0}}},"1":{"name":"(anonymous_2)","decl":{"start":{"line":104,"column":0},"end":{"line":null,"column":-1}},"loc":{"start":{"line":104,"column":0},"end":{"line":112,"column":0}}}},"branchMap":{"0":{"loc":{"start":{"line":60,"column":0},"end":{"line":62,"column":0}},"type":"if","locations":[{"start":{"line":60,"column":0},"end":{"line":62,"column":0}},{"start":{"line":60,"column":0},"end":{"line":62,"column":0}}]},"1":{"loc":{"start":{"line":61,"column":0},"end":{"line":null,"column":-1}},"type":"binary-expr","locations":[{"start":{"line":61,"column":0},"end":{"line":null,"column":-1}},{"start":{"line":61,"column":0},"end":{"line":null,"column":-1}}]},"2":{"loc":{"start":{"line":63,"column":0},"end":{"line":null,"column":-1}},"type":"binary-expr","locations":[{"start":{"line":63,"column":0},"end":{"line":null,"column":-1}},{"start":{"line":63,"column":0},"end":{"line":null,"column":-1}}]},"3":{"loc":{"start":{"line":66,"column":0},"end":{"line":null,"column":-1}},"type":"cond-expr","locations":[{"start":{"line":66,"column":0},"end":{"line":null,"column":-1}},{"start":{"line":66,"column":0},"end":{"line":null,"column":-1}}]},"4":{"loc":{"start":{"line":69,"column":0},"end":{"line":null,"column":-1}},"type":"cond-expr","locations":[{"start":{"line":69,"column":0},"end":{"line":null,"column":-1}},{"start":{"line":69,"column":0},"end":{"line":null,"column":-1}}]},"5":{"loc":{"start":{"line":81,"column":0},"end":{"line":null,"column":-1}},"type":"cond-expr","locations":[{"start":{"line":81,"column":0},"end":{"line":null,"column":-1}},{"start":{"line":81,"column":0},"end":{"line":null,"column":-1}}]},"6":{"loc":{"start":{"line":93,"column":0},"end":{"line":113,"column":0}},"type":"if","locations":[{"start":{"line":93,"column":0},"end":{"line":113,"column":0}},{"start":{"line":93,"column":0},"end":{"line":113,"column":0}}]}},"s":{"0":2,"1":2,"2":2,"3":2,"4":8,"5":15,"6":15,"7":6,"8":2,"9":15,"10":17,"11":17,"12":6,"13":11,"14":15,"15":15,"16":6,"17":1,"18":15,"19":1,"20":0,"21":0,"22":0,"23":0,"24":0,"25":0,"26":0,"27":0,"28":0,"29":0,"30":1,"31":1},"f":{"0":0,"1":0},"b":{"0":[6,11],"1":[6,0],"2":[11,0],"3":[15,0],"4":[0,15],"5":[15,0],"6":[0,0]}}
,"/Users/stelli/Desktop/Blibli Future Phase 2/reims-vue-cli-pwa/src/components/NotificationBar.vue": {"path":"/Users/stelli/Desktop/Blibli Future Phase 2/reims-vue-cli-pwa/src/components/NotificationBar.vue","statementMap":{"0":{"start":{"line":1,"column":0},"end":{"line":null,"column":-1}},"1":{"start":{"line":4,"column":0},"end":{"line":null,"column":-1}},"2":{"start":{"line":9,"column":0},"end":{"line":null,"column":-1}},"3":{"start":{"line":15,"column":0},"end":{"line":null,"column":-1}},"4":{"start":{"line":25,"column":0},"end":{"line":null,"column":-1}}},"fnMap":{"0":{"name":"(anonymous_1)","decl":{"start":{"line":9,"column":0},"end":{"line":null,"column":-1}},"loc":{"start":{"line":9,"column":0},"end":{"line":null,"column":-1}}}},"branchMap":{},"s":{"0":1,"1":2,"2":3,"3":1,"4":2},"f":{"0":1},"b":{}}
,"/Users/stelli/Desktop/Blibli Future Phase 2/reims-vue-cli-pwa/src/components/NotificationContainer.vue": {"path":"/Users/stelli/Desktop/Blibli Future Phase 2/reims-vue-cli-pwa/src/components/NotificationContainer.vue","statementMap":{"0":{"start":{"line":2,"column":0},"end":{"line":null,"column":-1}},"1":{"start":{"line":1,"column":0},"end":{"line":null,"column":-1}}},"fnMap":{"0":{"name":"(anonymous_1)","decl":{"start":{"line":1,"column":0},"end":{"line":null,"column":-1}},"loc":{"start":{"line":1,"column":0},"end":{"line":null,"column":-1}}}},"branchMap":{},"s":{"0":2,"1":2},"f":{"0":0},"b":{}}
,"/Users/stelli/Desktop/Blibli Future Phase 2/reims-vue-cli-pwa/src/components/Pagination.vue": {"path":"/Users/stelli/Desktop/Blibli Future Phase 2/reims-vue-cli-pwa/src/components/Pagination.vue","statementMap":{"0":{"start":{"line":6,"column":0},"end":{"line":null,"column":-1}},"1":{"start":{"line":12,"column":0},"end":{"line":null,"column":-1}},"2":{"start":{"line":13,"column":0},"end":{"line":null,"column":-1}},"3":{"start":{"line":18,"column":0},"end":{"line":null,"column":-1}}},"fnMap":{},"branchMap":{"0":{"loc":{"start":{"line":7,"column":0},"end":{"line":null,"column":-1}},"type":"binary-expr","locations":[{"start":{"line":7,"column":0},"end":{"line":null,"column":-1}},{"start":{"line":7,"column":0},"end":{"line":null,"column":-1}}]}},"s":{"0":2,"1":1,"2":1,"3":1},"f":{},"b":{"0":[2,2]}}
,"/Users/stelli/Desktop/Blibli Future Phase 2/reims-vue-cli-pwa/src/components/ParkingForm.vue": {"path":"/Users/stelli/Desktop/Blibli Future Phase 2/reims-vue-cli-pwa/src/components/ParkingForm.vue","statementMap":{"0":{"start":{"line":1,"column":0},"end":{"line":null,"column":-1}},"1":{"start":{"line":2,"column":0},"end":{"line":null,"column":-1}},"2":{"start":{"line":3,"column":0},"end":{"line":null,"column":-1}},"3":{"start":{"line":14,"column":0},"end":{"line":null,"column":-1}},"4":{"start":{"line":18,"column":0},"end":{"line":null,"column":-1}},"5":{"start":{"line":31,"column":0},"end":{"line":null,"column":-1}},"6":{"start":{"line":43,"column":0},"end":{"line":null,"column":-1}},"7":{"start":{"line":46,"column":0},"end":{"line":null,"column":-1}},"8":{"start":{"line":53,"column":0},"end":{"line":null,"column":-1}},"9":{"start":{"line":59,"column":0},"end":{"line":null,"column":-1}},"10":{"start":{"line":62,"column":0},"end":{"line":null,"column":-1}},"11":{"start":{"line":69,"column":0},"end":{"line":null,"column":-1}},"12":{"start":{"line":72,"column":0},"end":{"line":null,"column":-1}},"13":{"start":{"line":76,"column":0},"end":{"line":null,"column":-1}},"14":{"start":{"line":83,"column":0},"end":{"line":null,"column":-1}},"15":{"start":{"line":86,"column":0},"end":{"line":null,"column":-1}},"16":{"start":{"line":87,"column":0},"end":{"line":107,"column":0}},"17":{"start":{"line":88,"column":0},"end":{"line":null,"column":-1}},"18":{"start":{"line":89,"column":0},"end":{"line":null,"column":-1}},"19":{"start":{"line":90,"column":0},"end":{"line":null,"column":-1}},"20":{"start":{"line":91,"column":0},"end":{"line":106,"column":0}},"21":{"start":{"line":93,"column":0},"end":{"line":null,"column":-1}},"22":{"start":{"line":97,"column":0},"end":{"line":null,"column":-1}},"23":{"start":{"line":100,"column":0},"end":{"line":null,"column":-1}},"24":{"start":{"line":105,"column":0},"end":{"line":null,"column":-1}},"25":{"start":{"line":110,"column":0},"end":{"line":null,"column":-1}},"26":{"start":{"line":113,"column":0},"end":{"line":null,"column":-1}},"27":{"start":{"line":120,"column":0},"end":{"line":null,"column":-1}}},"fnMap":{"0":{"name":"(anonymous_1)","decl":{"start":{"line":91,"column":0},"end":{"line":null,"column":-1}},"loc":{"start":{"line":91,"column":0},"end":{"line":98,"column":0}}},"1":{"name":"(anonymous_2)","decl":{"start":{"line":98,"column":0},"end":{"line":null,"column":-1}},"loc":{"start":{"line":98,"column":0},"end":{"line":106,"column":0}}}},"branchMap":{"0":{"loc":{"start":{"line":53,"column":0},"end":{"line":null,"column":-1}},"type":"cond-expr","locations":[{"start":{"line":53,"column":0},"end":{"line":null,"column":-1}},{"start":{"line":53,"column":0},"end":{"line":null,"column":-1}}]},"1":{"loc":{"start":{"line":62,"column":0},"end":{"line":null,"column":-1}},"type":"cond-expr","locations":[{"start":{"line":62,"column":0},"end":{"line":null,"column":-1}},{"start":{"line":62,"column":0},"end":{"line":null,"column":-1}}]},"2":{"loc":{"start":{"line":72,"column":0},"end":{"line":null,"column":-1}},"type":"cond-expr","locations":[{"start":{"line":72,"column":0},"end":{"line":null,"column":-1}},{"start":{"line":72,"column":0},"end":{"line":null,"column":-1}}]},"3":{"loc":{"start":{"line":87,"column":0},"end":{"line":107,"column":0}},"type":"if","locations":[{"start":{"line":87,"column":0},"end":{"line":107,"column":0}},{"start":{"line":87,"column":0},"end":{"line":107,"column":0}}]}},"s":{"0":2,"1":2,"2":2,"3":16,"4":16,"5":8,"6":1,"7":16,"8":16,"9":1,"10":15,"11":1,"12":8,"13":8,"14":1,"15":0,"16":0,"17":0,"18":0,"19":0,"20":0,"21":0,"22":0,"23":0,"24":0,"25":1,"26":1,"27":1},"f":{"0":0,"1":0},"b":{"0":[0,16],"1":[15,0],"2":[4,4],"3":[0,0]}}
,"/Users/stelli/Desktop/Blibli Future Phase 2/reims-vue-cli-pwa/src/components/SortFilter.vue": {"path":"/Users/stelli/Desktop/Blibli Future Phase 2/reims-vue-cli-pwa/src/components/SortFilter.vue","statementMap":{"0":{"start":{"line":1,"column":0},"end":{"line":null,"column":-1}},"1":{"start":{"line":5,"column":0},"end":{"line":null,"column":-1}},"2":{"start":{"line":13,"column":0},"end":{"line":null,"column":-1}},"3":{"start":{"line":17,"column":0},"end":{"line":null,"column":-1}},"4":{"start":{"line":20,"column":0},"end":{"line":null,"column":-1}},"5":{"start":{"line":27,"column":0},"end":{"line":null,"column":-1}},"6":{"start":{"line":30,"column":0},"end":{"line":null,"column":-1}},"7":{"start":{"line":34,"column":0},"end":{"line":null,"column":-1}},"8":{"start":{"line":37,"column":0},"end":{"line":null,"column":-1}},"9":{"start":{"line":42,"column":0},"end":{"line":null,"column":-1}},"10":{"start":{"line":45,"column":0},"end":{"line":55,"column":0}},"11":{"start":{"line":46,"column":0},"end":{"line":null,"column":-1}},"12":{"start":{"line":49,"column":0},"end":{"line":null,"column":-1}},"13":{"start":{"line":52,"column":0},"end":{"line":null,"column":-1}},"14":{"start":{"line":53,"column":0},"end":{"line":null,"column":-1}},"15":{"start":{"line":54,"column":0},"end":{"line":null,"column":-1}},"16":{"start":{"line":58,"column":0},"end":{"line":null,"column":-1}},"17":{"start":{"line":67,"column":0},"end":{"line":null,"column":-1}},"18":{"start":{"line":70,"column":0},"end":{"line":null,"column":-1}},"19":{"start":{"line":73,"column":0},"end":{"line":null,"column":-1}},"20":{"start":{"line":79,"column":0},"end":{"line":null,"column":-1}},"21":{"start":{"line":80,"column":0},"end":{"line":null,"column":-1}}},"fnMap":{},"branchMap":{"0":{"loc":{"start":{"line":20,"column":0},"end":{"line":null,"column":-1}},"type":"cond-expr","locations":[{"start":{"line":20,"column":0},"end":{"line":null,"column":-1}},{"start":{"line":20,"column":0},"end":{"line":null,"column":-1}}]},"1":{"loc":{"start":{"line":30,"column":0},"end":{"line":null,"column":-1}},"type":"cond-expr","locations":[{"start":{"line":30,"column":0},"end":{"line":null,"column":-1}},{"start":{"line":30,"column":0},"end":{"line":null,"column":-1}}]},"2":{"loc":{"start":{"line":34,"column":0},"end":{"line":null,"column":-1}},"type":"cond-expr","locations":[{"start":{"line":34,"column":0},"end":{"line":null,"column":-1}},{"start":{"line":34,"column":0},"end":{"line":null,"column":-1}}]},"3":{"loc":{"start":{"line":37,"column":0},"end":{"line":null,"column":-1}},"type":"cond-expr","locations":[{"start":{"line":37,"column":0},"end":{"line":null,"column":-1}},{"start":{"line":37,"column":0},"end":{"line":null,"column":-1}}]},"4":{"loc":{"start":{"line":45,"column":0},"end":{"line":55,"column":0}},"type":"if","locations":[{"start":{"line":45,"column":0},"end":{"line":55,"column":0}},{"start":{"line":45,"column":0},"end":{"line":55,"column":0}}]},"5":{"loc":{"start":{"line":45,"column":0},"end":{"line":null,"column":-1}},"type":"binary-expr","locations":[{"start":{"line":45,"column":0},"end":{"line":null,"column":-1}},{"start":{"line":45,"column":0},"end":{"line":null,"column":-1}}]},"6":{"loc":{"start":{"line":46,"column":0},"end":{"line":null,"column":-1}},"type":"cond-expr","locations":[{"start":{"line":46,"column":0},"end":{"line":null,"column":-1}},{"start":{"line":46,"column":0},"end":{"line":null,"column":-1}}]},"7":{"loc":{"start":{"line":49,"column":0},"end":{"line":null,"column":-1}},"type":"cond-expr","locations":[{"start":{"line":49,"column":0},"end":{"line":null,"column":-1}},{"start":{"line":49,"column":0},"end":{"line":null,"column":-1}}]},"8":{"loc":{"start":{"line":70,"column":0},"end":{"line":null,"column":-1}},"type":"cond-expr","locations":[{"start":{"line":70,"column":0},"end":{"line":null,"column":-1}},{"start":{"line":70,"column":0},"end":{"line":null,"column":-1}}]},"9":{"loc":{"start":{"line":73,"column":0},"end":{"line":null,"column":-1}},"type":"cond-expr","locations":[{"start":{"line":73,"column":0},"end":{"line":null,"column":-1}},{"start":{"line":73,"column":0},"end":{"line":null,"column":-1}}]}},"s":{"0":1,"1":6,"2":6,"3":1,"4":10,"5":1,"6":10,"7":13,"8":12,"9":2,"10":1,"11":1,"12":1,"13":1,"14":1,"15":1,"16":9,"17":1,"18":6,"19":6,"20":6,"21":6},"f":{},"b":{"0":[7,3],"1":[7,3],"2":[14,22],"3":[12,21],"4":[1,0],"5":[1,1],"6":[1,0],"7":[1,0],"8":[4,2],"9":[4,2]}}
,"/Users/stelli/Desktop/Blibli Future Phase 2/reims-vue-cli-pwa/src/components/TransactionCard.vue": {"path":"/Users/stelli/Desktop/Blibli Future Phase 2/reims-vue-cli-pwa/src/components/TransactionCard.vue","statementMap":{"0":{"start":{"line":1,"column":0},"end":{"line":null,"column":-1}},"1":{"start":{"line":9,"column":0},"end":{"line":null,"column":-1}},"2":{"start":{"line":18,"column":0},"end":{"line":20,"column":0}},"3":{"start":{"line":19,"column":0},"end":{"line":null,"column":-1}},"4":{"start":{"line":23,"column":0},"end":{"line":null,"column":-1}}},"fnMap":{"0":{"name":"(anonymous_1)","decl":{"start":{"line":18,"column":0},"end":{"line":null,"column":-1}},"loc":{"start":{"line":18,"column":0},"end":{"line":20,"column":0}}}},"branchMap":{},"s":{"0":1,"1":3,"2":1,"3":1,"4":1},"f":{"0":1},"b":{}}
,"/Users/stelli/Desktop/Blibli Future Phase 2/reims-vue-cli-pwa/src/components/TransactionForm.vue": {"path":"/Users/stelli/Desktop/Blibli Future Phase 2/reims-vue-cli-pwa/src/components/TransactionForm.vue","statementMap":{"0":{"start":{"line":1,"column":0},"end":{"line":null,"column":-1}},"1":{"start":{"line":2,"column":0},"end":{"line":null,"column":-1}},"2":{"start":{"line":3,"column":0},"end":{"line":null,"column":-1}},"3":{"start":{"line":5,"column":0},"end":{"line":null,"column":-1}},"4":{"start":{"line":31,"column":0},"end":{"line":null,"column":-1}},"5":{"start":{"line":42,"column":0},"end":{"line":null,"column":-1}},"6":{"start":{"line":45,"column":0},"end":{"line":null,"column":-1}},"7":{"start":{"line":48,"column":0},"end":{"line":null,"column":-1}},"8":{"start":{"line":65,"column":0},"end":{"line":null,"column":-1}},"9":{"start":{"line":80,"column":0},"end":{"line":82,"column":0}},"10":{"start":{"line":81,"column":0},"end":{"line":null,"column":-1}},"11":{"start":{"line":87,"column":0},"end":{"line":null,"column":-1}},"12":{"start":{"line":92,"column":0},"end":{"line":null,"column":-1}},"13":{"start":{"line":95,"column":0},"end":{"line":null,"column":-1}},"14":{"start":{"line":96,"column":0},"end":{"line":null,"column":-1}},"15":{"start":{"line":97,"column":0},"end":{"line":null,"column":-1}}},"fnMap":{"0":{"name":"(anonymous_1)","decl":{"start":{"line":92,"column":0},"end":{"line":null,"column":-1}},"loc":{"start":{"line":92,"column":0},"end":{"line":null,"column":-1}}}},"branchMap":{"0":{"loc":{"start":{"line":45,"column":0},"end":{"line":null,"column":-1}},"type":"cond-expr","locations":[{"start":{"line":45,"column":0},"end":{"line":null,"column":-1}},{"start":{"line":45,"column":0},"end":{"line":null,"column":-1}}]},"1":{"loc":{"start":{"line":80,"column":0},"end":{"line":82,"column":0}},"type":"if","locations":[{"start":{"line":80,"column":0},"end":{"line":82,"column":0}},{"start":{"line":80,"column":0},"end":{"line":82,"column":0}}]},"2":{"loc":{"start":{"line":92,"column":0},"end":{"line":null,"column":-1}},"type":"cond-expr","locations":[{"start":{"line":92,"column":0},"end":{"line":null,"column":-1}},{"start":{"line":92,"column":0},"end":{"line":null,"column":-1}}]}},"s":{"0":1,"1":1,"2":1,"3":1,"4":6,"5":6,"6":6,"7":2,"8":2,"9":6,"10":1,"11":1,"12":0,"13":1,"14":1,"15":1},"f":{"0":0},"b":{"0":[6,0],"1":[1,5],"2":[0,0]}}
,"/Users/stelli/Desktop/Blibli Future Phase 2/reims-vue-cli-pwa/src/components/TransactionList.vue": {"path":"/Users/stelli/Desktop/Blibli Future Phase 2/reims-vue-cli-pwa/src/components/TransactionList.vue","statementMap":{"0":{"start":{"line":1,"column":0},"end":{"line":null,"column":-1}},"1":{"start":{"line":11,"column":0},"end":{"line":null,"column":-1}},"2":{"start":{"line":22,"column":0},"end":{"line":null,"column":-1}},"3":{"start":{"line":25,"column":0},"end":{"line":null,"column":-1}}},"fnMap":{"0":{"name":"(anonymous_1)","decl":{"start":{"line":1,"column":0},"end":{"line":null,"column":-1}},"loc":{"start":{"line":1,"column":0},"end":{"line":null,"column":-1}}}},"branchMap":{"0":{"loc":{"start":{"line":11,"column":0},"end":{"line":null,"column":-1}},"type":"binary-expr","locations":[{"start":{"line":11,"column":0},"end":{"line":null,"column":-1}},{"start":{"line":11,"column":0},"end":{"line":null,"column":-1}},{"start":{"line":11,"column":0},"end":{"line":null,"column":-1}},{"start":{"line":11,"column":0},"end":{"line":null,"column":-1}},{"start":{"line":11,"column":0},"end":{"line":null,"column":-1}}]}},"s":{"0":1,"1":2,"2":1,"3":1},"f":{"0":0},"b":{"0":[2,2,2,2,2]}}
,"/Users/stelli/Desktop/Blibli Future Phase 2/reims-vue-cli-pwa/src/components/UserCard.vue": {"path":"/Users/stelli/Desktop/Blibli Future Phase 2/reims-vue-cli-pwa/src/components/UserCard.vue","statementMap":{"0":{"start":{"line":1,"column":0},"end":{"line":null,"column":-1}},"1":{"start":{"line":10,"column":0},"end":{"line":null,"column":-1}},"2":{"start":{"line":16,"column":0},"end":{"line":18,"column":0}},"3":{"start":{"line":17,"column":0},"end":{"line":null,"column":-1}},"4":{"start":{"line":21,"column":0},"end":{"line":null,"column":-1}}},"fnMap":{"0":{"name":"(anonymous_1)","decl":{"start":{"line":16,"column":0},"end":{"line":null,"column":-1}},"loc":{"start":{"line":16,"column":0},"end":{"line":18,"column":0}}}},"branchMap":{},"s":{"0":1,"1":3,"2":1,"3":1,"4":1},"f":{"0":1},"b":{}}
,"/Users/stelli/Desktop/Blibli Future Phase 2/reims-vue-cli-pwa/src/components/UserFamilyDetail.vue": {"path":"/Users/stelli/Desktop/Blibli Future Phase 2/reims-vue-cli-pwa/src/components/UserFamilyDetail.vue","statementMap":{"0":{"start":{"line":1,"column":0},"end":{"line":null,"column":-1}},"1":{"start":{"line":4,"column":0},"end":{"line":null,"column":-1}},"2":{"start":{"line":11,"column":0},"end":{"line":null,"column":-1}},"3":{"start":{"line":17,"column":0},"end":{"line":21,"column":0}},"4":{"start":{"line":18,"column":0},"end":{"line":null,"column":-1}},"5":{"start":{"line":20,"column":0},"end":{"line":null,"column":-1}},"6":{"start":{"line":24,"column":0},"end":{"line":null,"column":-1}},"7":{"start":{"line":27,"column":0},"end":{"line":null,"column":-1}},"8":{"start":{"line":31,"column":0},"end":{"line":null,"column":-1}}},"fnMap":{},"branchMap":{"0":{"loc":{"start":{"line":17,"column":0},"end":{"line":21,"column":0}},"type":"if","locations":[{"start":{"line":17,"column":0},"end":{"line":21,"column":0}},{"start":{"line":17,"column":0},"end":{"line":21,"column":0}}]}},"s":{"0":2,"1":2,"2":2,"3":2,"4":1,"5":1,"6":28,"7":1,"8":2},"f":{},"b":{"0":[1,1]}}
,"/Users/stelli/Desktop/Blibli Future Phase 2/reims-vue-cli-pwa/src/components/UserList.vue": {"path":"/Users/stelli/Desktop/Blibli Future Phase 2/reims-vue-cli-pwa/src/components/UserList.vue","statementMap":{"0":{"start":{"line":1,"column":0},"end":{"line":null,"column":-1}}},"fnMap":{"0":{"name":"(anonymous_1)","decl":{"start":{"line":1,"column":0},"end":{"line":null,"column":-1}},"loc":{"start":{"line":1,"column":0},"end":{"line":null,"column":-1}}}},"branchMap":{},"s":{"0":1},"f":{"0":0},"b":{}}
,"/Users/stelli/Desktop/Blibli Future Phase 2/reims-vue-cli-pwa/src/components/UserPersonalDetail.vue": {"path":"/Users/stelli/Desktop/Blibli Future Phase 2/reims-vue-cli-pwa/src/components/UserPersonalDetail.vue","statementMap":{"0":{"start":{"line":1,"column":0},"end":{"line":null,"column":-1}},"1":{"start":{"line":6,"column":0},"end":{"line":null,"column":-1}},"2":{"start":{"line":12,"column":0},"end":{"line":null,"column":-1}},"3":{"start":{"line":16,"column":0},"end":{"line":null,"column":-1}}},"fnMap":{},"branchMap":{},"s":{"0":2,"1":1,"2":1,"3":1},"f":{},"b":{}}
,"/Users/stelli/Desktop/Blibli Future Phase 2/reims-vue-cli-pwa/src/components/ViewFuelDetail.vue": {"path":"/Users/stelli/Desktop/Blibli Future Phase 2/reims-vue-cli-pwa/src/components/ViewFuelDetail.vue","statementMap":{"0":{"start":{"line":7,"column":0},"end":{"line":null,"column":-1}}},"fnMap":{},"branchMap":{},"s":{"0":1},"f":{},"b":{}}
,"/Users/stelli/Desktop/Blibli Future Phase 2/reims-vue-cli-pwa/src/filters/date.js": {"path":"/Users/stelli/Desktop/Blibli Future Phase 2/reims-vue-cli-pwa/src/filters/date.js","statementMap":{"0":{"start":{"line":2,"column":15},"end":{"line":2,"column":30}},"1":{"start":{"line":3,"column":2},"end":{"line":10,"column":5}}},"fnMap":{"0":{"name":"(anonymous_0)","decl":{"start":{"line":1,"column":15},"end":{"line":1,"column":16}},"loc":{"start":{"line":1,"column":24},"end":{"line":11,"column":1}},"line":1}},"branchMap":{},"s":{"0":8,"1":8},"f":{"0":8},"b":{},"_coverageSchema":"332fd63041d2c1bcb487cc26dd0d5f7d97098a6c","hash":"972483b89c958d224da3ceda3fc775bda34578d2"}
,"/Users/stelli/Desktop/Blibli Future Phase 2/reims-vue-cli-pwa/src/filters/price.js": {"path":"/Users/stelli/Desktop/Blibli Future Phase 2/reims-vue-cli-pwa/src/filters/price.js","statementMap":{"0":{"start":{"line":2,"column":2},"end":{"line":4,"column":9}}},"fnMap":{"0":{"name":"(anonymous_0)","decl":{"start":{"line":1,"column":15},"end":{"line":1,"column":16}},"loc":{"start":{"line":1,"column":24},"end":{"line":5,"column":1}},"line":1}},"branchMap":{"0":{"loc":{"start":{"line":2,"column":9},"end":{"line":4,"column":8}},"type":"cond-expr","locations":[{"start":{"line":3,"column":6},"end":{"line":3,"column":69}},{"start":{"line":4,"column":6},"end":{"line":4,"column":8}}],"line":2}},"s":{"0":7},"f":{"0":7},"b":{"0":[6,1]},"_coverageSchema":"332fd63041d2c1bcb487cc26dd0d5f7d97098a6c","hash":"8b33899be9fd5cc5885b2cad6ef72f7d7012af98"}
,"/Users/stelli/Desktop/Blibli Future Phase 2/reims-vue-cli-pwa/src/filters/text.js": {"path":"/Users/stelli/Desktop/Blibli Future Phase 2/reims-vue-cli-pwa/src/filters/text.js","statementMap":{"0":{"start":{"line":2,"column":2},"end":{"line":6,"column":9}},"1":{"start":{"line":4,"column":8},"end":{"line":4,"column":31}}},"fnMap":{"0":{"name":"(anonymous_0)","decl":{"start":{"line":1,"column":15},"end":{"line":1,"column":16}},"loc":{"start":{"line":1,"column":24},"end":{"line":7,"column":1}},"line":1},"1":{"name":"(anonymous_1)","decl":{"start":{"line":3,"column":46},"end":{"line":3,"column":47}},"loc":{"start":{"line":3,"column":51},"end":{"line":5,"column":7}},"line":3}},"branchMap":{"0":{"loc":{"start":{"line":2,"column":9},"end":{"line":6,"column":8}},"type":"cond-expr","locations":[{"start":{"line":3,"column":6},"end":{"line":5,"column":8}},{"start":{"line":6,"column":6},"end":{"line":6,"column":8}}],"line":2}},"s":{"0":325,"1":343},"f":{"0":325,"1":343},"b":{"0":[324,1]},"_coverageSchema":"332fd63041d2c1bcb487cc26dd0d5f7d97098a6c","hash":"db1cb639c22122142d16dbb19636681650a3ab37"}
,"/Users/stelli/Desktop/Blibli Future Phase 2/reims-vue-cli-pwa/src/filters/trimText.js": {"path":"/Users/stelli/Desktop/Blibli Future Phase 2/reims-vue-cli-pwa/src/filters/trimText.js","statementMap":{"0":{"start":{"line":2,"column":2},"end":{"line":4,"column":12}}},"fnMap":{"0":{"name":"(anonymous_0)","decl":{"start":{"line":1,"column":15},"end":{"line":1,"column":16}},"loc":{"start":{"line":1,"column":36},"end":{"line":5,"column":1}},"line":1}},"branchMap":{"0":{"loc":{"start":{"line":2,"column":9},"end":{"line":4,"column":11}},"type":"cond-expr","locations":[{"start":{"line":3,"column":6},"end":{"line":3,"column":42}},{"start":{"line":4,"column":6},"end":{"line":4,"column":11}}],"line":2}},"s":{"0":8},"f":{"0":8},"b":{"0":[7,1]},"_coverageSchema":"332fd63041d2c1bcb487cc26dd0d5f7d97098a6c","hash":"3a6034b9383a7d760b28be8d566b2b2602c967d0"}
,"/Users/stelli/Desktop/Blibli Future Phase 2/reims-vue-cli-pwa/src/store/index.js": {"path":"/Users/stelli/Desktop/Blibli Future Phase 2/reims-vue-cli-pwa/src/store/index.js","statementMap":{"0":{"start":{"line":8,"column":0},"end":{"line":8,"column":14}},"1":{"start":{"line":10,"column":14},"end":{"line":17,"column":2}}},"fnMap":{},"branchMap":{},"s":{"0":3,"1":3},"f":{},"b":{},"_coverageSchema":"332fd63041d2c1bcb487cc26dd0d5f7d97098a6c","hash":"acc4839ca221ef486e55882b83618d6883242343"}
,"/Users/stelli/Desktop/Blibli Future Phase 2/reims-vue-cli-pwa/src/store/modules/auth/actions.js": {"path":"/Users/stelli/Desktop/Blibli Future Phase 2/reims-vue-cli-pwa/src/store/modules/auth/actions.js","statementMap":{"0":{"start":{"line":5,"column":17},"end":{"line":5,"column":42}},"1":{"start":{"line":6,"column":4},"end":{"line":6,"column":52}},"2":{"start":{"line":7,"column":4},"end":{"line":7,"column":39}},"3":{"start":{"line":8,"column":4},"end":{"line":8,"column":35}},"4":{"start":{"line":9,"column":4},"end":{"line":9,"column":47}},"5":{"start":{"line":12,"column":22},"end":{"line":12,"column":36}},"6":{"start":{"line":13,"column":4},"end":{"line":13,"column":32}},"7":{"start":{"line":14,"column":4},"end":{"line":14,"column":25}},"8":{"start":{"line":15,"column":4},"end":{"line":15,"column":27}},"9":{"start":{"line":16,"column":4},"end":{"line":16,"column":28}},"10":{"start":{"line":17,"column":4},"end":{"line":17,"column":31}},"11":{"start":{"line":20,"column":4},"end":{"line":20,"column":31}}},"fnMap":{"0":{"name":"(anonymous_0)","decl":{"start":{"line":4,"column":9},"end":{"line":4,"column":10}},"loc":{"start":{"line":4,"column":37},"end":{"line":10,"column":3}},"line":4},"1":{"name":"(anonymous_1)","decl":{"start":{"line":11,"column":10},"end":{"line":11,"column":11}},"loc":{"start":{"line":11,"column":43},"end":{"line":18,"column":3}},"line":11},"2":{"name":"(anonymous_2)","decl":{"start":{"line":19,"column":15},"end":{"line":19,"column":16}},"loc":{"start":{"line":19,"column":38},"end":{"line":21,"column":3}},"line":19}},"branchMap":{},"s":{"0":1,"1":1,"2":1,"3":1,"4":1,"5":1,"6":1,"7":1,"8":1,"9":1,"10":1,"11":1},"f":{"0":1,"1":1,"2":1},"b":{},"_coverageSchema":"332fd63041d2c1bcb487cc26dd0d5f7d97098a6c","hash":"43680e187e66491843ae4e8ffbe4681c78a2391b"}
,"/Users/stelli/Desktop/Blibli Future Phase 2/reims-vue-cli-pwa/src/store/modules/auth/getters.js": {"path":"/Users/stelli/Desktop/Blibli Future Phase 2/reims-vue-cli-pwa/src/store/modules/auth/getters.js","statementMap":{"0":{"start":{"line":3,"column":4},"end":{"line":3,"column":20}},"1":{"start":{"line":6,"column":4},"end":{"line":6,"column":23}},"2":{"start":{"line":9,"column":4},"end":{"line":9,"column":22}},"3":{"start":{"line":12,"column":4},"end":{"line":12,"column":26}}},"fnMap":{},"branchMap":{},"s":{"0":1,"1":1,"2":1,"3":1},"f":{},"b":{},"_coverageSchema":"332fd63041d2c1bcb487cc26dd0d5f7d97098a6c","hash":"d257ea277949ad9147501b751c42d83e8e9da701"}
,"/Users/stelli/Desktop/Blibli Future Phase 2/reims-vue-cli-pwa/src/store/modules/auth/index.js": {"path":"/Users/stelli/Desktop/Blibli Future Phase 2/reims-vue-cli-pwa/src/store/modules/auth/index.js","statementMap":{"0":{"start":{"line":5,"column":19},"end":{"line":5,"column":23}},"1":{"start":{"line":6,"column":14},"end":{"line":23,"column":1}}},"fnMap":{},"branchMap":{},"s":{"0":4,"1":4},"f":{},"b":{},"_coverageSchema":"332fd63041d2c1bcb487cc26dd0d5f7d97098a6c","hash":"5f9dd5f9bbaebe9b65dff4ca9c1a884f70580b09"}
,"/Users/stelli/Desktop/Blibli Future Phase 2/reims-vue-cli-pwa/src/store/modules/auth/mutations.js": {"path":"/Users/stelli/Desktop/Blibli Future Phase 2/reims-vue-cli-pwa/src/store/modules/auth/mutations.js","statementMap":{"0":{"start":{"line":1,"column":10},"end":{"line":1,"column":20}},"1":{"start":{"line":2,"column":0},"end":{"line":2,"column":35}},"2":{"start":{"line":3,"column":16},"end":{"line":3,"column":31}},"3":{"start":{"line":7,"column":4},"end":{"line":7,"column":58}},"4":{"start":{"line":8,"column":4},"end":{"line":8,"column":24}},"5":{"start":{"line":11,"column":4},"end":{"line":11,"column":52}},"6":{"start":{"line":12,"column":4},"end":{"line":12,"column":18}},"7":{"start":{"line":15,"column":4},"end":{"line":15,"column":56}},"8":{"start":{"line":16,"column":4},"end":{"line":16,"column":22}},"9":{"start":{"line":19,"column":4},"end":{"line":19,"column":64}},"10":{"start":{"line":20,"column":4},"end":{"line":20,"column":30}}},"fnMap":{},"branchMap":{},"s":{"0":5,"1":5,"2":5,"3":1,"4":1,"5":1,"6":1,"7":1,"8":1,"9":1,"10":1},"f":{},"b":{},"_coverageSchema":"332fd63041d2c1bcb487cc26dd0d5f7d97098a6c","hash":"dbbe542a01836c0df64bcfa2f60416ee09f5f7c1"}
,"/Users/stelli/Desktop/Blibli Future Phase 2/reims-vue-cli-pwa/src/store/modules/notification/actions.js": {"path":"/Users/stelli/Desktop/Blibli Future Phase 2/reims-vue-cli-pwa/src/store/modules/notification/actions.js","statementMap":{"0":{"start":{"line":3,"column":4},"end":{"line":3,"column":46}},"1":{"start":{"line":6,"column":4},"end":{"line":6,"column":56}}},"fnMap":{},"branchMap":{},"s":{"0":1,"1":1},"f":{},"b":{},"_coverageSchema":"332fd63041d2c1bcb487cc26dd0d5f7d97098a6c","hash":"455de83f3edc9f6755ba1bcdfed821bf3ab44384"}
,"/Users/stelli/Desktop/Blibli Future Phase 2/reims-vue-cli-pwa/src/store/modules/notification/getters.js": {"path":"/Users/stelli/Desktop/Blibli Future Phase 2/reims-vue-cli-pwa/src/store/modules/notification/getters.js","statementMap":{"0":{"start":{"line":3,"column":4},"end":{"line":3,"column":31}}},"fnMap":{},"branchMap":{},"s":{"0":1},"f":{},"b":{},"_coverageSchema":"332fd63041d2c1bcb487cc26dd0d5f7d97098a6c","hash":"322344f827c83d0feb4d8b35796003f4829835f1"}
,"/Users/stelli/Desktop/Blibli Future Phase 2/reims-vue-cli-pwa/src/store/modules/notification/index.js": {"path":"/Users/stelli/Desktop/Blibli Future Phase 2/reims-vue-cli-pwa/src/store/modules/notification/index.js","statementMap":{"0":{"start":{"line":5,"column":19},"end":{"line":5,"column":23}},"1":{"start":{"line":6,"column":14},"end":{"line":8,"column":1}}},"fnMap":{},"branchMap":{},"s":{"0":4,"1":4},"f":{},"b":{},"_coverageSchema":"332fd63041d2c1bcb487cc26dd0d5f7d97098a6c","hash":"fe833a56964ab31190217d844be41d7a5b3a4e76"}
,"/Users/stelli/Desktop/Blibli Future Phase 2/reims-vue-cli-pwa/src/store/modules/notification/mutations.js": {"path":"/Users/stelli/Desktop/Blibli Future Phase 2/reims-vue-cli-pwa/src/store/modules/notification/mutations.js","statementMap":{"0":{"start":{"line":1,"column":13},"end":{"line":1,"column":14}},"1":{"start":{"line":4,"column":4},"end":{"line":4,"column":64}},"2":{"start":{"line":7,"column":4},"end":{"line":9,"column":6}},"3":{"start":{"line":8,"column":22},"end":{"line":8,"column":65}}},"fnMap":{"0":{"name":"(anonymous_0)","decl":{"start":{"line":8,"column":6},"end":{"line":8,"column":7}},"loc":{"start":{"line":8,"column":22},"end":{"line":8,"column":65}},"line":8}},"branchMap":{},"s":{"0":5,"1":1,"2":1,"3":1},"f":{"0":1},"b":{},"_coverageSchema":"332fd63041d2c1bcb487cc26dd0d5f7d97098a6c","hash":"d61ab4aceee87a915e7311f9efb8ed4abdfe0ab8"}
,"/Users/stelli/Desktop/Blibli Future Phase 2/reims-vue-cli-pwa/src/store/modules/transaction/actions.js": {"path":"/Users/stelli/Desktop/Blibli Future Phase 2/reims-vue-cli-pwa/src/store/modules/transaction/actions.js","statementMap":{"0":{"start":{"line":5,"column":4},"end":{"line":5,"column":29}},"1":{"start":{"line":8,"column":4},"end":{"line":8,"column":40}},"2":{"start":{"line":11,"column":4},"end":{"line":11,"column":35}},"3":{"start":{"line":14,"column":22},"end":{"line":14,"column":36}},"4":{"start":{"line":15,"column":19},"end":{"line":15,"column":33}},"5":{"start":{"line":16,"column":21},"end":{"line":16,"column":73}},"6":{"start":{"line":17,"column":4},"end":{"line":17,"column":35}},"7":{"start":{"line":18,"column":4},"end":{"line":18,"column":54}},"8":{"start":{"line":19,"column":4},"end":{"line":19,"column":46}},"9":{"start":{"line":20,"column":4},"end":{"line":20,"column":49}},"10":{"start":{"line":21,"column":4},"end":{"line":21,"column":35}},"11":{"start":{"line":22,"column":4},"end":{"line":22,"column":38}},"12":{"start":{"line":25,"column":22},"end":{"line":25,"column":36}},"13":{"start":{"line":26,"column":21},"end":{"line":26,"column":67}},"14":{"start":{"line":27,"column":4},"end":{"line":27,"column":36}},"15":{"start":{"line":30,"column":22},"end":{"line":30,"column":36}},"16":{"start":{"line":31,"column":21},"end":{"line":31,"column":73}},"17":{"start":{"line":32,"column":4},"end":{"line":32,"column":37}},"18":{"start":{"line":33,"column":4},"end":{"line":33,"column":35}},"19":{"start":{"line":36,"column":22},"end":{"line":36,"column":36}},"20":{"start":{"line":37,"column":21},"end":{"line":37,"column":77}},"21":{"start":{"line":38,"column":4},"end":{"line":38,"column":16}},"22":{"start":{"line":41,"column":4},"end":{"line":41,"column":37}},"23":{"start":{"line":42,"column":22},"end":{"line":42,"column":36}},"24":{"start":{"line":43,"column":4},"end":{"line":43,"column":48}},"25":{"start":{"line":46,"column":22},"end":{"line":46,"column":36}},"26":{"start":{"line":47,"column":21},"end":{"line":47,"column":67}},"27":{"start":{"line":48,"column":4},"end":{"line":48,"column":35}}},"fnMap":{"0":{"name":"(anonymous_0)","decl":{"start":{"line":13,"column":21},"end":{"line":13,"column":22}},"loc":{"start":{"line":13,"column":61},"end":{"line":23,"column":3}},"line":13},"1":{"name":"(anonymous_1)","decl":{"start":{"line":24,"column":18},"end":{"line":24,"column":19}},"loc":{"start":{"line":24,"column":55},"end":{"line":28,"column":3}},"line":24},"2":{"name":"(anonymous_2)","decl":{"start":{"line":29,"column":19},"end":{"line":29,"column":20}},"loc":{"start":{"line":29,"column":61},"end":{"line":34,"column":3}},"line":29},"3":{"name":"(anonymous_3)","decl":{"start":{"line":35,"column":19},"end":{"line":35,"column":20}},"loc":{"start":{"line":35,"column":57},"end":{"line":39,"column":3}},"line":35},"4":{"name":"(anonymous_4)","decl":{"start":{"line":40,"column":21},"end":{"line":40,"column":22}},"loc":{"start":{"line":40,"column":52},"end":{"line":44,"column":3}},"line":40},"5":{"name":"(anonymous_5)","decl":{"start":{"line":45,"column":16},"end":{"line":45,"column":17}},"loc":{"start":{"line":45,"column":55},"end":{"line":49,"column":3}},"line":45}},"branchMap":{},"s":{"0":1,"1":1,"2":1,"3":1,"4":1,"5":1,"6":1,"7":1,"8":1,"9":1,"10":1,"11":1,"12":1,"13":1,"14":1,"15":1,"16":1,"17":1,"18":1,"19":1,"20":1,"21":1,"22":1,"23":1,"24":1,"25":1,"26":1,"27":1},"f":{"0":1,"1":1,"2":1,"3":1,"4":1,"5":1},"b":{},"_coverageSchema":"332fd63041d2c1bcb487cc26dd0d5f7d97098a6c","hash":"d604823cc2c7a14c8c37a9b5dc731858dbe72ccc"}
,"/Users/stelli/Desktop/Blibli Future Phase 2/reims-vue-cli-pwa/src/store/modules/transaction/getters.js": {"path":"/Users/stelli/Desktop/Blibli Future Phase 2/reims-vue-cli-pwa/src/store/modules/transaction/getters.js","statementMap":{"0":{"start":{"line":3,"column":4},"end":{"line":3,"column":36}},"1":{"start":{"line":6,"column":4},"end":{"line":6,"column":29}},"2":{"start":{"line":9,"column":4},"end":{"line":9,"column":28}},"3":{"start":{"line":12,"column":4},"end":{"line":12,"column":23}},"4":{"start":{"line":15,"column":4},"end":{"line":15,"column":31}},"5":{"start":{"line":18,"column":4},"end":{"line":18,"column":25}},"6":{"start":{"line":21,"column":4},"end":{"line":21,"column":22}},"7":{"start":{"line":24,"column":4},"end":{"line":24,"column":27}}},"fnMap":{},"branchMap":{"0":{"loc":{"start":{"line":3,"column":11},"end":{"line":3,"column":35}},"type":"binary-expr","locations":[{"start":{"line":3,"column":11},"end":{"line":3,"column":29}},{"start":{"line":3,"column":33},"end":{"line":3,"column":35}}],"line":3}},"s":{"0":1,"1":1,"2":1,"3":1,"4":1,"5":1,"6":1,"7":1},"f":{},"b":{"0":[1,0]},"_coverageSchema":"332fd63041d2c1bcb487cc26dd0d5f7d97098a6c","hash":"02d5ce3a87f4db95d93ef26b64e77e8a919ee293"}
,"/Users/stelli/Desktop/Blibli Future Phase 2/reims-vue-cli-pwa/src/store/modules/transaction/index.js": {"path":"/Users/stelli/Desktop/Blibli Future Phase 2/reims-vue-cli-pwa/src/store/modules/transaction/index.js","statementMap":{"0":{"start":{"line":5,"column":19},"end":{"line":5,"column":23}},"1":{"start":{"line":6,"column":14},"end":{"line":36,"column":1}}},"fnMap":{},"branchMap":{},"s":{"0":3,"1":3},"f":{},"b":{},"_coverageSchema":"332fd63041d2c1bcb487cc26dd0d5f7d97098a6c","hash":"ab55453eaf77ef6ca697df07d1a6877f28049d52"}
,"/Users/stelli/Desktop/Blibli Future Phase 2/reims-vue-cli-pwa/src/store/modules/transaction/mutations.js": {"path":"/Users/stelli/Desktop/Blibli Future Phase 2/reims-vue-cli-pwa/src/store/modules/transaction/mutations.js","statementMap":{"0":{"start":{"line":3,"column":4},"end":{"line":3,"column":22}},"1":{"start":{"line":6,"column":4},"end":{"line":9,"column":6}},"2":{"start":{"line":12,"column":4},"end":{"line":12,"column":35}},"3":{"start":{"line":15,"column":4},"end":{"line":15,"column":29}},"4":{"start":{"line":18,"column":4},"end":{"line":18,"column":32}},"5":{"start":{"line":21,"column":4},"end":{"line":21,"column":27}},"6":{"start":{"line":24,"column":4},"end":{"line":24,"column":30}},"7":{"start":{"line":27,"column":4},"end":{"line":27,"column":29}},"8":{"start":{"line":30,"column":4},"end":{"line":30,"column":30}},"9":{"start":{"line":33,"column":4},"end":{"line":33,"column":30}},"10":{"start":{"line":36,"column":4},"end":{"line":36,"column":27}},"11":{"start":{"line":39,"column":4},"end":{"line":39,"column":68}},"12":{"start":{"line":39,"column":56},"end":{"line":39,"column":66}}},"fnMap":{"0":{"name":"(anonymous_0)","decl":{"start":{"line":39,"column":51},"end":{"line":39,"column":52}},"loc":{"start":{"line":39,"column":56},"end":{"line":39,"column":66}},"line":39}},"branchMap":{},"s":{"0":1,"1":1,"2":1,"3":1,"4":1,"5":1,"6":1,"7":1,"8":1,"9":1,"10":1,"11":1,"12":5},"f":{"0":5},"b":{},"_coverageSchema":"332fd63041d2c1bcb487cc26dd0d5f7d97098a6c","hash":"f80c478baed2fbad877383fdf382478e59bb22a6"}
,"/Users/stelli/Desktop/Blibli Future Phase 2/reims-vue-cli-pwa/src/store/modules/user/actions.js": {"path":"/Users/stelli/Desktop/Blibli Future Phase 2/reims-vue-cli-pwa/src/store/modules/user/actions.js","statementMap":{"0":{"start":{"line":5,"column":22},"end":{"line":5,"column":36}},"1":{"start":{"line":6,"column":21},"end":{"line":6,"column":58}},"2":{"start":{"line":7,"column":4},"end":{"line":7,"column":20}},"3":{"start":{"line":10,"column":22},"end":{"line":10,"column":36}},"4":{"start":{"line":11,"column":21},"end":{"line":11,"column":53}},"5":{"start":{"line":12,"column":4},"end":{"line":12,"column":29}},"6":{"start":{"line":15,"column":22},"end":{"line":15,"column":36}},"7":{"start":{"line":16,"column":21},"end":{"line":16,"column":69}},"8":{"start":{"line":17,"column":4},"end":{"line":17,"column":36}},"9":{"start":{"line":20,"column":22},"end":{"line":20,"column":36}},"10":{"start":{"line":21,"column":21},"end":{"line":21,"column":59}},"11":{"start":{"line":22,"column":4},"end":{"line":22,"column":30}},"12":{"start":{"line":23,"column":4},"end":{"line":23,"column":35}},"13":{"start":{"line":26,"column":22},"end":{"line":26,"column":36}},"14":{"start":{"line":27,"column":21},"end":{"line":27,"column":67}},"15":{"start":{"line":28,"column":4},"end":{"line":28,"column":20}},"16":{"start":{"line":31,"column":4},"end":{"line":31,"column":30}},"17":{"start":{"line":32,"column":22},"end":{"line":32,"column":36}},"18":{"start":{"line":33,"column":17},"end":{"line":33,"column":52}},"19":{"start":{"line":34,"column":4},"end":{"line":34,"column":16}},"20":{"start":{"line":37,"column":22},"end":{"line":37,"column":36}},"21":{"start":{"line":38,"column":4},"end":{"line":38,"column":51}},"22":{"start":{"line":41,"column":22},"end":{"line":41,"column":36}},"23":{"start":{"line":42,"column":21},"end":{"line":42,"column":69}},"24":{"start":{"line":43,"column":4},"end":{"line":43,"column":20}},"25":{"start":{"line":46,"column":22},"end":{"line":46,"column":36}},"26":{"start":{"line":47,"column":4},"end":{"line":47,"column":51}}},"fnMap":{"0":{"name":"(anonymous_0)","decl":{"start":{"line":4,"column":14},"end":{"line":4,"column":15}},"loc":{"start":{"line":4,"column":45},"end":{"line":8,"column":3}},"line":4},"1":{"name":"(anonymous_1)","decl":{"start":{"line":9,"column":11},"end":{"line":9,"column":12}},"loc":{"start":{"line":9,"column":48},"end":{"line":13,"column":3}},"line":9},"2":{"name":"(anonymous_2)","decl":{"start":{"line":14,"column":23},"end":{"line":14,"column":24}},"loc":{"start":{"line":14,"column":60},"end":{"line":18,"column":3}},"line":14},"3":{"name":"(anonymous_3)","decl":{"start":{"line":19,"column":12},"end":{"line":19,"column":13}},"loc":{"start":{"line":19,"column":54},"end":{"line":24,"column":3}},"line":19},"4":{"name":"(anonymous_4)","decl":{"start":{"line":25,"column":14},"end":{"line":25,"column":15}},"loc":{"start":{"line":25,"column":45},"end":{"line":29,"column":3}},"line":25},"5":{"name":"(anonymous_5)","decl":{"start":{"line":30,"column":14},"end":{"line":30,"column":15}},"loc":{"start":{"line":30,"column":51},"end":{"line":35,"column":3}},"line":30},"6":{"name":"(anonymous_6)","decl":{"start":{"line":36,"column":26},"end":{"line":36,"column":27}},"loc":{"start":{"line":36,"column":54},"end":{"line":39,"column":3}},"line":36},"7":{"name":"(anonymous_7)","decl":{"start":{"line":40,"column":25},"end":{"line":40,"column":26}},"loc":{"start":{"line":40,"column":56},"end":{"line":44,"column":3}},"line":40},"8":{"name":"(anonymous_8)","decl":{"start":{"line":45,"column":19},"end":{"line":45,"column":20}},"loc":{"start":{"line":45,"column":50},"end":{"line":48,"column":3}},"line":45}},"branchMap":{},"s":{"0":1,"1":1,"2":1,"3":1,"4":1,"5":1,"6":1,"7":1,"8":1,"9":1,"10":1,"11":1,"12":1,"13":1,"14":1,"15":1,"16":1,"17":1,"18":1,"19":1,"20":1,"21":1,"22":1,"23":1,"24":1,"25":0,"26":0},"f":{"0":1,"1":1,"2":1,"3":1,"4":1,"5":1,"6":1,"7":1,"8":0},"b":{},"_coverageSchema":"332fd63041d2c1bcb487cc26dd0d5f7d97098a6c","hash":"c15a7dbfacd68fd474217e3a139e4e05bf721226"}
,"/Users/stelli/Desktop/Blibli Future Phase 2/reims-vue-cli-pwa/src/store/modules/user/getters.js": {"path":"/Users/stelli/Desktop/Blibli Future Phase 2/reims-vue-cli-pwa/src/store/modules/user/getters.js","statementMap":{"0":{"start":{"line":3,"column":4},"end":{"line":3,"column":22}},"1":{"start":{"line":6,"column":4},"end":{"line":6,"column":23}},"2":{"start":{"line":9,"column":4},"end":{"line":9,"column":28}},"3":{"start":{"line":12,"column":4},"end":{"line":12,"column":28}}},"fnMap":{},"branchMap":{},"s":{"0":1,"1":1,"2":1,"3":1},"f":{},"b":{},"_coverageSchema":"332fd63041d2c1bcb487cc26dd0d5f7d97098a6c","hash":"54b272dd0c02f179146830b4a2720e7c0ee04f4a"}
,"/Users/stelli/Desktop/Blibli Future Phase 2/reims-vue-cli-pwa/src/store/modules/user/index.js": {"path":"/Users/stelli/Desktop/Blibli Future Phase 2/reims-vue-cli-pwa/src/store/modules/user/index.js","statementMap":{"0":{"start":{"line":5,"column":19},"end":{"line":5,"column":23}},"1":{"start":{"line":6,"column":14},"end":{"line":11,"column":1}}},"fnMap":{},"branchMap":{},"s":{"0":4,"1":4},"f":{},"b":{},"_coverageSchema":"332fd63041d2c1bcb487cc26dd0d5f7d97098a6c","hash":"d626c54e134be89e25229e8be0d82cc34289ef34"}
,"/Users/stelli/Desktop/Blibli Future Phase 2/reims-vue-cli-pwa/src/store/modules/user/mutations.js": {"path":"/Users/stelli/Desktop/Blibli Future Phase 2/reims-vue-cli-pwa/src/store/modules/user/mutations.js","statementMap":{"0":{"start":{"line":3,"column":4},"end":{"line":3,"column":22}},"1":{"start":{"line":6,"column":4},"end":{"line":6,"column":23}},"2":{"start":{"line":9,"column":4},"end":{"line":9,"column":30}},"3":{"start":{"line":12,"column":4},"end":{"line":12,"column":22}},"4":{"start":{"line":15,"column":4},"end":{"line":15,"column":54}},"5":{"start":{"line":15,"column":42},"end":{"line":15,"column":52}},"6":{"start":{"line":18,"column":4},"end":{"line":18,"column":27}}},"fnMap":{"0":{"name":"(anonymous_0)","decl":{"start":{"line":15,"column":37},"end":{"line":15,"column":38}},"loc":{"start":{"line":15,"column":42},"end":{"line":15,"column":52}},"line":15}},"branchMap":{},"s":{"0":1,"1":1,"2":1,"3":1,"4":1,"5":10,"6":1},"f":{"0":10},"b":{},"_coverageSchema":"332fd63041d2c1bcb487cc26dd0d5f7d97098a6c","hash":"90794385230368d30caed4beec535fb1d33a2d7a"}
,"/Users/stelli/Desktop/Blibli Future Phase 2/reims-vue-cli-pwa/src/views/AddFamily.vue": {"path":"/Users/stelli/Desktop/Blibli Future Phase 2/reims-vue-cli-pwa/src/views/AddFamily.vue","statementMap":{"0":{"start":{"line":1,"column":0},"end":{"line":null,"column":-1}},"1":{"start":{"line":2,"column":0},"end":{"line":null,"column":-1}},"2":{"start":{"line":3,"column":0},"end":{"line":null,"column":-1}},"3":{"start":{"line":20,"column":0},"end":{"line":null,"column":-1}},"4":{"start":{"line":37,"column":0},"end":{"line":null,"column":-1}},"5":{"start":{"line":40,"column":0},"end":{"line":null,"column":-1}},"6":{"start":{"line":43,"column":0},"end":{"line":null,"column":-1}},"7":{"start":{"line":46,"column":0},"end":{"line":null,"column":-1}},"8":{"start":{"line":52,"column":0},"end":{"line":null,"column":-1}},"9":{"start":{"line":55,"column":0},"end":{"line":null,"column":-1}},"10":{"start":{"line":58,"column":0},"end":{"line":60,"column":0}},"11":{"start":{"line":59,"column":0},"end":{"line":null,"column":-1}},"12":{"start":{"line":63,"column":0},"end":{"line":null,"column":-1}},"13":{"start":{"line":66,"column":0},"end":{"line":null,"column":-1}},"14":{"start":{"line":67,"column":0},"end":{"line":71,"column":0}},"15":{"start":{"line":68,"column":0},"end":{"line":null,"column":-1}},"16":{"start":{"line":69,"column":0},"end":{"line":null,"column":-1}},"17":{"start":{"line":70,"column":0},"end":{"line":null,"column":-1}},"18":{"start":{"line":74,"column":0},"end":{"line":76,"column":0}},"19":{"start":{"line":75,"column":0},"end":{"line":null,"column":-1}},"20":{"start":{"line":77,"column":0},"end":{"line":null,"column":-1}},"21":{"start":{"line":80,"column":0},"end":{"line":null,"column":-1}},"22":{"start":{"line":86,"column":0},"end":{"line":88,"column":0}},"23":{"start":{"line":87,"column":0},"end":{"line":null,"column":-1}}},"fnMap":{"0":{"name":"(anonymous_1)","decl":{"start":{"line":46,"column":0},"end":{"line":null,"column":-1}},"loc":{"start":{"line":46,"column":0},"end":{"line":null,"column":-1}}},"1":{"name":"(anonymous_2)","decl":{"start":{"line":74,"column":0},"end":{"line":null,"column":-1}},"loc":{"start":{"line":74,"column":0},"end":{"line":76,"column":0}}},"2":{"name":"(anonymous_3)","decl":{"start":{"line":86,"column":0},"end":{"line":null,"column":-1}},"loc":{"start":{"line":86,"column":0},"end":{"line":88,"column":0}}}},"branchMap":{"0":{"loc":{"start":{"line":58,"column":0},"end":{"line":60,"column":0}},"type":"if","locations":[{"start":{"line":58,"column":0},"end":{"line":60,"column":0}},{"start":{"line":58,"column":0},"end":{"line":60,"column":0}}]},"1":{"loc":{"start":{"line":67,"column":0},"end":{"line":71,"column":0}},"type":"if","locations":[{"start":{"line":67,"column":0},"end":{"line":71,"column":0}},{"start":{"line":67,"column":0},"end":{"line":71,"column":0}}]},"2":{"loc":{"start":{"line":80,"column":0},"end":{"line":null,"column":-1}},"type":"cond-expr","locations":[{"start":{"line":80,"column":0},"end":{"line":null,"column":-1}},{"start":{"line":80,"column":0},"end":{"line":null,"column":-1}}]}},"s":{"0":0,"1":0,"2":0,"3":0,"4":0,"5":0,"6":0,"7":0,"8":0,"9":0,"10":0,"11":0,"12":0,"13":0,"14":0,"15":0,"16":0,"17":0,"18":0,"19":0,"20":0,"21":0,"22":0,"23":0},"f":{"0":0,"1":0,"2":0},"b":{"0":[0,0],"1":[0,0],"2":[0,0]}}
,"/Users/stelli/Desktop/Blibli Future Phase 2/reims-vue-cli-pwa/src/views/ChangePasswordPage.vue": {"path":"/Users/stelli/Desktop/Blibli Future Phase 2/reims-vue-cli-pwa/src/views/ChangePasswordPage.vue","statementMap":{"0":{"start":{"line":1,"column":0},"end":{"line":null,"column":-1}},"1":{"start":{"line":2,"column":0},"end":{"line":null,"column":-1}},"2":{"start":{"line":12,"column":0},"end":{"line":null,"column":-1}},"3":{"start":{"line":21,"column":0},"end":{"line":null,"column":-1}},"4":{"start":{"line":27,"column":0},"end":{"line":null,"column":-1}},"5":{"start":{"line":28,"column":0},"end":{"line":31,"column":0}},"6":{"start":{"line":29,"column":0},"end":{"line":null,"column":-1}},"7":{"start":{"line":30,"column":0},"end":{"line":null,"column":-1}},"8":{"start":{"line":34,"column":0},"end":{"line":null,"column":-1}}},"fnMap":{},"branchMap":{"0":{"loc":{"start":{"line":28,"column":0},"end":{"line":31,"column":0}},"type":"if","locations":[{"start":{"line":28,"column":0},"end":{"line":31,"column":0}},{"start":{"line":28,"column":0},"end":{"line":31,"column":0}}]}},"s":{"0":1,"1":1,"2":6,"3":2,"4":3,"5":3,"6":1,"7":1,"8":2},"f":{},"b":{"0":[1,2]}}
,"/Users/stelli/Desktop/Blibli Future Phase 2/reims-vue-cli-pwa/src/views/CreateTransaction.vue": {"path":"/Users/stelli/Desktop/Blibli Future Phase 2/reims-vue-cli-pwa/src/views/CreateTransaction.vue","statementMap":{"0":{"start":{"line":4,"column":0},"end":{"line":null,"column":-1}},"1":{"start":{"line":5,"column":0},"end":{"line":null,"column":-1}},"2":{"start":{"line":1,"column":0},"end":{"line":null,"column":-1}},"3":{"start":{"line":2,"column":0},"end":{"line":null,"column":-1}},"4":{"start":{"line":3,"column":0},"end":{"line":null,"column":-1}},"5":{"start":{"line":13,"column":0},"end":{"line":null,"column":-1}},"6":{"start":{"line":41,"column":0},"end":{"line":null,"column":-1}},"7":{"start":{"line":44,"column":0},"end":{"line":null,"column":-1}},"8":{"start":{"line":47,"column":0},"end":{"line":null,"column":-1}},"9":{"start":{"line":50,"column":0},"end":{"line":null,"column":-1}},"10":{"start":{"line":53,"column":0},"end":{"line":null,"column":-1}},"11":{"start":{"line":59,"column":0},"end":{"line":null,"column":-1}},"12":{"start":{"line":62,"column":0},"end":{"line":64,"column":0}},"13":{"start":{"line":63,"column":0},"end":{"line":null,"column":-1}},"14":{"start":{"line":65,"column":0},"end":{"line":null,"column":-1}},"15":{"start":{"line":68,"column":0},"end":{"line":72,"column":0}},"16":{"start":{"line":69,"column":0},"end":{"line":null,"column":-1}},"17":{"start":{"line":70,"column":0},"end":{"line":72,"column":0}},"18":{"start":{"line":71,"column":0},"end":{"line":null,"column":-1}},"19":{"start":{"line":75,"column":0},"end":{"line":null,"column":-1}},"20":{"start":{"line":76,"column":0},"end":{"line":null,"column":-1}},"21":{"start":{"line":77,"column":0},"end":{"line":79,"column":0}},"22":{"start":{"line":78,"column":0},"end":{"line":null,"column":-1}},"23":{"start":{"line":82,"column":0},"end":{"line":null,"column":-1}},"24":{"start":{"line":83,"column":0},"end":{"line":null,"column":-1}},"25":{"start":{"line":86,"column":0},"end":{"line":92,"column":0}},"26":{"start":{"line":87,"column":0},"end":{"line":null,"column":-1}},"27":{"start":{"line":88,"column":0},"end":{"line":92,"column":0}},"28":{"start":{"line":89,"column":0},"end":{"line":null,"column":-1}},"29":{"start":{"line":91,"column":0},"end":{"line":null,"column":-1}},"30":{"start":{"line":95,"column":0},"end":{"line":null,"column":-1}},"31":{"start":{"line":96,"column":0},"end":{"line":null,"column":-1}},"32":{"start":{"line":99,"column":0},"end":{"line":null,"column":-1}},"33":{"start":{"line":102,"column":0},"end":{"line":null,"column":-1}},"34":{"start":{"line":103,"column":0},"end":{"line":null,"column":-1}},"35":{"start":{"line":106,"column":0},"end":{"line":110,"column":0}},"36":{"start":{"line":107,"column":0},"end":{"line":null,"column":-1}},"37":{"start":{"line":109,"column":0},"end":{"line":null,"column":-1}},"38":{"start":{"line":115,"column":0},"end":{"line":120,"column":0}},"39":{"start":{"line":119,"column":0},"end":{"line":null,"column":-1}}},"fnMap":{"0":{"name":"(anonymous_1)","decl":{"start":{"line":1,"column":0},"end":{"line":null,"column":-1}},"loc":{"start":{"line":1,"column":0},"end":{"line":null,"column":-1}}},"1":{"name":"(anonymous_3)","decl":{"start":{"line":2,"column":0},"end":{"line":null,"column":-1}},"loc":{"start":{"line":2,"column":0},"end":{"line":null,"column":-1}}},"2":{"name":"(anonymous_5)","decl":{"start":{"line":3,"column":0},"end":{"line":null,"column":-1}},"loc":{"start":{"line":3,"column":0},"end":{"line":null,"column":-1}}}},"branchMap":{"0":{"loc":{"start":{"line":53,"column":0},"end":{"line":null,"column":-1}},"type":"binary-expr","locations":[{"start":{"line":53,"column":0},"end":{"line":null,"column":-1}},{"start":{"line":53,"column":0},"end":{"line":null,"column":-1}}]},"1":{"loc":{"start":{"line":62,"column":0},"end":{"line":64,"column":0}},"type":"if","locations":[{"start":{"line":62,"column":0},"end":{"line":64,"column":0}},{"start":{"line":62,"column":0},"end":{"line":64,"column":0}}]},"2":{"loc":{"start":{"line":68,"column":0},"end":{"line":72,"column":0}},"type":"if","locations":[{"start":{"line":68,"column":0},"end":{"line":72,"column":0}},{"start":{"line":68,"column":0},"end":{"line":72,"column":0}}]},"3":{"loc":{"start":{"line":70,"column":0},"end":{"line":72,"column":0}},"type":"if","locations":[{"start":{"line":70,"column":0},"end":{"line":72,"column":0}},{"start":{"line":70,"column":0},"end":{"line":72,"column":0}}]},"4":{"loc":{"start":{"line":77,"column":0},"end":{"line":79,"column":0}},"type":"if","locations":[{"start":{"line":77,"column":0},"end":{"line":79,"column":0}},{"start":{"line":77,"column":0},"end":{"line":79,"column":0}}]},"5":{"loc":{"start":{"line":86,"column":0},"end":{"line":92,"column":0}},"type":"if","locations":[{"start":{"line":86,"column":0},"end":{"line":92,"column":0}},{"start":{"line":86,"column":0},"end":{"line":92,"column":0}}]},"6":{"loc":{"start":{"line":88,"column":0},"end":{"line":92,"column":0}},"type":"if","locations":[{"start":{"line":88,"column":0},"end":{"line":92,"column":0}},{"start":{"line":88,"column":0},"end":{"line":92,"column":0}}]},"7":{"loc":{"start":{"line":115,"column":0},"end":{"line":120,"column":0}},"type":"if","locations":[{"start":{"line":115,"column":0},"end":{"line":120,"column":0}},{"start":{"line":115,"column":0},"end":{"line":120,"column":0}}]},"8":{"loc":{"start":{"line":115,"column":0},"end":{"line":null,"column":-1}},"type":"binary-expr","locations":[{"start":{"line":115,"column":0},"end":{"line":null,"column":-1}},{"start":{"line":115,"column":0},"end":{"line":null,"column":-1}}]}},"s":{"0":0,"1":0,"2":0,"3":0,"4":0,"5":0,"6":0,"7":0,"8":0,"9":0,"10":0,"11":0,"12":0,"13":0,"14":0,"15":0,"16":0,"17":0,"18":0,"19":0,"20":0,"21":0,"22":0,"23":0,"24":0,"25":0,"26":0,"27":0,"28":0,"29":0,"30":0,"31":0,"32":0,"33":0,"34":0,"35":0,"36":0,"37":0,"38":0,"39":0},"f":{"0":0,"1":0,"2":0},"b":{"0":[0,0],"1":[0,0],"2":[0,0],"3":[0,0],"4":[0,0],"5":[0,0],"6":[0,0],"7":[0,0],"8":[0,0]}}
,"/Users/stelli/Desktop/Blibli Future Phase 2/reims-vue-cli-pwa/src/views/CreateUser.vue": {"path":"/Users/stelli/Desktop/Blibli Future Phase 2/reims-vue-cli-pwa/src/views/CreateUser.vue","statementMap":{"0":{"start":{"line":1,"column":0},"end":{"line":null,"column":-1}},"1":{"start":{"line":2,"column":0},"end":{"line":null,"column":-1}},"2":{"start":{"line":3,"column":0},"end":{"line":null,"column":-1}},"3":{"start":{"line":19,"column":0},"end":{"line":null,"column":-1}},"4":{"start":{"line":37,"column":0},"end":{"line":null,"column":-1}},"5":{"start":{"line":40,"column":0},"end":{"line":null,"column":-1}},"6":{"start":{"line":44,"column":0},"end":{"line":null,"column":-1}},"7":{"start":{"line":47,"column":0},"end":{"line":null,"column":-1}},"8":{"start":{"line":54,"column":0},"end":{"line":null,"column":-1}},"9":{"start":{"line":57,"column":0},"end":{"line":null,"column":-1}},"10":{"start":{"line":58,"column":0},"end":{"line":null,"column":-1}},"11":{"start":{"line":59,"column":0},"end":{"line":null,"column":-1}},"12":{"start":{"line":62,"column":0},"end":{"line":null,"column":-1}},"13":{"start":{"line":63,"column":0},"end":{"line":73,"column":0}},"14":{"start":{"line":64,"column":0},"end":{"line":null,"column":-1}},"15":{"start":{"line":65,"column":0},"end":{"line":null,"column":-1}},"16":{"start":{"line":66,"column":0},"end":{"line":68,"column":0}},"17":{"start":{"line":67,"column":0},"end":{"line":null,"column":-1}},"18":{"start":{"line":70,"column":0},"end":{"line":72,"column":0}},"19":{"start":{"line":71,"column":0},"end":{"line":null,"column":-1}}},"fnMap":{},"branchMap":{"0":{"loc":{"start":{"line":47,"column":0},"end":{"line":null,"column":-1}},"type":"cond-expr","locations":[{"start":{"line":47,"column":0},"end":{"line":null,"column":-1}},{"start":{"line":47,"column":0},"end":{"line":null,"column":-1}}]},"1":{"loc":{"start":{"line":63,"column":0},"end":{"line":73,"column":0}},"type":"if","locations":[{"start":{"line":63,"column":0},"end":{"line":73,"column":0}},{"start":{"line":63,"column":0},"end":{"line":73,"column":0}}]},"2":{"loc":{"start":{"line":66,"column":0},"end":{"line":68,"column":0}},"type":"if","locations":[{"start":{"line":66,"column":0},"end":{"line":68,"column":0}},{"start":{"line":66,"column":0},"end":{"line":68,"column":0}}]},"3":{"loc":{"start":{"line":66,"column":0},"end":{"line":null,"column":-1}},"type":"binary-expr","locations":[{"start":{"line":66,"column":0},"end":{"line":null,"column":-1}},{"start":{"line":66,"column":0},"end":{"line":null,"column":-1}}]},"4":{"loc":{"start":{"line":70,"column":0},"end":{"line":72,"column":0}},"type":"if","locations":[{"start":{"line":70,"column":0},"end":{"line":72,"column":0}},{"start":{"line":70,"column":0},"end":{"line":72,"column":0}}]}},"s":{"0":1,"1":1,"2":1,"3":12,"4":12,"5":9,"6":1,"7":17,"8":4,"9":3,"10":3,"11":3,"12":4,"13":4,"14":2,"15":2,"16":2,"17":1,"18":2,"19":1},"f":{},"b":{"0":[4,13],"1":[2,2],"2":[1,1],"3":[2,2],"4":[1,1]}}
,"/Users/stelli/Desktop/Blibli Future Phase 2/reims-vue-cli-pwa/src/views/EditUserFamilyProfile.vue": {"path":"/Users/stelli/Desktop/Blibli Future Phase 2/reims-vue-cli-pwa/src/views/EditUserFamilyProfile.vue","statementMap":{"0":{"start":{"line":1,"column":0},"end":{"line":null,"column":-1}},"1":{"start":{"line":2,"column":0},"end":{"line":null,"column":-1}},"2":{"start":{"line":3,"column":0},"end":{"line":null,"column":-1}},"3":{"start":{"line":20,"column":0},"end":{"line":null,"column":-1}},"4":{"start":{"line":23,"column":0},"end":{"line":null,"column":-1}},"5":{"start":{"line":29,"column":0},"end":{"line":null,"column":-1}},"6":{"start":{"line":32,"column":0},"end":{"line":null,"column":-1}},"7":{"start":{"line":35,"column":0},"end":{"line":37,"column":0}},"8":{"start":{"line":36,"column":0},"end":{"line":null,"column":-1}},"9":{"start":{"line":40,"column":0},"end":{"line":null,"column":-1}},"10":{"start":{"line":44,"column":0},"end":{"line":null,"column":-1}}},"fnMap":{"0":{"name":"(anonymous_1)","decl":{"start":{"line":35,"column":0},"end":{"line":null,"column":-1}},"loc":{"start":{"line":35,"column":0},"end":{"line":37,"column":0}}},"1":{"name":"(anonymous_2)","decl":{"start":{"line":44,"column":0},"end":{"line":null,"column":-1}},"loc":{"start":{"line":44,"column":0},"end":{"line":null,"column":-1}}}},"branchMap":{},"s":{"0":0,"1":0,"2":0,"3":0,"4":0,"5":0,"6":0,"7":0,"8":0,"9":0,"10":0},"f":{"0":0,"1":0},"b":{}}
,"/Users/stelli/Desktop/Blibli Future Phase 2/reims-vue-cli-pwa/src/views/EditUserPersonalProfile.vue": {"path":"/Users/stelli/Desktop/Blibli Future Phase 2/reims-vue-cli-pwa/src/views/EditUserPersonalProfile.vue","statementMap":{"0":{"start":{"line":1,"column":0},"end":{"line":null,"column":-1}},"1":{"start":{"line":2,"column":0},"end":{"line":null,"column":-1}},"2":{"start":{"line":3,"column":0},"end":{"line":null,"column":-1}},"3":{"start":{"line":19,"column":0},"end":{"line":null,"column":-1}},"4":{"start":{"line":32,"column":0},"end":{"line":null,"column":-1}},"5":{"start":{"line":35,"column":0},"end":{"line":null,"column":-1}},"6":{"start":{"line":38,"column":0},"end":{"line":null,"column":-1}},"7":{"start":{"line":39,"column":0},"end":{"line":null,"column":-1}},"8":{"start":{"line":43,"column":0},"end":{"line":null,"column":-1}},"9":{"start":{"line":46,"column":0},"end":{"line":null,"column":-1}},"10":{"start":{"line":51,"column":0},"end":{"line":null,"column":-1}},"11":{"start":{"line":54,"column":0},"end":{"line":null,"column":-1}},"12":{"start":{"line":61,"column":0},"end":{"line":null,"column":-1}},"13":{"start":{"line":64,"column":0},"end":{"line":null,"column":-1}},"14":{"start":{"line":65,"column":0},"end":{"line":null,"column":-1}},"15":{"start":{"line":66,"column":0},"end":{"line":null,"column":-1}},"16":{"start":{"line":69,"column":0},"end":{"line":null,"column":-1}},"17":{"start":{"line":77,"column":0},"end":{"line":79,"column":0}},"18":{"start":{"line":78,"column":0},"end":{"line":null,"column":-1}},"19":{"start":{"line":83,"column":0},"end":{"line":null,"column":-1}},"20":{"start":{"line":84,"column":0},"end":{"line":89,"column":0}},"21":{"start":{"line":85,"column":0},"end":{"line":null,"column":-1}},"22":{"start":{"line":91,"column":0},"end":{"line":null,"column":-1}},"23":{"start":{"line":95,"column":0},"end":{"line":null,"column":-1}}},"fnMap":{"0":{"name":"(anonymous_1)","decl":{"start":{"line":95,"column":0},"end":{"line":null,"column":-1}},"loc":{"start":{"line":95,"column":0},"end":{"line":null,"column":-1}}}},"branchMap":{"0":{"loc":{"start":{"line":46,"column":0},"end":{"line":null,"column":-1}},"type":"cond-expr","locations":[{"start":{"line":46,"column":0},"end":{"line":null,"column":-1}},{"start":{"line":46,"column":0},"end":{"line":null,"column":-1}}]},"1":{"loc":{"start":{"line":54,"column":0},"end":{"line":null,"column":-1}},"type":"cond-expr","locations":[{"start":{"line":54,"column":0},"end":{"line":null,"column":-1}},{"start":{"line":54,"column":0},"end":{"line":null,"column":-1}}]},"2":{"loc":{"start":{"line":77,"column":0},"end":{"line":79,"column":0}},"type":"if","locations":[{"start":{"line":77,"column":0},"end":{"line":79,"column":0}},{"start":{"line":77,"column":0},"end":{"line":79,"column":0}}]},"3":{"loc":{"start":{"line":84,"column":0},"end":{"line":89,"column":0}},"type":"if","locations":[{"start":{"line":84,"column":0},"end":{"line":89,"column":0}},{"start":{"line":84,"column":0},"end":{"line":89,"column":0}}]}},"s":{"0":0,"1":0,"2":0,"3":0,"4":0,"5":0,"6":0,"7":0,"8":0,"9":0,"10":0,"11":0,"12":0,"13":0,"14":0,"15":0,"16":0,"17":0,"18":0,"19":0,"20":0,"21":0,"22":0,"23":0},"f":{"0":0},"b":{"0":[0,0],"1":[0,0],"2":[0,0],"3":[0,0]}}
,"/Users/stelli/Desktop/Blibli Future Phase 2/reims-vue-cli-pwa/src/views/HomePage.vue": {"path":"/Users/stelli/Desktop/Blibli Future Phase 2/reims-vue-cli-pwa/src/views/HomePage.vue","statementMap":{"0":{"start":{"line":5,"column":0},"end":{"line":null,"column":-1}},"1":{"start":{"line":1,"column":0},"end":{"line":null,"column":-1}},"2":{"start":{"line":2,"column":0},"end":{"line":null,"column":-1}},"3":{"start":{"line":3,"column":0},"end":{"line":null,"column":-1}},"4":{"start":{"line":4,"column":0},"end":{"line":null,"column":-1}},"5":{"start":{"line":15,"column":0},"end":{"line":null,"column":-1}},"6":{"start":{"line":28,"column":0},"end":{"line":null,"column":-1}},"7":{"start":{"line":36,"column":0},"end":{"line":null,"column":-1}},"8":{"start":{"line":39,"column":0},"end":{"line":null,"column":-1}},"9":{"start":{"line":42,"column":0},"end":{"line":46,"column":0}},"10":{"start":{"line":43,"column":0},"end":{"line":45,"column":0}},"11":{"start":{"line":44,"column":0},"end":{"line":null,"column":-1}},"12":{"start":{"line":49,"column":0},"end":{"line":null,"column":-1}},"13":{"start":{"line":52,"column":0},"end":{"line":54,"column":0}},"14":{"start":{"line":53,"column":0},"end":{"line":null,"column":-1}},"15":{"start":{"line":57,"column":0},"end":{"line":null,"column":-1}},"16":{"start":{"line":60,"column":0},"end":{"line":null,"column":-1}},"17":{"start":{"line":65,"column":0},"end":{"line":null,"column":-1}},"18":{"start":{"line":69,"column":0},"end":{"line":null,"column":-1}},"19":{"start":{"line":70,"column":0},"end":{"line":null,"column":-1}}},"fnMap":{"0":{"name":"(anonymous_1)","decl":{"start":{"line":1,"column":0},"end":{"line":null,"column":-1}},"loc":{"start":{"line":1,"column":0},"end":{"line":null,"column":-1}}},"1":{"name":"(anonymous_3)","decl":{"start":{"line":2,"column":0},"end":{"line":null,"column":-1}},"loc":{"start":{"line":2,"column":0},"end":{"line":null,"column":-1}}},"2":{"name":"(anonymous_5)","decl":{"start":{"line":3,"column":0},"end":{"line":null,"column":-1}},"loc":{"start":{"line":3,"column":0},"end":{"line":null,"column":-1}}},"3":{"name":"(anonymous_7)","decl":{"start":{"line":4,"column":0},"end":{"line":null,"column":-1}},"loc":{"start":{"line":4,"column":0},"end":{"line":null,"column":-1}}},"4":{"name":"(anonymous_9)","decl":{"start":{"line":42,"column":0},"end":{"line":null,"column":-1}},"loc":{"start":{"line":42,"column":0},"end":{"line":46,"column":0}}},"5":{"name":"(anonymous_10)","decl":{"start":{"line":52,"column":0},"end":{"line":null,"column":-1}},"loc":{"start":{"line":52,"column":0},"end":{"line":54,"column":0}}}},"branchMap":{"0":{"loc":{"start":{"line":18,"column":0},"end":{"line":null,"column":-1}},"type":"binary-expr","locations":[{"start":{"line":18,"column":0},"end":{"line":null,"column":-1}},{"start":{"line":18,"column":0},"end":{"line":null,"column":-1}}]},"1":{"loc":{"start":{"line":19,"column":0},"end":{"line":null,"column":-1}},"type":"binary-expr","locations":[{"start":{"line":19,"column":0},"end":{"line":null,"column":-1}},{"start":{"line":19,"column":0},"end":{"line":null,"column":-1}}]},"2":{"loc":{"start":{"line":43,"column":0},"end":{"line":45,"column":0}},"type":"if","locations":[{"start":{"line":43,"column":0},"end":{"line":45,"column":0}},{"start":{"line":43,"column":0},"end":{"line":45,"column":0}}]}},"s":{"0":1,"1":1,"2":1,"3":1,"4":3,"5":7,"6":8,"7":2,"8":1,"9":14,"10":14,"11":1,"12":1,"13":1,"14":1,"15":1,"16":1,"17":6,"18":7,"19":7},"f":{"0":0,"1":0,"2":0,"3":2,"4":14,"5":1},"b":{"0":[7,3],"1":[7,3],"2":[1,13]}}
,"/Users/stelli/Desktop/Blibli Future Phase 2/reims-vue-cli-pwa/src/views/LoginPage.vue": {"path":"/Users/stelli/Desktop/Blibli Future Phase 2/reims-vue-cli-pwa/src/views/LoginPage.vue","statementMap":{"0":{"start":{"line":1,"column":0},"end":{"line":null,"column":-1}},"1":{"start":{"line":2,"column":0},"end":{"line":null,"column":-1}},"2":{"start":{"line":4,"column":0},"end":{"line":null,"column":-1}},"3":{"start":{"line":17,"column":0},"end":{"line":null,"column":-1}},"4":{"start":{"line":32,"column":0},"end":{"line":null,"column":-1}},"5":{"start":{"line":33,"column":0},"end":{"line":37,"column":0}},"6":{"start":{"line":34,"column":0},"end":{"line":36,"column":0}},"7":{"start":{"line":35,"column":0},"end":{"line":null,"column":-1}}},"fnMap":{"0":{"name":"(anonymous_1)","decl":{"start":{"line":34,"column":0},"end":{"line":null,"column":-1}},"loc":{"start":{"line":34,"column":0},"end":{"line":36,"column":0}}}},"branchMap":{"0":{"loc":{"start":{"line":33,"column":0},"end":{"line":37,"column":0}},"type":"if","locations":[{"start":{"line":33,"column":0},"end":{"line":37,"column":0}},{"start":{"line":33,"column":0},"end":{"line":37,"column":0}}]}},"s":{"0":1,"1":1,"2":1,"3":1,"4":1,"5":1,"6":1,"7":1},"f":{"0":1},"b":{"0":[1,0]}}
,"/Users/stelli/Desktop/Blibli Future Phase 2/reims-vue-cli-pwa/src/views/ManageUser.vue": {"path":"/Users/stelli/Desktop/Blibli Future Phase 2/reims-vue-cli-pwa/src/views/ManageUser.vue","statementMap":{"0":{"start":{"line":4,"column":0},"end":{"line":null,"column":-1}},"1":{"start":{"line":1,"column":0},"end":{"line":null,"column":-1}},"2":{"start":{"line":2,"column":0},"end":{"line":null,"column":-1}},"3":{"start":{"line":13,"column":0},"end":{"line":null,"column":-1}},"4":{"start":{"line":25,"column":0},"end":{"line":null,"column":-1}},"5":{"start":{"line":28,"column":0},"end":{"line":null,"column":-1}},"6":{"start":{"line":31,"column":0},"end":{"line":null,"column":-1}},"7":{"start":{"line":32,"column":0},"end":{"line":null,"column":-1}},"8":{"start":{"line":33,"column":0},"end":{"line":null,"column":-1}},"9":{"start":{"line":36,"column":0},"end":{"line":null,"column":-1}},"10":{"start":{"line":37,"column":0},"end":{"line":null,"column":-1}},"11":{"start":{"line":38,"column":0},"end":{"line":null,"column":-1}},"12":{"start":{"line":41,"column":0},"end":{"line":43,"column":0}},"13":{"start":{"line":42,"column":0},"end":{"line":null,"column":-1}},"14":{"start":{"line":48,"column":0},"end":{"line":null,"column":-1}},"15":{"start":{"line":52,"column":0},"end":{"line":null,"column":-1}},"16":{"start":{"line":53,"column":0},"end":{"line":null,"column":-1}}},"fnMap":{"0":{"name":"(anonymous_1)","decl":{"start":{"line":1,"column":0},"end":{"line":null,"column":-1}},"loc":{"start":{"line":1,"column":0},"end":{"line":null,"column":-1}}},"1":{"name":"(anonymous_3)","decl":{"start":{"line":2,"column":0},"end":{"line":null,"column":-1}},"loc":{"start":{"line":2,"column":0},"end":{"line":null,"column":-1}}},"2":{"name":"(anonymous_5)","decl":{"start":{"line":41,"column":0},"end":{"line":null,"column":-1}},"loc":{"start":{"line":41,"column":0},"end":{"line":43,"column":0}}}},"branchMap":{"0":{"loc":{"start":{"line":14,"column":0},"end":{"line":null,"column":-1}},"type":"binary-expr","locations":[{"start":{"line":14,"column":0},"end":{"line":null,"column":-1}},{"start":{"line":14,"column":0},"end":{"line":null,"column":-1}}]},"1":{"loc":{"start":{"line":15,"column":0},"end":{"line":null,"column":-1}},"type":"binary-expr","locations":[{"start":{"line":15,"column":0},"end":{"line":null,"column":-1}},{"start":{"line":15,"column":0},"end":{"line":null,"column":-1}}]},"2":{"loc":{"start":{"line":17,"column":0},"end":{"line":null,"column":-1}},"type":"binary-expr","locations":[{"start":{"line":17,"column":0},"end":{"line":null,"column":-1}},{"start":{"line":17,"column":0},"end":{"line":null,"column":-1}}]}},"s":{"0":1,"1":1,"2":1,"3":10,"4":1,"5":10,"6":1,"7":1,"8":1,"9":1,"10":1,"11":1,"12":1,"13":1,"14":6,"15":4,"16":4},"f":{"0":0,"1":0,"2":1},"b":{"0":[10,4],"1":[10,4],"2":[10,8]}}
,"/Users/stelli/Desktop/Blibli Future Phase 2/reims-vue-cli-pwa/src/views/TransactionDetail.vue": {"path":"/Users/stelli/Desktop/Blibli Future Phase 2/reims-vue-cli-pwa/src/views/TransactionDetail.vue","statementMap":{"0":{"start":{"line":4,"column":0},"end":{"line":null,"column":-1}},"1":{"start":{"line":1,"column":0},"end":{"line":null,"column":-1}},"2":{"start":{"line":2,"column":0},"end":{"line":null,"column":-1}},"3":{"start":{"line":11,"column":0},"end":{"line":null,"column":-1}},"4":{"start":{"line":18,"column":0},"end":{"line":null,"column":-1}},"5":{"start":{"line":21,"column":0},"end":{"line":null,"column":-1}},"6":{"start":{"line":24,"column":0},"end":{"line":null,"column":-1}},"7":{"start":{"line":29,"column":0},"end":{"line":null,"column":-1}},"8":{"start":{"line":32,"column":0},"end":{"line":null,"column":-1}},"9":{"start":{"line":35,"column":0},"end":{"line":null,"column":-1}},"10":{"start":{"line":42,"column":0},"end":{"line":45,"column":0}},"11":{"start":{"line":43,"column":0},"end":{"line":null,"column":-1}},"12":{"start":{"line":44,"column":0},"end":{"line":null,"column":-1}}},"fnMap":{"0":{"name":"(anonymous_1)","decl":{"start":{"line":1,"column":0},"end":{"line":null,"column":-1}},"loc":{"start":{"line":1,"column":0},"end":{"line":null,"column":-1}}},"1":{"name":"(anonymous_3)","decl":{"start":{"line":2,"column":0},"end":{"line":null,"column":-1}},"loc":{"start":{"line":2,"column":0},"end":{"line":null,"column":-1}}},"2":{"name":"(anonymous_5)","decl":{"start":{"line":42,"column":0},"end":{"line":null,"column":-1}},"loc":{"start":{"line":42,"column":0},"end":{"line":45,"column":0}}}},"branchMap":{"0":{"loc":{"start":{"line":24,"column":0},"end":{"line":null,"column":-1}},"type":"cond-expr","locations":[{"start":{"line":24,"column":0},"end":{"line":null,"column":-1}},{"start":{"line":24,"column":0},"end":{"line":null,"column":-1}}]},"1":{"loc":{"start":{"line":29,"column":0},"end":{"line":null,"column":-1}},"type":"cond-expr","locations":[{"start":{"line":29,"column":0},"end":{"line":null,"column":-1}},{"start":{"line":29,"column":0},"end":{"line":null,"column":-1}}]},"2":{"loc":{"start":{"line":32,"column":0},"end":{"line":null,"column":-1}},"type":"cond-expr","locations":[{"start":{"line":32,"column":0},"end":{"line":null,"column":-1}},{"start":{"line":32,"column":0},"end":{"line":null,"column":-1}}]}},"s":{"0":1,"1":1,"2":1,"3":3,"4":3,"5":3,"6":3,"7":3,"8":3,"9":3,"10":3,"11":3,"12":3},"f":{"0":0,"1":0,"2":3},"b":{"0":[3,0],"1":[3,0],"2":[3,0]}}
,"/Users/stelli/Desktop/Blibli Future Phase 2/reims-vue-cli-pwa/src/views/UserDetail.vue": {"path":"/Users/stelli/Desktop/Blibli Future Phase 2/reims-vue-cli-pwa/src/views/UserDetail.vue","statementMap":{"0":{"start":{"line":1,"column":0},"end":{"line":null,"column":-1}},"1":{"start":{"line":2,"column":0},"end":{"line":null,"column":-1}},"2":{"start":{"line":10,"column":0},"end":{"line":null,"column":-1}},"3":{"start":{"line":24,"column":0},"end":{"line":null,"column":-1}},"4":{"start":{"line":29,"column":0},"end":{"line":null,"column":-1}}},"fnMap":{},"branchMap":{},"s":{"0":1,"1":1,"2":1,"3":2,"4":1},"f":{},"b":{}}
}
