{"D:\\BlibliFuturePhase2\\reims-vue-cli-pwa\\src\\components\\CropImage.vue": {"path":"D:\\BlibliFuturePhase2\\reims-vue-cli-pwa\\src\\components\\CropImage.vue","statementMap":{"0":{"start":{"line":1,"column":0},"end":{"line":null,"column":-1}},"1":{"start":{"line":5,"column":0},"end":{"line":null,"column":-1}},"2":{"start":{"line":14,"column":0},"end":{"line":16,"column":0}},"3":{"start":{"line":15,"column":0},"end":{"line":null,"column":-1}},"4":{"start":{"line":19,"column":0},"end":{"line":null,"column":-1}},"5":{"start":{"line":20,"column":0},"end":{"line":null,"column":-1}},"6":{"start":{"line":23,"column":0},"end":{"line":null,"column":-1}},"7":{"start":{"line":26,"column":0},"end":{"line":null,"column":-1}},"8":{"start":{"line":29,"column":0},"end":{"line":null,"column":-1}}},"fnMap":{},"branchMap":{"0":{"loc":{"start":{"line":14,"column":0},"end":{"line":16,"column":0}},"type":"if","locations":[{"start":{"line":14,"column":0},"end":{"line":16,"column":0}},{"start":{"line":14,"column":0},"end":{"line":16,"column":0}}]}},"s":{"0":0,"1":0,"2":0,"3":0,"4":0,"5":0,"6":0,"7":0,"8":0},"f":{},"b":{"0":[0,0]}}
,"D:\\BlibliFuturePhase2\\reims-vue-cli-pwa\\src\\components\\FilterImage.vue": {"path":"D:\\BlibliFuturePhase2\\reims-vue-cli-pwa\\src\\components\\FilterImage.vue","statementMap":{"0":{"start":{"line":1,"column":0},"end":{"line":null,"column":-1}},"1":{"start":{"line":12,"column":0},"end":{"line":null,"column":-1}},"2":{"start":{"line":20,"column":0},"end":{"line":null,"column":-1}},"3":{"start":{"line":24,"column":0},"end":{"line":26,"column":0}},"4":{"start":{"line":25,"column":0},"end":{"line":null,"column":-1}},"5":{"start":{"line":27,"column":0},"end":{"line":null,"column":-1}},"6":{"start":{"line":39,"column":0},"end":{"line":41,"column":0}},"7":{"start":{"line":40,"column":0},"end":{"line":null,"column":-1}},"8":{"start":{"line":43,"column":0},"end":{"line":null,"column":-1}},"9":{"start":{"line":44,"column":0},"end":{"line":null,"column":-1}},"10":{"start":{"line":45,"column":0},"end":{"line":50,"column":0}},"11":{"start":{"line":46,"column":0},"end":{"line":49,"column":0}},"12":{"start":{"line":47,"column":0},"end":{"line":null,"column":-1}},"13":{"start":{"line":51,"column":0},"end":{"line":null,"column":-1}},"14":{"start":{"line":54,"column":0},"end":{"line":null,"column":-1}},"15":{"start":{"line":57,"column":0},"end":{"line":null,"column":-1}},"16":{"start":{"line":64,"column":0},"end":{"line":66,"column":0}},"17":{"start":{"line":65,"column":0},"end":{"line":null,"column":-1}},"18":{"start":{"line":69,"column":0},"end":{"line":null,"column":-1}},"19":{"start":{"line":74,"column":0},"end":{"line":null,"column":-1}},"20":{"start":{"line":75,"column":0},"end":{"line":null,"column":-1}},"21":{"start":{"line":76,"column":0},"end":{"line":null,"column":-1}},"22":{"start":{"line":78,"column":0},"end":{"line":null,"column":-1}},"23":{"start":{"line":79,"column":0},"end":{"line":null,"column":-1}},"24":{"start":{"line":80,"column":0},"end":{"line":null,"column":-1}},"25":{"start":{"line":81,"column":0},"end":{"line":null,"column":-1}},"26":{"start":{"line":82,"column":0},"end":{"line":null,"column":-1}},"27":{"start":{"line":83,"column":0},"end":{"line":null,"column":-1}},"28":{"start":{"line":84,"column":0},"end":{"line":null,"column":-1}},"29":{"start":{"line":85,"column":0},"end":{"line":null,"column":-1}},"30":{"start":{"line":88,"column":0},"end":{"line":null,"column":-1}},"31":{"start":{"line":91,"column":0},"end":{"line":106,"column":0}},"32":{"start":{"line":93,"column":0},"end":{"line":null,"column":-1}},"33":{"start":{"line":94,"column":0},"end":{"line":null,"column":-1}},"34":{"start":{"line":98,"column":0},"end":{"line":null,"column":-1}},"35":{"start":{"line":101,"column":0},"end":{"line":null,"column":-1}},"36":{"start":{"line":105,"column":0},"end":{"line":null,"column":-1}},"37":{"start":{"line":107,"column":0},"end":{"line":null,"column":-1}}},"fnMap":{"0":{"name":"(anonymous_1)","decl":{"start":{"line":64,"column":0},"end":{"line":null,"column":-1}},"loc":{"start":{"line":64,"column":0},"end":{"line":66,"column":0}}},"1":{"name":"(anonymous_2)","decl":{"start":{"line":91,"column":0},"end":{"line":null,"column":-1}},"loc":{"start":{"line":91,"column":0},"end":{"line":99,"column":0}}},"2":{"name":"(anonymous_3)","decl":{"start":{"line":99,"column":0},"end":{"line":null,"column":-1}},"loc":{"start":{"line":99,"column":0},"end":{"line":106,"column":0}}}},"branchMap":{"0":{"loc":{"start":{"line":24,"column":0},"end":{"line":26,"column":0}},"type":"if","locations":[{"start":{"line":24,"column":0},"end":{"line":26,"column":0}},{"start":{"line":24,"column":0},"end":{"line":26,"column":0}}]},"1":{"loc":{"start":{"line":39,"column":0},"end":{"line":41,"column":0}},"type":"if","locations":[{"start":{"line":39,"column":0},"end":{"line":41,"column":0}},{"start":{"line":39,"column":0},"end":{"line":41,"column":0}}]},"2":{"loc":{"start":{"line":46,"column":0},"end":{"line":49,"column":0}},"type":"if","locations":[{"start":{"line":46,"column":0},"end":{"line":49,"column":0}},{"start":{"line":46,"column":0},"end":{"line":49,"column":0}}]}},"s":{"0":0,"1":0,"2":0,"3":0,"4":0,"5":0,"6":0,"7":0,"8":0,"9":0,"10":0,"11":0,"12":0,"13":0,"14":0,"15":0,"16":0,"17":0,"18":0,"19":0,"20":0,"21":0,"22":0,"23":0,"24":0,"25":0,"26":0,"27":0,"28":0,"29":0,"30":0,"31":0,"32":0,"33":0,"34":0,"35":0,"36":0,"37":0},"f":{"0":0,"1":0,"2":0},"b":{"0":[0,0],"1":[0,0],"2":[0,0]}}
,"D:\\BlibliFuturePhase2\\reims-vue-cli-pwa\\src\\components\\FuelForm.vue": {"path":"D:\\BlibliFuturePhase2\\reims-vue-cli-pwa\\src\\components\\FuelForm.vue","statementMap":{"0":{"start":{"line":1,"column":0},"end":{"line":null,"column":-1}},"1":{"start":{"line":2,"column":0},"end":{"line":null,"column":-1}},"2":{"start":{"line":3,"column":0},"end":{"line":null,"column":-1}},"3":{"start":{"line":4,"column":0},"end":{"line":null,"column":-1}},"4":{"start":{"line":5,"column":0},"end":{"line":null,"column":-1}},"5":{"start":{"line":6,"column":0},"end":{"line":null,"column":-1}},"6":{"start":{"line":23,"column":0},"end":{"line":null,"column":-1}},"7":{"start":{"line":34,"column":0},"end":{"line":null,"column":-1}},"8":{"start":{"line":35,"column":0},"end":{"line":37,"column":0}},"9":{"start":{"line":36,"column":0},"end":{"line":null,"column":-1}},"10":{"start":{"line":38,"column":0},"end":{"line":null,"column":-1}},"11":{"start":{"line":41,"column":0},"end":{"line":null,"column":-1}},"12":{"start":{"line":50,"column":0},"end":{"line":null,"column":-1}},"13":{"start":{"line":53,"column":0},"end":{"line":null,"column":-1}},"14":{"start":{"line":54,"column":0},"end":{"line":75,"column":0}},"15":{"start":{"line":55,"column":0},"end":{"line":null,"column":-1}},"16":{"start":{"line":56,"column":0},"end":{"line":null,"column":-1}},"17":{"start":{"line":57,"column":0},"end":{"line":null,"column":-1}},"18":{"start":{"line":58,"column":0},"end":{"line":72,"column":0}},"19":{"start":{"line":59,"column":0},"end":{"line":null,"column":-1}},"20":{"start":{"line":60,"column":0},"end":{"line":null,"column":-1}},"21":{"start":{"line":64,"column":0},"end":{"line":null,"column":-1}},"22":{"start":{"line":66,"column":0},"end":{"line":null,"column":-1}},"23":{"start":{"line":67,"column":0},"end":{"line":null,"column":-1}},"24":{"start":{"line":71,"column":0},"end":{"line":null,"column":-1}},"25":{"start":{"line":74,"column":0},"end":{"line":null,"column":-1}},"26":{"start":{"line":78,"column":0},"end":{"line":null,"column":-1}},"27":{"start":{"line":84,"column":0},"end":{"line":null,"column":-1}}},"fnMap":{"0":{"name":"(anonymous_1)","decl":{"start":{"line":58,"column":0},"end":{"line":null,"column":-1}},"loc":{"start":{"line":58,"column":0},"end":{"line":65,"column":0}}},"1":{"name":"(anonymous_2)","decl":{"start":{"line":65,"column":0},"end":{"line":null,"column":-1}},"loc":{"start":{"line":65,"column":0},"end":{"line":72,"column":0}}}},"branchMap":{"0":{"loc":{"start":{"line":35,"column":0},"end":{"line":37,"column":0}},"type":"if","locations":[{"start":{"line":35,"column":0},"end":{"line":37,"column":0}},{"start":{"line":35,"column":0},"end":{"line":37,"column":0}}]},"1":{"loc":{"start":{"line":36,"column":0},"end":{"line":null,"column":-1}},"type":"binary-expr","locations":[{"start":{"line":36,"column":0},"end":{"line":null,"column":-1}},{"start":{"line":36,"column":0},"end":{"line":null,"column":-1}}]},"2":{"loc":{"start":{"line":38,"column":0},"end":{"line":null,"column":-1}},"type":"binary-expr","locations":[{"start":{"line":38,"column":0},"end":{"line":null,"column":-1}},{"start":{"line":38,"column":0},"end":{"line":null,"column":-1}}]},"3":{"loc":{"start":{"line":41,"column":0},"end":{"line":null,"column":-1}},"type":"cond-expr","locations":[{"start":{"line":41,"column":0},"end":{"line":null,"column":-1}},{"start":{"line":41,"column":0},"end":{"line":null,"column":-1}}]},"4":{"loc":{"start":{"line":54,"column":0},"end":{"line":75,"column":0}},"type":"if","locations":[{"start":{"line":54,"column":0},"end":{"line":75,"column":0}},{"start":{"line":54,"column":0},"end":{"line":75,"column":0}}]}},"s":{"0":0,"1":0,"2":0,"3":0,"4":0,"5":0,"6":0,"7":0,"8":0,"9":0,"10":0,"11":0,"12":0,"13":0,"14":0,"15":0,"16":0,"17":0,"18":0,"19":0,"20":0,"21":0,"22":0,"23":0,"24":0,"25":0,"26":0,"27":0},"f":{"0":0,"1":0},"b":{"0":[0,0],"1":[0,0],"2":[0,0],"3":[0,0],"4":[0,0]}}
,"D:\\BlibliFuturePhase2\\reims-vue-cli-pwa\\src\\components\\NotificationBar.vue": {"path":"D:\\BlibliFuturePhase2\\reims-vue-cli-pwa\\src\\components\\NotificationBar.vue","statementMap":{"0":{"start":{"line":1,"column":0},"end":{"line":null,"column":-1}},"1":{"start":{"line":4,"column":0},"end":{"line":null,"column":-1}},"2":{"start":{"line":9,"column":0},"end":{"line":null,"column":-1}},"3":{"start":{"line":15,"column":0},"end":{"line":null,"column":-1}},"4":{"start":{"line":25,"column":0},"end":{"line":null,"column":-1}}},"fnMap":{"0":{"name":"(anonymous_1)","decl":{"start":{"line":9,"column":0},"end":{"line":null,"column":-1}},"loc":{"start":{"line":9,"column":0},"end":{"line":null,"column":-1}}}},"branchMap":{},"s":{"0":1,"1":1,"2":2,"3":0,"4":1},"f":{"0":1},"b":{}}
,"D:\\BlibliFuturePhase2\\reims-vue-cli-pwa\\src\\components\\NotificationContainer.vue": {"path":"D:\\BlibliFuturePhase2\\reims-vue-cli-pwa\\src\\components\\NotificationContainer.vue","statementMap":{"0":{"start":{"line":2,"column":0},"end":{"line":null,"column":-1}},"1":{"start":{"line":3,"column":0},"end":{"line":null,"column":-1}}},"fnMap":{},"branchMap":{},"s":{"0":0,"1":0},"f":{},"b":{}}
,"D:\\BlibliFuturePhase2\\reims-vue-cli-pwa\\src\\components\\Pagination.vue": {"path":"D:\\BlibliFuturePhase2\\reims-vue-cli-pwa\\src\\components\\Pagination.vue","statementMap":{"0":{"start":{"line":6,"column":0},"end":{"line":null,"column":-1}},"1":{"start":{"line":13,"column":0},"end":{"line":null,"column":-1}},"2":{"start":{"line":16,"column":0},"end":{"line":null,"column":-1}},"3":{"start":{"line":22,"column":0},"end":{"line":null,"column":-1}},"4":{"start":{"line":23,"column":0},"end":{"line":null,"column":-1}}},"fnMap":{},"branchMap":{"0":{"loc":{"start":{"line":7,"column":0},"end":{"line":null,"column":-1}},"type":"binary-expr","locations":[{"start":{"line":7,"column":0},"end":{"line":null,"column":-1}},{"start":{"line":7,"column":0},"end":{"line":null,"column":-1}}]}},"s":{"0":0,"1":0,"2":0,"3":0,"4":0},"f":{},"b":{"0":[0,0]}}
,"D:\\BlibliFuturePhase2\\reims-vue-cli-pwa\\src\\components\\ParkingForm.vue": {"path":"D:\\BlibliFuturePhase2\\reims-vue-cli-pwa\\src\\components\\ParkingForm.vue","statementMap":{"0":{"start":{"line":1,"column":0},"end":{"line":null,"column":-1}},"1":{"start":{"line":2,"column":0},"end":{"line":null,"column":-1}},"2":{"start":{"line":3,"column":0},"end":{"line":null,"column":-1}},"3":{"start":{"line":4,"column":0},"end":{"line":null,"column":-1}},"4":{"start":{"line":5,"column":0},"end":{"line":null,"column":-1}},"5":{"start":{"line":24,"column":0},"end":{"line":null,"column":-1}},"6":{"start":{"line":39,"column":0},"end":{"line":null,"column":-1}},"7":{"start":{"line":42,"column":0},"end":{"line":null,"column":-1}},"8":{"start":{"line":43,"column":0},"end":{"line":62,"column":0}},"9":{"start":{"line":44,"column":0},"end":{"line":null,"column":-1}},"10":{"start":{"line":45,"column":0},"end":{"line":null,"column":-1}},"11":{"start":{"line":46,"column":0},"end":{"line":59,"column":0}},"12":{"start":{"line":47,"column":0},"end":{"line":null,"column":-1}},"13":{"start":{"line":48,"column":0},"end":{"line":null,"column":-1}},"14":{"start":{"line":52,"column":0},"end":{"line":null,"column":-1}},"15":{"start":{"line":54,"column":0},"end":{"line":null,"column":-1}},"16":{"start":{"line":58,"column":0},"end":{"line":null,"column":-1}},"17":{"start":{"line":61,"column":0},"end":{"line":null,"column":-1}},"18":{"start":{"line":65,"column":0},"end":{"line":null,"column":-1}},"19":{"start":{"line":66,"column":0},"end":{"line":null,"column":-1}},"20":{"start":{"line":72,"column":0},"end":{"line":null,"column":-1}},"21":{"start":{"line":76,"column":0},"end":{"line":null,"column":-1}},"22":{"start":{"line":77,"column":0},"end":{"line":null,"column":-1}}},"fnMap":{"0":{"name":"(anonymous_1)","decl":{"start":{"line":46,"column":0},"end":{"line":null,"column":-1}},"loc":{"start":{"line":46,"column":0},"end":{"line":53,"column":0}}},"1":{"name":"(anonymous_2)","decl":{"start":{"line":53,"column":0},"end":{"line":null,"column":-1}},"loc":{"start":{"line":53,"column":0},"end":{"line":59,"column":0}}}},"branchMap":{"0":{"loc":{"start":{"line":43,"column":0},"end":{"line":62,"column":0}},"type":"if","locations":[{"start":{"line":43,"column":0},"end":{"line":62,"column":0}},{"start":{"line":43,"column":0},"end":{"line":62,"column":0}}]}},"s":{"0":0,"1":0,"2":0,"3":0,"4":0,"5":0,"6":0,"7":0,"8":0,"9":0,"10":0,"11":0,"12":0,"13":0,"14":0,"15":0,"16":0,"17":0,"18":0,"19":0,"20":0,"21":0,"22":0},"f":{"0":0,"1":0},"b":{"0":[0,0]}}
,"D:\\BlibliFuturePhase2\\reims-vue-cli-pwa\\src\\components\\SortFilter.vue": {"path":"D:\\BlibliFuturePhase2\\reims-vue-cli-pwa\\src\\components\\SortFilter.vue","statementMap":{"0":{"start":{"line":1,"column":0},"end":{"line":null,"column":-1}},"1":{"start":{"line":5,"column":0},"end":{"line":null,"column":-1}},"2":{"start":{"line":13,"column":0},"end":{"line":null,"column":-1}},"3":{"start":{"line":16,"column":0},"end":{"line":null,"column":-1}},"4":{"start":{"line":17,"column":0},"end":{"line":null,"column":-1}},"5":{"start":{"line":20,"column":0},"end":{"line":null,"column":-1}},"6":{"start":{"line":29,"column":0},"end":{"line":null,"column":-1}}},"fnMap":{},"branchMap":{},"s":{"0":0,"1":0,"2":0,"3":0,"4":0,"5":0,"6":0},"f":{},"b":{}}
,"D:\\BlibliFuturePhase2\\reims-vue-cli-pwa\\src\\components\\TransactionCard.vue": {"path":"D:\\BlibliFuturePhase2\\reims-vue-cli-pwa\\src\\components\\TransactionCard.vue","statementMap":{"0":{"start":{"line":1,"column":0},"end":{"line":null,"column":-1}},"1":{"start":{"line":9,"column":0},"end":{"line":null,"column":-1}},"2":{"start":{"line":15,"column":0},"end":{"line":null,"column":-1}},"3":{"start":{"line":23,"column":0},"end":{"line":25,"column":0}},"4":{"start":{"line":24,"column":0},"end":{"line":null,"column":-1}},"5":{"start":{"line":28,"column":0},"end":{"line":null,"column":-1}}},"fnMap":{"0":{"name":"(anonymous_1)","decl":{"start":{"line":23,"column":0},"end":{"line":null,"column":-1}},"loc":{"start":{"line":23,"column":0},"end":{"line":25,"column":0}}}},"branchMap":{},"s":{"0":0,"1":0,"2":0,"3":0,"4":0,"5":0},"f":{"0":0},"b":{}}
,"D:\\BlibliFuturePhase2\\reims-vue-cli-pwa\\src\\components\\TransactionForm.vue": {"path":"D:\\BlibliFuturePhase2\\reims-vue-cli-pwa\\src\\components\\TransactionForm.vue","statementMap":{"0":{"start":{"line":1,"column":0},"end":{"line":null,"column":-1}},"1":{"start":{"line":2,"column":0},"end":{"line":null,"column":-1}},"2":{"start":{"line":3,"column":0},"end":{"line":null,"column":-1}},"3":{"start":{"line":5,"column":0},"end":{"line":null,"column":-1}},"4":{"start":{"line":31,"column":0},"end":{"line":null,"column":-1}},"5":{"start":{"line":41,"column":0},"end":{"line":null,"column":-1}},"6":{"start":{"line":44,"column":0},"end":{"line":null,"column":-1}},"7":{"start":{"line":49,"column":0},"end":{"line":null,"column":-1}},"8":{"start":{"line":63,"column":0},"end":{"line":null,"column":-1}},"9":{"start":{"line":76,"column":0},"end":{"line":78,"column":0}},"10":{"start":{"line":77,"column":0},"end":{"line":null,"column":-1}},"11":{"start":{"line":83,"column":0},"end":{"line":null,"column":-1}},"12":{"start":{"line":88,"column":0},"end":{"line":95,"column":0}},"13":{"start":{"line":91,"column":0},"end":{"line":null,"column":-1}},"14":{"start":{"line":92,"column":0},"end":{"line":null,"column":-1}},"15":{"start":{"line":93,"column":0},"end":{"line":null,"column":-1}},"16":{"start":{"line":94,"column":0},"end":{"line":null,"column":-1}}},"fnMap":{"0":{"name":"(anonymous_1)","decl":{"start":{"line":88,"column":0},"end":{"line":null,"column":-1}},"loc":{"start":{"line":88,"column":0},"end":{"line":95,"column":0}}}},"branchMap":{"0":{"loc":{"start":{"line":44,"column":0},"end":{"line":null,"column":-1}},"type":"cond-expr","locations":[{"start":{"line":44,"column":0},"end":{"line":null,"column":-1}},{"start":{"line":44,"column":0},"end":{"line":null,"column":-1}}]},"1":{"loc":{"start":{"line":76,"column":0},"end":{"line":78,"column":0}},"type":"if","locations":[{"start":{"line":76,"column":0},"end":{"line":78,"column":0}},{"start":{"line":76,"column":0},"end":{"line":78,"column":0}}]}},"s":{"0":0,"1":0,"2":0,"3":0,"4":0,"5":0,"6":0,"7":0,"8":0,"9":0,"10":0,"11":0,"12":0,"13":0,"14":0,"15":0,"16":0},"f":{"0":0},"b":{"0":[0,0],"1":[0,0]}}
,"D:\\BlibliFuturePhase2\\reims-vue-cli-pwa\\src\\components\\TransactionList.vue": {"path":"D:\\BlibliFuturePhase2\\reims-vue-cli-pwa\\src\\components\\TransactionList.vue","statementMap":{"0":{"start":{"line":1,"column":0},"end":{"line":null,"column":-1}},"1":{"start":{"line":11,"column":0},"end":{"line":null,"column":-1}},"2":{"start":{"line":14,"column":0},"end":{"line":null,"column":-1}}},"fnMap":{},"branchMap":{},"s":{"0":0,"1":0,"2":0},"f":{},"b":{}}
,"D:\\BlibliFuturePhase2\\reims-vue-cli-pwa\\src\\components\\UserCard.vue": {"path":"D:\\BlibliFuturePhase2\\reims-vue-cli-pwa\\src\\components\\UserCard.vue","statementMap":{"0":{"start":{"line":1,"column":0},"end":{"line":null,"column":-1}},"1":{"start":{"line":9,"column":0},"end":{"line":null,"column":-1}},"2":{"start":{"line":15,"column":0},"end":{"line":17,"column":0}},"3":{"start":{"line":16,"column":0},"end":{"line":null,"column":-1}},"4":{"start":{"line":20,"column":0},"end":{"line":null,"column":-1}}},"fnMap":{"0":{"name":"(anonymous_1)","decl":{"start":{"line":15,"column":0},"end":{"line":null,"column":-1}},"loc":{"start":{"line":15,"column":0},"end":{"line":17,"column":0}}}},"branchMap":{},"s":{"0":0,"1":0,"2":0,"3":0,"4":0},"f":{"0":0},"b":{}}
,"D:\\BlibliFuturePhase2\\reims-vue-cli-pwa\\src\\components\\UserList.vue": {"path":"D:\\BlibliFuturePhase2\\reims-vue-cli-pwa\\src\\components\\UserList.vue","statementMap":{"0":{"start":{"line":1,"column":0},"end":{"line":null,"column":-1}},"1":{"start":{"line":11,"column":0},"end":{"line":null,"column":-1}}},"fnMap":{},"branchMap":{},"s":{"0":0,"1":0},"f":{},"b":{}}
,"D:\\BlibliFuturePhase2\\reims-vue-cli-pwa\\src\\components\\ViewFuelDetail.vue": {"path":"D:\\BlibliFuturePhase2\\reims-vue-cli-pwa\\src\\components\\ViewFuelDetail.vue","statementMap":{"0":{"start":{"line":7,"column":0},"end":{"line":null,"column":-1}}},"fnMap":{},"branchMap":{},"s":{"0":0},"f":{},"b":{}}
,"D:\\BlibliFuturePhase2\\reims-vue-cli-pwa\\src\\store\\index.js": {"path":"D:\\BlibliFuturePhase2\\reims-vue-cli-pwa\\src\\store\\index.js","statementMap":{"0":{"start":{"line":1,"column":0},"end":{"line":null,"column":-1}},"1":{"start":{"line":2,"column":0},"end":{"line":null,"column":-1}},"2":{"start":{"line":3,"column":0},"end":{"line":null,"column":-1}},"3":{"start":{"line":4,"column":0},"end":{"line":null,"column":-1}},"4":{"start":{"line":5,"column":0},"end":{"line":null,"column":-1}},"5":{"start":{"line":6,"column":0},"end":{"line":null,"column":-1}},"6":{"start":{"line":8,"column":0},"end":{"line":null,"column":-1}},"7":{"start":{"line":10,"column":14},"end":{"line":10,"column":0}}},"fnMap":{},"branchMap":{},"s":{"0":0,"1":0,"2":0,"3":0,"4":0,"5":0,"6":0,"7":0},"f":{},"b":{}}
,"D:\\BlibliFuturePhase2\\reims-vue-cli-pwa\\src\\store\\modules\\auth\\actions.js": {"path":"D:\\BlibliFuturePhase2\\reims-vue-cli-pwa\\src\\store\\modules\\auth\\actions.js","statementMap":{"0":{"start":{"line":1,"column":0},"end":{"line":null,"column":-1}},"1":{"start":{"line":5,"column":17},"end":{"line":5,"column":4}},"2":{"start":{"line":6,"column":4},"end":{"line":null,"column":-1}},"3":{"start":{"line":7,"column":4},"end":{"line":null,"column":-1}},"4":{"start":{"line":8,"column":4},"end":{"line":null,"column":-1}},"5":{"start":{"line":11,"column":22},"end":{"line":11,"column":4}},"6":{"start":{"line":12,"column":4},"end":{"line":null,"column":-1}},"7":{"start":{"line":13,"column":4},"end":{"line":null,"column":-1}},"8":{"start":{"line":14,"column":4},"end":{"line":null,"column":-1}},"9":{"start":{"line":15,"column":4},"end":{"line":null,"column":-1}}},"fnMap":{"0":{"name":"(anonymous_0)","decl":{"start":{"line":4,"column":9},"end":{"line":4,"column":15}},"loc":{"start":{"line":4,"column":37},"end":{"line":3,"column":15}}},"1":{"name":"(anonymous_1)","decl":{"start":{"line":10,"column":10},"end":{"line":10,"column":16}},"loc":{"start":{"line":10,"column":43},"end":{"line":16,"column":3}}}},"branchMap":{},"s":{"0":0,"1":0,"2":0,"3":0,"4":0,"5":0,"6":0,"7":0,"8":0,"9":0},"f":{"0":0,"1":0},"b":{}}
,"D:\\BlibliFuturePhase2\\reims-vue-cli-pwa\\src\\store\\modules\\auth\\getters.js": {"path":"D:\\BlibliFuturePhase2\\reims-vue-cli-pwa\\src\\store\\modules\\auth\\getters.js","statementMap":{"0":{"start":{"line":3,"column":8},"end":{"line":null,"column":-1}},"1":{"start":{"line":6,"column":8},"end":{"line":null,"column":-1}},"2":{"start":{"line":9,"column":8},"end":{"line":null,"column":-1}}},"fnMap":{},"branchMap":{},"s":{"0":0,"1":0,"2":0},"f":{},"b":{}}
,"D:\\BlibliFuturePhase2\\reims-vue-cli-pwa\\src\\store\\modules\\auth\\index.js": {"path":"D:\\BlibliFuturePhase2\\reims-vue-cli-pwa\\src\\store\\modules\\auth\\index.js","statementMap":{"0":{"start":{"line":1,"column":0},"end":{"line":null,"column":-1}},"1":{"start":{"line":2,"column":0},"end":{"line":null,"column":-1}},"2":{"start":{"line":3,"column":0},"end":{"line":null,"column":-1}},"3":{"start":{"line":5,"column":19},"end":{"line":5,"column":0}},"4":{"start":{"line":6,"column":14},"end":{"line":6,"column":0}}},"fnMap":{},"branchMap":{},"s":{"0":0,"1":0,"2":0,"3":0,"4":0},"f":{},"b":{}}
,"D:\\BlibliFuturePhase2\\reims-vue-cli-pwa\\src\\store\\modules\\auth\\mutations.js": {"path":"D:\\BlibliFuturePhase2\\reims-vue-cli-pwa\\src\\store\\modules\\auth\\mutations.js","statementMap":{"0":{"start":{"line":1,"column":10},"end":{"line":1,"column":0}},"1":{"start":{"line":2,"column":0},"end":{"line":null,"column":-1}},"2":{"start":{"line":3,"column":16},"end":{"line":3,"column":0}},"3":{"start":{"line":7,"column":4},"end":{"line":null,"column":-1}},"4":{"start":{"line":8,"column":4},"end":{"line":null,"column":-1}},"5":{"start":{"line":11,"column":4},"end":{"line":null,"column":-1}},"6":{"start":{"line":12,"column":4},"end":{"line":null,"column":-1}},"7":{"start":{"line":15,"column":4},"end":{"line":null,"column":-1}},"8":{"start":{"line":16,"column":4},"end":{"line":null,"column":-1}}},"fnMap":{},"branchMap":{},"s":{"0":0,"1":0,"2":0,"3":0,"4":0,"5":0,"6":0,"7":0,"8":0},"f":{},"b":{}}
,"D:\\BlibliFuturePhase2\\reims-vue-cli-pwa\\src\\store\\modules\\notification\\actions.js": {"path":"D:\\BlibliFuturePhase2\\reims-vue-cli-pwa\\src\\store\\modules\\notification\\actions.js","statementMap":{"0":{"start":{"line":3,"column":4},"end":{"line":null,"column":-1}},"1":{"start":{"line":6,"column":4},"end":{"line":null,"column":-1}}},"fnMap":{},"branchMap":{},"s":{"0":0,"1":0},"f":{},"b":{}}
,"D:\\BlibliFuturePhase2\\reims-vue-cli-pwa\\src\\store\\modules\\notification\\getters.js": {"path":"D:\\BlibliFuturePhase2\\reims-vue-cli-pwa\\src\\store\\modules\\notification\\getters.js","statementMap":{"0":{"start":{"line":3,"column":8},"end":{"line":null,"column":-1}}},"fnMap":{},"branchMap":{},"s":{"0":0},"f":{},"b":{}}
,"D:\\BlibliFuturePhase2\\reims-vue-cli-pwa\\src\\store\\modules\\notification\\index.js": {"path":"D:\\BlibliFuturePhase2\\reims-vue-cli-pwa\\src\\store\\modules\\notification\\index.js","statementMap":{"0":{"start":{"line":1,"column":0},"end":{"line":null,"column":-1}},"1":{"start":{"line":2,"column":0},"end":{"line":null,"column":-1}},"2":{"start":{"line":3,"column":0},"end":{"line":null,"column":-1}},"3":{"start":{"line":5,"column":19},"end":{"line":5,"column":0}},"4":{"start":{"line":6,"column":14},"end":{"line":6,"column":0}}},"fnMap":{},"branchMap":{},"s":{"0":0,"1":0,"2":0,"3":0,"4":0},"f":{},"b":{}}
,"D:\\BlibliFuturePhase2\\reims-vue-cli-pwa\\src\\store\\modules\\notification\\mutations.js": {"path":"D:\\BlibliFuturePhase2\\reims-vue-cli-pwa\\src\\store\\modules\\notification\\mutations.js","statementMap":{"0":{"start":{"line":1,"column":13},"end":{"line":1,"column":0}},"1":{"start":{"line":4,"column":4},"end":{"line":null,"column":-1}},"2":{"start":{"line":7,"column":4},"end":{"line":null,"column":-1}},"3":{"start":{"line":8,"column":22},"end":{"line":7,"column":26}}},"fnMap":{"0":{"name":"(anonymous_0)","decl":{"start":{"line":8,"column":6},"end":{"line":8,"column":17}},"loc":{"start":{"line":8,"column":22},"end":{"line":7,"column":26}}}},"branchMap":{},"s":{"0":0,"1":0,"2":0,"3":0},"f":{"0":0},"b":{}}
,"D:\\BlibliFuturePhase2\\reims-vue-cli-pwa\\src\\store\\modules\\transaction\\actions.js": {"path":"D:\\BlibliFuturePhase2\\reims-vue-cli-pwa\\src\\store\\modules\\transaction\\actions.js","statementMap":{"0":{"start":{"line":1,"column":0},"end":{"line":null,"column":-1}},"1":{"start":{"line":5,"column":4},"end":{"line":null,"column":-1}},"2":{"start":{"line":8,"column":4},"end":{"line":null,"column":-1}},"3":{"start":{"line":11,"column":4},"end":{"line":null,"column":-1}},"4":{"start":{"line":14,"column":22},"end":{"line":14,"column":4}},"5":{"start":{"line":15,"column":21},"end":{"line":15,"column":4}},"6":{"start":{"line":16,"column":4},"end":{"line":null,"column":-1}},"7":{"start":{"line":17,"column":4},"end":{"line":null,"column":-1}},"8":{"start":{"line":18,"column":4},"end":{"line":null,"column":-1}},"9":{"start":{"line":19,"column":4},"end":{"line":null,"column":-1}},"10":{"start":{"line":20,"column":4},"end":{"line":null,"column":-1}},"11":{"start":{"line":23,"column":22},"end":{"line":23,"column":4}},"12":{"start":{"line":24,"column":21},"end":{"line":24,"column":4}},"13":{"start":{"line":25,"column":4},"end":{"line":null,"column":-1}},"14":{"start":{"line":28,"column":22},"end":{"line":28,"column":4}},"15":{"start":{"line":29,"column":21},"end":{"line":29,"column":4}},"16":{"start":{"line":30,"column":4},"end":{"line":null,"column":-1}},"17":{"start":{"line":31,"column":4},"end":{"line":null,"column":-1}},"18":{"start":{"line":34,"column":22},"end":{"line":34,"column":4}},"19":{"start":{"line":35,"column":21},"end":{"line":35,"column":4}},"20":{"start":{"line":36,"column":4},"end":{"line":null,"column":-1}},"21":{"start":{"line":39,"column":22},"end":{"line":39,"column":4}},"22":{"start":{"line":40,"column":21},"end":{"line":40,"column":4}},"23":{"start":{"line":41,"column":4},"end":{"line":null,"column":-1}},"24":{"start":{"line":42,"column":4},"end":{"line":null,"column":-1}}},"fnMap":{"0":{"name":"(anonymous_0)","decl":{"start":{"line":13,"column":21},"end":{"line":13,"column":27}},"loc":{"start":{"line":13,"column":61},"end":{"line":3,"column":15}}},"1":{"name":"(anonymous_1)","decl":{"start":{"line":22,"column":18},"end":{"line":22,"column":24}},"loc":{"start":{"line":22,"column":55},"end":{"line":3,"column":15}}},"2":{"name":"(anonymous_2)","decl":{"start":{"line":27,"column":19},"end":{"line":27,"column":25}},"loc":{"start":{"line":27,"column":61},"end":{"line":3,"column":15}}},"3":{"name":"(anonymous_3)","decl":{"start":{"line":33,"column":19},"end":{"line":33,"column":25}},"loc":{"start":{"line":33,"column":57},"end":{"line":3,"column":15}}},"4":{"name":"(anonymous_4)","decl":{"start":{"line":38,"column":21},"end":{"line":38,"column":22}},"loc":{"start":{"line":38,"column":44},"end":{"line":43,"column":3}}}},"branchMap":{},"s":{"0":0,"1":0,"2":0,"3":0,"4":0,"5":0,"6":0,"7":0,"8":0,"9":0,"10":0,"11":0,"12":0,"13":0,"14":0,"15":0,"16":0,"17":0,"18":0,"19":0,"20":0,"21":0,"22":0,"23":0,"24":0},"f":{"0":0,"1":0,"2":0,"3":0,"4":0},"b":{}}
,"D:\\BlibliFuturePhase2\\reims-vue-cli-pwa\\src\\store\\modules\\transaction\\getters.js": {"path":"D:\\BlibliFuturePhase2\\reims-vue-cli-pwa\\src\\store\\modules\\transaction\\getters.js","statementMap":{"0":{"start":{"line":3,"column":8},"end":{"line":null,"column":-1}},"1":{"start":{"line":6,"column":8},"end":{"line":null,"column":-1}},"2":{"start":{"line":9,"column":8},"end":{"line":null,"column":-1}},"3":{"start":{"line":12,"column":8},"end":{"line":null,"column":-1}},"4":{"start":{"line":15,"column":8},"end":{"line":null,"column":-1}},"5":{"start":{"line":18,"column":8},"end":{"line":null,"column":-1}},"6":{"start":{"line":21,"column":8},"end":{"line":null,"column":-1}},"7":{"start":{"line":24,"column":8},"end":{"line":null,"column":-1}}},"fnMap":{},"branchMap":{},"s":{"0":0,"1":0,"2":0,"3":0,"4":0,"5":0,"6":0,"7":0},"f":{},"b":{}}
,"D:\\BlibliFuturePhase2\\reims-vue-cli-pwa\\src\\store\\modules\\transaction\\index.js": {"path":"D:\\BlibliFuturePhase2\\reims-vue-cli-pwa\\src\\store\\modules\\transaction\\index.js","statementMap":{"0":{"start":{"line":1,"column":0},"end":{"line":null,"column":-1}},"1":{"start":{"line":2,"column":0},"end":{"line":null,"column":-1}},"2":{"start":{"line":3,"column":0},"end":{"line":null,"column":-1}},"3":{"start":{"line":5,"column":19},"end":{"line":5,"column":0}},"4":{"start":{"line":6,"column":14},"end":{"line":6,"column":0}}},"fnMap":{},"branchMap":{},"s":{"0":0,"1":0,"2":0,"3":0,"4":0},"f":{},"b":{}}
,"D:\\BlibliFuturePhase2\\reims-vue-cli-pwa\\src\\store\\modules\\transaction\\mutations.js": {"path":"D:\\BlibliFuturePhase2\\reims-vue-cli-pwa\\src\\store\\modules\\transaction\\mutations.js","statementMap":{"0":{"start":{"line":3,"column":4},"end":{"line":null,"column":-1}},"1":{"start":{"line":7,"column":4},"end":{"line":null,"column":-1}},"2":{"start":{"line":8,"column":4},"end":{"line":null,"column":-1}},"3":{"start":{"line":14,"column":4},"end":{"line":null,"column":-1}},"4":{"start":{"line":17,"column":4},"end":{"line":null,"column":-1}},"5":{"start":{"line":20,"column":4},"end":{"line":null,"column":-1}},"6":{"start":{"line":23,"column":4},"end":{"line":null,"column":-1}},"7":{"start":{"line":26,"column":4},"end":{"line":null,"column":-1}}},"fnMap":{},"branchMap":{},"s":{"0":0,"1":0,"2":0,"3":0,"4":0,"5":0,"6":0,"7":0},"f":{},"b":{}}
,"D:\\BlibliFuturePhase2\\reims-vue-cli-pwa\\src\\store\\modules\\user\\actions.js": {"path":"D:\\BlibliFuturePhase2\\reims-vue-cli-pwa\\src\\store\\modules\\user\\actions.js","statementMap":{"0":{"start":{"line":1,"column":0},"end":{"line":null,"column":-1}},"1":{"start":{"line":5,"column":22},"end":{"line":5,"column":4}},"2":{"start":{"line":6,"column":21},"end":{"line":6,"column":4}},"3":{"start":{"line":7,"column":4},"end":{"line":null,"column":-1}},"4":{"start":{"line":10,"column":4},"end":{"line":null,"column":-1}},"5":{"start":{"line":13,"column":22},"end":{"line":13,"column":4}},"6":{"start":{"line":14,"column":21},"end":{"line":14,"column":4}},"7":{"start":{"line":15,"column":4},"end":{"line":null,"column":-1}},"8":{"start":{"line":18,"column":22},"end":{"line":18,"column":4}},"9":{"start":{"line":19,"column":21},"end":{"line":19,"column":4}},"10":{"start":{"line":20,"column":4},"end":{"line":null,"column":-1}},"11":{"start":{"line":21,"column":4},"end":{"line":null,"column":-1}},"12":{"start":{"line":24,"column":22},"end":{"line":24,"column":4}},"13":{"start":{"line":25,"column":21},"end":{"line":25,"column":4}},"14":{"start":{"line":26,"column":4},"end":{"line":null,"column":-1}},"15":{"start":{"line":29,"column":22},"end":{"line":29,"column":4}},"16":{"start":{"line":30,"column":4},"end":{"line":null,"column":-1}},"17":{"start":{"line":33,"column":22},"end":{"line":33,"column":4}},"18":{"start":{"line":34,"column":21},"end":{"line":34,"column":4}},"19":{"start":{"line":35,"column":4},"end":{"line":null,"column":-1}}},"fnMap":{"0":{"name":"(anonymous_0)","decl":{"start":{"line":4,"column":14},"end":{"line":4,"column":20}},"loc":{"start":{"line":4,"column":45},"end":{"line":3,"column":15}}},"1":{"name":"(anonymous_1)","decl":{"start":{"line":9,"column":13},"end":{"line":9,"column":14}},"loc":{"start":{"line":9,"column":35},"end":{"line":3,"column":15}}},"2":{"name":"(anonymous_2)","decl":{"start":{"line":12,"column":11},"end":{"line":12,"column":17}},"loc":{"start":{"line":12,"column":48},"end":{"line":3,"column":15}}},"3":{"name":"(anonymous_3)","decl":{"start":{"line":17,"column":12},"end":{"line":17,"column":18}},"loc":{"start":{"line":17,"column":54},"end":{"line":3,"column":15}}},"4":{"name":"(anonymous_4)","decl":{"start":{"line":23,"column":14},"end":{"line":23,"column":20}},"loc":{"start":{"line":23,"column":45},"end":{"line":3,"column":15}}},"5":{"name":"(anonymous_5)","decl":{"start":{"line":28,"column":18},"end":{"line":28,"column":19}},"loc":{"start":{"line":28,"column":43},"end":{"line":3,"column":15}}},"6":{"name":"(anonymous_6)","decl":{"start":{"line":32,"column":14},"end":{"line":32,"column":20}},"loc":{"start":{"line":32,"column":43},"end":{"line":36,"column":3}}}},"branchMap":{},"s":{"0":0,"1":0,"2":0,"3":0,"4":0,"5":0,"6":0,"7":0,"8":0,"9":0,"10":0,"11":0,"12":0,"13":0,"14":0,"15":0,"16":0,"17":0,"18":0,"19":0},"f":{"0":0,"1":0,"2":0,"3":0,"4":0,"5":0,"6":0},"b":{}}
,"D:\\BlibliFuturePhase2\\reims-vue-cli-pwa\\src\\store\\modules\\user\\getters.js": {"path":"D:\\BlibliFuturePhase2\\reims-vue-cli-pwa\\src\\store\\modules\\user\\getters.js","statementMap":{"0":{"start":{"line":3,"column":8},"end":{"line":null,"column":-1}},"1":{"start":{"line":6,"column":8},"end":{"line":null,"column":-1}},"2":{"start":{"line":9,"column":8},"end":{"line":null,"column":-1}}},"fnMap":{},"branchMap":{},"s":{"0":0,"1":0,"2":0},"f":{},"b":{}}
,"D:\\BlibliFuturePhase2\\reims-vue-cli-pwa\\src\\store\\modules\\user\\index.js": {"path":"D:\\BlibliFuturePhase2\\reims-vue-cli-pwa\\src\\store\\modules\\user\\index.js","statementMap":{"0":{"start":{"line":1,"column":0},"end":{"line":null,"column":-1}},"1":{"start":{"line":2,"column":0},"end":{"line":null,"column":-1}},"2":{"start":{"line":3,"column":0},"end":{"line":null,"column":-1}},"3":{"start":{"line":5,"column":19},"end":{"line":5,"column":0}},"4":{"start":{"line":6,"column":14},"end":{"line":6,"column":0}}},"fnMap":{},"branchMap":{},"s":{"0":0,"1":0,"2":0,"3":0,"4":0},"f":{},"b":{}}
,"D:\\BlibliFuturePhase2\\reims-vue-cli-pwa\\src\\store\\modules\\user\\mutations.js": {"path":"D:\\BlibliFuturePhase2\\reims-vue-cli-pwa\\src\\store\\modules\\user\\mutations.js","statementMap":{"0":{"start":{"line":3,"column":4},"end":{"line":null,"column":-1}},"1":{"start":{"line":6,"column":4},"end":{"line":null,"column":-1}},"2":{"start":{"line":9,"column":4},"end":{"line":null,"column":-1}},"3":{"start":{"line":12,"column":4},"end":{"line":null,"column":-1}}},"fnMap":{},"branchMap":{},"s":{"0":0,"1":0,"2":0,"3":0},"f":{},"b":{}}
,"D:\\BlibliFuturePhase2\\reims-vue-cli-pwa\\src\\views\\ChangePassword.vue": {"path":"D:\\BlibliFuturePhase2\\reims-vue-cli-pwa\\src\\views\\ChangePassword.vue","statementMap":{"0":{"start":{"line":1,"column":0},"end":{"line":null,"column":-1}},"1":{"start":{"line":2,"column":0},"end":{"line":null,"column":-1}},"2":{"start":{"line":14,"column":0},"end":{"line":null,"column":-1}},"3":{"start":{"line":23,"column":0},"end":{"line":null,"column":-1}},"4":{"start":{"line":26,"column":0},"end":{"line":null,"column":-1}},"5":{"start":{"line":31,"column":0},"end":{"line":null,"column":-1}},"6":{"start":{"line":32,"column":0},"end":{"line":38,"column":0}},"7":{"start":{"line":33,"column":0},"end":{"line":null,"column":-1}},"8":{"start":{"line":34,"column":0},"end":{"line":null,"column":-1}},"9":{"start":{"line":35,"column":0},"end":{"line":null,"column":-1}},"10":{"start":{"line":37,"column":0},"end":{"line":null,"column":-1}}},"fnMap":{"0":{"name":"(anonymous_1)","decl":{"start":{"line":14,"column":0},"end":{"line":null,"column":-1}},"loc":{"start":{"line":14,"column":0},"end":{"line":null,"column":-1}}}},"branchMap":{"0":{"loc":{"start":{"line":26,"column":0},"end":{"line":null,"column":-1}},"type":"cond-expr","locations":[{"start":{"line":26,"column":0},"end":{"line":null,"column":-1}},{"start":{"line":26,"column":0},"end":{"line":null,"column":-1}}]},"1":{"loc":{"start":{"line":32,"column":0},"end":{"line":38,"column":0}},"type":"if","locations":[{"start":{"line":32,"column":0},"end":{"line":38,"column":0}},{"start":{"line":32,"column":0},"end":{"line":38,"column":0}}]}},"s":{"0":0,"1":0,"2":0,"3":0,"4":0,"5":0,"6":0,"7":0,"8":0,"9":0,"10":0},"f":{"0":0},"b":{"0":[0,0],"1":[0,0]}}
,"D:\\BlibliFuturePhase2\\reims-vue-cli-pwa\\src\\views\\CreateTransaction.vue": {"path":"D:\\BlibliFuturePhase2\\reims-vue-cli-pwa\\src\\views\\CreateTransaction.vue","statementMap":{"0":{"start":{"line":1,"column":0},"end":{"line":null,"column":-1}},"1":{"start":{"line":2,"column":0},"end":{"line":null,"column":-1}},"2":{"start":{"line":3,"column":0},"end":{"line":null,"column":-1}},"3":{"start":{"line":4,"column":0},"end":{"line":null,"column":-1}},"4":{"start":{"line":5,"column":0},"end":{"line":null,"column":-1}},"5":{"start":{"line":13,"column":0},"end":{"line":null,"column":-1}},"6":{"start":{"line":40,"column":0},"end":{"line":null,"column":-1}},"7":{"start":{"line":43,"column":0},"end":{"line":null,"column":-1}},"8":{"start":{"line":46,"column":0},"end":{"line":null,"column":-1}},"9":{"start":{"line":49,"column":0},"end":{"line":null,"column":-1}},"10":{"start":{"line":55,"column":0},"end":{"line":null,"column":-1}},"11":{"start":{"line":58,"column":0},"end":{"line":60,"column":0}},"12":{"start":{"line":59,"column":0},"end":{"line":null,"column":-1}},"13":{"start":{"line":61,"column":0},"end":{"line":null,"column":-1}},"14":{"start":{"line":64,"column":0},"end":{"line":68,"column":0}},"15":{"start":{"line":65,"column":0},"end":{"line":null,"column":-1}},"16":{"start":{"line":66,"column":0},"end":{"line":68,"column":0}},"17":{"start":{"line":67,"column":0},"end":{"line":null,"column":-1}},"18":{"start":{"line":71,"column":0},"end":{"line":null,"column":-1}},"19":{"start":{"line":72,"column":0},"end":{"line":null,"column":-1}},"20":{"start":{"line":73,"column":0},"end":{"line":75,"column":0}},"21":{"start":{"line":74,"column":0},"end":{"line":null,"column":-1}},"22":{"start":{"line":78,"column":0},"end":{"line":null,"column":-1}},"23":{"start":{"line":79,"column":0},"end":{"line":null,"column":-1}},"24":{"start":{"line":82,"column":0},"end":{"line":88,"column":0}},"25":{"start":{"line":83,"column":0},"end":{"line":null,"column":-1}},"26":{"start":{"line":84,"column":0},"end":{"line":88,"column":0}},"27":{"start":{"line":85,"column":0},"end":{"line":null,"column":-1}},"28":{"start":{"line":87,"column":0},"end":{"line":null,"column":-1}},"29":{"start":{"line":91,"column":0},"end":{"line":null,"column":-1}},"30":{"start":{"line":94,"column":0},"end":{"line":null,"column":-1}},"31":{"start":{"line":97,"column":0},"end":{"line":null,"column":-1}},"32":{"start":{"line":98,"column":0},"end":{"line":null,"column":-1}},"33":{"start":{"line":101,"column":0},"end":{"line":105,"column":0}},"34":{"start":{"line":102,"column":0},"end":{"line":null,"column":-1}},"35":{"start":{"line":104,"column":0},"end":{"line":null,"column":-1}},"36":{"start":{"line":110,"column":0},"end":{"line":115,"column":0}},"37":{"start":{"line":114,"column":0},"end":{"line":null,"column":-1}}},"fnMap":{},"branchMap":{"0":{"loc":{"start":{"line":58,"column":0},"end":{"line":60,"column":0}},"type":"if","locations":[{"start":{"line":58,"column":0},"end":{"line":60,"column":0}},{"start":{"line":58,"column":0},"end":{"line":60,"column":0}}]},"1":{"loc":{"start":{"line":64,"column":0},"end":{"line":68,"column":0}},"type":"if","locations":[{"start":{"line":64,"column":0},"end":{"line":68,"column":0}},{"start":{"line":64,"column":0},"end":{"line":68,"column":0}}]},"2":{"loc":{"start":{"line":66,"column":0},"end":{"line":68,"column":0}},"type":"if","locations":[{"start":{"line":66,"column":0},"end":{"line":68,"column":0}},{"start":{"line":66,"column":0},"end":{"line":68,"column":0}}]},"3":{"loc":{"start":{"line":73,"column":0},"end":{"line":75,"column":0}},"type":"if","locations":[{"start":{"line":73,"column":0},"end":{"line":75,"column":0}},{"start":{"line":73,"column":0},"end":{"line":75,"column":0}}]},"4":{"loc":{"start":{"line":82,"column":0},"end":{"line":88,"column":0}},"type":"if","locations":[{"start":{"line":82,"column":0},"end":{"line":88,"column":0}},{"start":{"line":82,"column":0},"end":{"line":88,"column":0}}]},"5":{"loc":{"start":{"line":84,"column":0},"end":{"line":88,"column":0}},"type":"if","locations":[{"start":{"line":84,"column":0},"end":{"line":88,"column":0}},{"start":{"line":84,"column":0},"end":{"line":88,"column":0}}]},"6":{"loc":{"start":{"line":110,"column":0},"end":{"line":115,"column":0}},"type":"if","locations":[{"start":{"line":110,"column":0},"end":{"line":115,"column":0}},{"start":{"line":110,"column":0},"end":{"line":115,"column":0}}]},"7":{"loc":{"start":{"line":110,"column":0},"end":{"line":null,"column":-1}},"type":"binary-expr","locations":[{"start":{"line":110,"column":0},"end":{"line":null,"column":-1}},{"start":{"line":110,"column":0},"end":{"line":null,"column":-1}}]}},"s":{"0":0,"1":0,"2":0,"3":0,"4":0,"5":0,"6":0,"7":0,"8":0,"9":0,"10":0,"11":0,"12":0,"13":0,"14":0,"15":0,"16":0,"17":0,"18":0,"19":0,"20":0,"21":0,"22":0,"23":0,"24":0,"25":0,"26":0,"27":0,"28":0,"29":0,"30":0,"31":0,"32":0,"33":0,"34":0,"35":0,"36":0,"37":0},"f":{},"b":{"0":[0,0],"1":[0,0],"2":[0,0],"3":[0,0],"4":[0,0],"5":[0,0],"6":[0,0],"7":[0,0]}}
,"D:\\BlibliFuturePhase2\\reims-vue-cli-pwa\\src\\views\\HomePage.vue": {"path":"D:\\BlibliFuturePhase2\\reims-vue-cli-pwa\\src\\views\\HomePage.vue","statementMap":{"0":{"start":{"line":1,"column":0},"end":{"line":null,"column":-1}},"1":{"start":{"line":2,"column":0},"end":{"line":null,"column":-1}},"2":{"start":{"line":3,"column":0},"end":{"line":null,"column":-1}},"3":{"start":{"line":4,"column":0},"end":{"line":null,"column":-1}},"4":{"start":{"line":13,"column":0},"end":{"line":null,"column":-1}},"5":{"start":{"line":16,"column":0},"end":{"line":null,"column":-1}},"6":{"start":{"line":23,"column":0},"end":{"line":null,"column":-1}},"7":{"start":{"line":34,"column":0},"end":{"line":null,"column":-1}},"8":{"start":{"line":35,"column":0},"end":{"line":null,"column":-1}},"9":{"start":{"line":36,"column":0},"end":{"line":null,"column":-1}},"10":{"start":{"line":42,"column":0},"end":{"line":null,"column":-1}},"11":{"start":{"line":43,"column":0},"end":{"line":null,"column":-1}},"12":{"start":{"line":44,"column":0},"end":{"line":null,"column":-1}},"13":{"start":{"line":45,"column":0},"end":{"line":null,"column":-1}},"14":{"start":{"line":48,"column":0},"end":{"line":null,"column":-1}},"15":{"start":{"line":51,"column":0},"end":{"line":null,"column":-1}},"16":{"start":{"line":54,"column":0},"end":{"line":null,"column":-1}},"17":{"start":{"line":57,"column":0},"end":{"line":null,"column":-1}},"18":{"start":{"line":58,"column":0},"end":{"line":null,"column":-1}},"19":{"start":{"line":59,"column":0},"end":{"line":null,"column":-1}},"20":{"start":{"line":62,"column":0},"end":{"line":64,"column":0}},"21":{"start":{"line":63,"column":0},"end":{"line":null,"column":-1}},"22":{"start":{"line":69,"column":0},"end":{"line":null,"column":-1}},"23":{"start":{"line":70,"column":0},"end":{"line":null,"column":-1}}},"fnMap":{"0":{"name":"(anonymous_1)","decl":{"start":{"line":62,"column":0},"end":{"line":null,"column":-1}},"loc":{"start":{"line":62,"column":0},"end":{"line":64,"column":0}}}},"branchMap":{"0":{"loc":{"start":{"line":24,"column":0},"end":{"line":null,"column":-1}},"type":"binary-expr","locations":[{"start":{"line":24,"column":0},"end":{"line":null,"column":-1}},{"start":{"line":24,"column":0},"end":{"line":null,"column":-1}}]},"1":{"loc":{"start":{"line":25,"column":0},"end":{"line":null,"column":-1}},"type":"binary-expr","locations":[{"start":{"line":25,"column":0},"end":{"line":null,"column":-1}},{"start":{"line":25,"column":0},"end":{"line":null,"column":-1}}]}},"s":{"0":0,"1":0,"2":0,"3":0,"4":0,"5":0,"6":0,"7":0,"8":0,"9":0,"10":0,"11":0,"12":0,"13":0,"14":0,"15":0,"16":0,"17":0,"18":0,"19":0,"20":0,"21":0,"22":0,"23":0},"f":{"0":0},"b":{"0":[0,0],"1":[0,0]}}
,"D:\\BlibliFuturePhase2\\reims-vue-cli-pwa\\src\\views\\LoginPage.vue": {"path":"D:\\BlibliFuturePhase2\\reims-vue-cli-pwa\\src\\views\\LoginPage.vue","statementMap":{"0":{"start":{"line":1,"column":0},"end":{"line":null,"column":-1}},"1":{"start":{"line":2,"column":0},"end":{"line":null,"column":-1}},"2":{"start":{"line":4,"column":0},"end":{"line":null,"column":-1}},"3":{"start":{"line":17,"column":0},"end":{"line":null,"column":-1}},"4":{"start":{"line":32,"column":0},"end":{"line":null,"column":-1}},"5":{"start":{"line":33,"column":0},"end":{"line":40,"column":0}},"6":{"start":{"line":34,"column":0},"end":{"line":37,"column":0}},"7":{"start":{"line":36,"column":0},"end":{"line":null,"column":-1}},"8":{"start":{"line":39,"column":0},"end":{"line":null,"column":-1}}},"fnMap":{"0":{"name":"(anonymous_1)","decl":{"start":{"line":34,"column":0},"end":{"line":null,"column":-1}},"loc":{"start":{"line":34,"column":0},"end":{"line":37,"column":0}}}},"branchMap":{"0":{"loc":{"start":{"line":33,"column":0},"end":{"line":40,"column":0}},"type":"if","locations":[{"start":{"line":33,"column":0},"end":{"line":40,"column":0}},{"start":{"line":33,"column":0},"end":{"line":40,"column":0}}]}},"s":{"0":0,"1":0,"2":0,"3":0,"4":0,"5":0,"6":0,"7":0,"8":0},"f":{"0":0},"b":{"0":[0,0]}}
,"D:\\BlibliFuturePhase2\\reims-vue-cli-pwa\\src\\views\\ManageUser.vue": {"path":"D:\\BlibliFuturePhase2\\reims-vue-cli-pwa\\src\\views\\ManageUser.vue","statementMap":{"0":{"start":{"line":1,"column":0},"end":{"line":null,"column":-1}},"1":{"start":{"line":2,"column":0},"end":{"line":null,"column":-1}},"2":{"start":{"line":3,"column":0},"end":{"line":null,"column":-1}},"3":{"start":{"line":12,"column":0},"end":{"line":null,"column":-1}},"4":{"start":{"line":24,"column":0},"end":{"line":null,"column":-1}},"5":{"start":{"line":27,"column":0},"end":{"line":null,"column":-1}},"6":{"start":{"line":30,"column":0},"end":{"line":null,"column":-1}},"7":{"start":{"line":31,"column":0},"end":{"line":null,"column":-1}},"8":{"start":{"line":32,"column":0},"end":{"line":null,"column":-1}},"9":{"start":{"line":35,"column":0},"end":{"line":null,"column":-1}},"10":{"start":{"line":36,"column":0},"end":{"line":null,"column":-1}},"11":{"start":{"line":37,"column":0},"end":{"line":null,"column":-1}},"12":{"start":{"line":40,"column":0},"end":{"line":42,"column":0}},"13":{"start":{"line":41,"column":0},"end":{"line":null,"column":-1}},"14":{"start":{"line":47,"column":0},"end":{"line":null,"column":-1}},"15":{"start":{"line":51,"column":0},"end":{"line":null,"column":-1}}},"fnMap":{"0":{"name":"(anonymous_1)","decl":{"start":{"line":40,"column":0},"end":{"line":null,"column":-1}},"loc":{"start":{"line":40,"column":0},"end":{"line":42,"column":0}}}},"branchMap":{"0":{"loc":{"start":{"line":13,"column":0},"end":{"line":null,"column":-1}},"type":"binary-expr","locations":[{"start":{"line":13,"column":0},"end":{"line":null,"column":-1}},{"start":{"line":13,"column":0},"end":{"line":null,"column":-1}}]},"1":{"loc":{"start":{"line":14,"column":0},"end":{"line":null,"column":-1}},"type":"binary-expr","locations":[{"start":{"line":14,"column":0},"end":{"line":null,"column":-1}},{"start":{"line":14,"column":0},"end":{"line":null,"column":-1}}]},"2":{"loc":{"start":{"line":16,"column":0},"end":{"line":null,"column":-1}},"type":"binary-expr","locations":[{"start":{"line":16,"column":0},"end":{"line":null,"column":-1}},{"start":{"line":16,"column":0},"end":{"line":null,"column":-1}}]}},"s":{"0":0,"1":0,"2":0,"3":0,"4":0,"5":0,"6":0,"7":0,"8":0,"9":0,"10":0,"11":0,"12":0,"13":0,"14":0,"15":0},"f":{"0":0},"b":{"0":[0,0],"1":[0,0],"2":[0,0]}}
,"D:\\BlibliFuturePhase2\\reims-vue-cli-pwa\\src\\views\\TransactionDetail.vue": {"path":"D:\\BlibliFuturePhase2\\reims-vue-cli-pwa\\src\\views\\TransactionDetail.vue","statementMap":{"0":{"start":{"line":1,"column":0},"end":{"line":null,"column":-1}},"1":{"start":{"line":2,"column":0},"end":{"line":null,"column":-1}},"2":{"start":{"line":3,"column":0},"end":{"line":null,"column":-1}},"3":{"start":{"line":12,"column":0},"end":{"line":null,"column":-1}},"4":{"start":{"line":15,"column":0},"end":{"line":null,"column":-1}},"5":{"start":{"line":18,"column":0},"end":{"line":null,"column":-1}},"6":{"start":{"line":26,"column":0},"end":{"line":null,"column":-1}},"7":{"start":{"line":30,"column":0},"end":{"line":null,"column":-1}}},"fnMap":{},"branchMap":{"0":{"loc":{"start":{"line":18,"column":0},"end":{"line":null,"column":-1}},"type":"cond-expr","locations":[{"start":{"line":18,"column":0},"end":{"line":null,"column":-1}},{"start":{"line":18,"column":0},"end":{"line":null,"column":-1}}]}},"s":{"0":0,"1":0,"2":0,"3":0,"4":0,"5":0,"6":0,"7":0},"f":{},"b":{"0":[0,0]}}
,"D:\\BlibliFuturePhase2\\reims-vue-cli-pwa\\src\\views\\UserForm.vue": {"path":"D:\\BlibliFuturePhase2\\reims-vue-cli-pwa\\src\\views\\UserForm.vue","statementMap":{"0":{"start":{"line":1,"column":0},"end":{"line":null,"column":-1}},"1":{"start":{"line":2,"column":0},"end":{"line":null,"column":-1}},"2":{"start":{"line":13,"column":0},"end":{"line":null,"column":-1}},"3":{"start":{"line":20,"column":0},"end":{"line":null,"column":-1}},"4":{"start":{"line":23,"column":0},"end":{"line":null,"column":-1}},"5":{"start":{"line":26,"column":0},"end":{"line":null,"column":-1}},"6":{"start":{"line":36,"column":0},"end":{"line":null,"column":-1}},"7":{"start":{"line":39,"column":0},"end":{"line":null,"column":-1}},"8":{"start":{"line":40,"column":0},"end":{"line":46,"column":0}},"9":{"start":{"line":41,"column":0},"end":{"line":43,"column":0}},"10":{"start":{"line":42,"column":0},"end":{"line":null,"column":-1}},"11":{"start":{"line":45,"column":0},"end":{"line":null,"column":-1}},"12":{"start":{"line":49,"column":0},"end":{"line":null,"column":-1}},"13":{"start":{"line":52,"column":0},"end":{"line":null,"column":-1}},"14":{"start":{"line":56,"column":0},"end":{"line":null,"column":-1}}},"fnMap":{"0":{"name":"(anonymous_1)","decl":{"start":{"line":41,"column":0},"end":{"line":null,"column":-1}},"loc":{"start":{"line":41,"column":0},"end":{"line":43,"column":0}}}},"branchMap":{"0":{"loc":{"start":{"line":23,"column":0},"end":{"line":null,"column":-1}},"type":"cond-expr","locations":[{"start":{"line":23,"column":0},"end":{"line":null,"column":-1}},{"start":{"line":23,"column":0},"end":{"line":null,"column":-1}}]},"1":{"loc":{"start":{"line":40,"column":0},"end":{"line":46,"column":0}},"type":"if","locations":[{"start":{"line":40,"column":0},"end":{"line":46,"column":0}},{"start":{"line":40,"column":0},"end":{"line":46,"column":0}}]},"2":{"loc":{"start":{"line":49,"column":0},"end":{"line":null,"column":-1}},"type":"cond-expr","locations":[{"start":{"line":49,"column":0},"end":{"line":null,"column":-1}},{"start":{"line":49,"column":0},"end":{"line":null,"column":-1}}]},"3":{"loc":{"start":{"line":52,"column":0},"end":{"line":null,"column":-1}},"type":"cond-expr","locations":[{"start":{"line":52,"column":0},"end":{"line":null,"column":-1}},{"start":{"line":52,"column":0},"end":{"line":null,"column":-1}}]}},"s":{"0":0,"1":0,"2":0,"3":0,"4":0,"5":0,"6":0,"7":0,"8":0,"9":0,"10":0,"11":0,"12":0,"13":0,"14":0},"f":{"0":0},"b":{"0":[0,0],"1":[0,0],"2":[0,0],"3":[0,0]}}
}
