TN:
SF:D:\BlibliFuturePhase2\reims-vue-cli-pwa\src\App.vue
FN:23,(anonymous_1)
FN:31,(anonymous_2)
FN:38,(anonymous_4)
FN:41,(anonymous_5)
FN:62,(anonymous_6)
FN:65,(anonymous_7)
FN:68,(anonymous_8)
FN:69,(anonymous_9)
FN:79,(anonymous_10)
FN:80,(anonymous_11)
FN:90,(anonymous_12)
FN:98,(anonymous_13)
FN:116,(anonymous_14)
FNF:13
FNH:2
FNDA:0,(anonymous_1)
FNDA:0,(anonymous_2)
FNDA:0,(anonymous_4)
FNDA:0,(anonymous_5)
FNDA:1,(anonymous_6)
FNDA:1,(anonymous_7)
FNDA:0,(anonymous_8)
FNDA:0,(anonymous_9)
FNDA:0,(anonymous_10)
FNDA:0,(anonymous_11)
FNDA:0,(anonymous_12)
FNDA:0,(anonymous_13)
FNDA:0,(anonymous_14)
DA:1,1
DA:2,1
DA:3,1
DA:4,1
DA:6,1
DA:7,1
DA:11,6
DA:23,6
DA:24,0
DA:28,1
DA:31,0
DA:35,0
DA:38,0
DA:41,0
DA:42,0
DA:45,0
DA:46,0
DA:47,0
DA:49,0
DA:53,0
DA:54,0
DA:55,0
DA:56,0
DA:57,0
DA:58,0
DA:62,2
DA:65,2
DA:68,0
DA:69,0
DA:72,0
DA:73,0
DA:74,0
DA:79,0
DA:80,0
DA:83,0
DA:84,0
DA:89,0
DA:90,0
DA:93,0
DA:97,0
DA:99,0
DA:105,1
DA:110,0
DA:113,0
DA:114,0
DA:115,0
DA:116,0
DA:117,0
DA:118,0
DA:119,0
DA:120,0
DA:121,0
DA:122,0
DA:123,0
DA:124,0
DA:128,1
DA:132,1
DA:135,1
DA:139,1
DA:146,6
DA:149,0
LF:61
LH:17
BRDA:24,0,0,0
BRDA:24,0,1,0
BRDA:45,1,0,0
BRDA:45,1,1,0
BRDA:45,2,0,0
BRDA:45,2,1,0
BRDA:53,3,0,0
BRDA:53,3,1,0
BRDA:53,4,0,0
BRDA:53,4,1,0
BRDA:55,5,0,0
BRDA:55,5,1,0
BRDA:55,6,0,0
BRDA:55,6,1,0
BRDA:57,7,0,0
BRDA:57,7,1,0
BRDA:57,8,0,0
BRDA:57,8,1,0
BRDA:89,9,0,0
BRDA:89,9,1,0
BRF:20
BRH:0
end_of_record
TN:
SF:D:\BlibliFuturePhase2\reims-vue-cli-pwa\src\components\CropImage.vue
FNF:0
FNH:0
DA:1,1
DA:5,5
DA:14,2
DA:15,2
DA:19,1
DA:22,1
DA:25,1
DA:28,1
LF:8
LH:8
BRDA:14,0,0,2
BRDA:14,0,1,0
BRF:2
BRH:1
end_of_record
TN:
SF:D:\BlibliFuturePhase2\reims-vue-cli-pwa\src\components\FilterImage.vue
FN:70,(anonymous_1)
FN:77,(anonymous_2)
FNF:2
FNH:2
FNDA:1,(anonymous_1)
FNDA:3,(anonymous_2)
DA:1,1
DA:12,4
DA:20,5
DA:24,4
DA:25,1
DA:27,4
DA:33,7
DA:35,7
DA:36,7
DA:37,7
DA:38,21
DA:39,9
DA:43,7
DA:46,11
DA:53,2
DA:54,2
DA:55,2
DA:57,2
DA:58,2
DA:59,2
DA:60,2
DA:61,2
DA:62,2
DA:63,2
DA:64,2
DA:67,4
DA:70,4
DA:72,1
DA:76,1
DA:79,3
DA:84,3
DA:86,4
LF:32
LH:32
BRDA:24,0,0,1
BRDA:24,0,1,3
BRDA:38,1,0,9
BRDA:38,1,1,12
BRF:4
BRH:4
end_of_record
TN:
SF:D:\BlibliFuturePhase2\reims-vue-cli-pwa\src\components\FuelForm.vue
FN:97,(anonymous_1)
FN:104,(anonymous_2)
FNF:2
FNH:0
FNDA:0,(anonymous_1)
FNDA:0,(anonymous_2)
DA:1,2
DA:2,2
DA:3,2
DA:5,2
DA:16,5
DA:23,3
DA:27,3
DA:37,3
DA:49,0
DA:52,3
DA:59,5
DA:60,5
DA:61,0
DA:63,5
DA:66,3
DA:69,3
DA:74,3
DA:78,0
DA:81,6
DA:89,1
DA:92,0
DA:93,0
DA:94,0
DA:95,0
DA:96,0
DA:97,0
DA:99,0
DA:103,0
DA:106,0
DA:107,0
DA:112,0
DA:115,0
DA:119,1
DA:122,1
LF:34
LH:19
BRDA:60,0,0,0
BRDA:60,0,1,5
BRDA:61,1,0,0
BRDA:61,1,1,0
BRDA:63,2,0,5
BRDA:63,2,1,0
BRDA:66,3,0,3
BRDA:66,3,1,0
BRDA:69,4,0,0
BRDA:69,4,1,3
BRDA:81,5,0,6
BRDA:81,5,1,0
BRDA:93,6,0,0
BRDA:93,6,1,0
BRF:14
BRH:5
end_of_record
TN:
SF:D:\BlibliFuturePhase2\reims-vue-cli-pwa\src\components\NotificationBar.vue
FN:9,(anonymous_1)
FNF:1
FNH:1
FNDA:1,(anonymous_1)
DA:1,3
DA:4,2
DA:9,3
DA:15,1
DA:25,2
LF:5
LH:5
BRF:0
BRH:0
end_of_record
TN:
SF:D:\BlibliFuturePhase2\reims-vue-cli-pwa\src\components\NotificationContainer.vue
FNF:0
FNH:0
DA:1,2
DA:2,2
LF:2
LH:2
BRF:0
BRH:0
end_of_record
TN:
SF:D:\BlibliFuturePhase2\reims-vue-cli-pwa\src\components\Pagination.vue
FNF:0
FNH:0
DA:6,2
DA:12,1
DA:13,1
DA:18,1
LF:4
LH:4
BRDA:7,0,0,2
BRDA:7,0,1,2
BRF:2
BRH:2
end_of_record
TN:
SF:D:\BlibliFuturePhase2\reims-vue-cli-pwa\src\components\ParkingForm.vue
FN:90,(anonymous_1)
FN:98,(anonymous_2)
FNF:2
FNH:0
FNDA:0,(anonymous_1)
FNDA:0,(anonymous_2)
DA:1,2
DA:2,2
DA:3,2
DA:14,5
DA:18,5
DA:31,5
DA:43,0
DA:46,5
DA:53,5
DA:59,0
DA:62,6
DA:67,0
DA:70,5
DA:75,5
DA:82,1
DA:85,0
DA:86,0
DA:87,0
DA:88,0
DA:89,0
DA:90,0
DA:92,0
DA:93,0
DA:97,0
DA:100,0
DA:105,0
DA:108,0
DA:112,1
DA:115,1
DA:122,1
LF:30
LH:15
BRDA:53,0,0,0
BRDA:53,0,1,5
BRDA:62,1,0,6
BRDA:62,1,1,0
BRDA:70,2,0,1
BRDA:70,2,1,4
BRDA:86,3,0,0
BRDA:86,3,1,0
BRF:8
BRH:4
end_of_record
TN:
SF:D:\BlibliFuturePhase2\reims-vue-cli-pwa\src\components\SortFilter.vue
FNF:0
FNH:0
DA:1,2
DA:5,6
DA:13,6
DA:17,1
DA:20,10
DA:25,1
DA:28,10
DA:32,13
DA:35,12
DA:41,2
DA:44,1
DA:45,1
DA:46,1
DA:47,1
DA:48,1
DA:49,1
DA:53,9
DA:62,1
DA:65,6
DA:66,6
DA:70,6
DA:71,6
LF:22
LH:22
BRDA:20,0,0,7
BRDA:20,0,1,3
BRDA:28,1,0,7
BRDA:28,1,1,3
BRDA:32,2,0,14
BRDA:32,2,1,22
BRDA:35,3,0,12
BRDA:35,3,1,21
BRDA:44,4,0,1
BRDA:44,4,1,0
BRDA:44,5,0,1
BRDA:44,5,1,1
BRDA:45,6,0,1
BRDA:45,6,1,0
BRDA:46,7,0,1
BRDA:46,7,1,0
BRDA:65,8,0,4
BRDA:65,8,1,2
BRDA:66,9,0,4
BRDA:66,9,1,2
BRF:20
BRH:17
end_of_record
TN:
SF:D:\BlibliFuturePhase2\reims-vue-cli-pwa\src\components\TransactionCard.vue
FNF:0
FNH:0
DA:1,3
DA:9,3
DA:18,1
DA:19,1
DA:22,1
LF:5
LH:5
BRF:0
BRH:0
end_of_record
TN:
SF:D:\BlibliFuturePhase2\reims-vue-cli-pwa\src\components\TransactionForm.vue
FN:91,(anonymous_1)
FNF:1
FNH:0
FNDA:0,(anonymous_1)
DA:1,1
DA:2,1
DA:3,1
DA:5,1
DA:31,6
DA:41,6
DA:44,6
DA:47,2
DA:64,2
DA:79,6
DA:80,1
DA:86,1
DA:91,0
DA:94,1
DA:95,1
DA:96,1
LF:16
LH:15
BRDA:44,0,0,6
BRDA:44,0,1,0
BRDA:79,1,0,1
BRDA:79,1,1,5
BRDA:91,2,0,0
BRDA:91,2,1,0
BRF:6
BRH:3
end_of_record
TN:
SF:D:\BlibliFuturePhase2\reims-vue-cli-pwa\src\components\TransactionList.vue
FNF:0
FNH:0
DA:1,2
DA:11,3
DA:16,1
DA:19,1
DA:22,1
LF:5
LH:5
BRDA:11,0,0,3
BRDA:11,0,1,3
BRDA:11,0,2,3
BRDA:11,0,3,3
BRDA:11,0,4,3
BRF:5
BRH:5
end_of_record
TN:
SF:D:\BlibliFuturePhase2\reims-vue-cli-pwa\src\components\UserCard.vue
FNF:0
FNH:0
DA:1,3
DA:9,3
DA:15,1
DA:16,1
DA:19,1
LF:5
LH:5
BRF:0
BRH:0
end_of_record
TN:
SF:D:\BlibliFuturePhase2\reims-vue-cli-pwa\src\components\UserList.vue
FNF:0
FNH:0
DA:1,2
DA:11,1
LF:2
LH:2
BRF:0
BRH:0
end_of_record
TN:
SF:D:\BlibliFuturePhase2\reims-vue-cli-pwa\src\components\ViewFuelDetail.vue
FNF:0
FNH:0
DA:7,1
LF:1
LH:1
BRF:0
BRH:0
end_of_record
TN:
SF:D:\BlibliFuturePhase2\reims-vue-cli-pwa\src\filters\date.js
FN:1,(anonymous_0)
FNF:1
FNH:1
FNDA:7,(anonymous_0)
DA:2,7
DA:3,7
LF:2
LH:2
BRF:0
BRH:0
end_of_record
TN:
SF:D:\BlibliFuturePhase2\reims-vue-cli-pwa\src\filters\price.js
FN:1,(anonymous_0)
FNF:1
FNH:1
FNDA:7,(anonymous_0)
DA:2,7
LF:1
LH:1
BRDA:2,0,0,6
BRDA:2,0,1,1
BRF:2
BRH:2
end_of_record
TN:
SF:D:\BlibliFuturePhase2\reims-vue-cli-pwa\src\filters\text.js
FN:1,(anonymous_0)
FN:3,(anonymous_1)
FNF:2
FNH:2
FNDA:138,(anonymous_0)
FNDA:138,(anonymous_1)
DA:2,138
DA:4,138
LF:2
LH:2
BRDA:2,0,0,137
BRDA:2,0,1,1
BRF:2
BRH:2
end_of_record
TN:
SF:D:\BlibliFuturePhase2\reims-vue-cli-pwa\src\filters\trimText.js
FN:1,(anonymous_0)
FNF:1
FNH:1
FNDA:8,(anonymous_0)
DA:2,8
LF:1
LH:1
BRDA:2,0,0,7
BRDA:2,0,1,1
BRF:2
BRH:2
end_of_record
TN:
SF:D:\BlibliFuturePhase2\reims-vue-cli-pwa\src\store\index.js
FNF:0
FNH:0
DA:8,3
DA:10,3
LF:2
LH:2
BRF:0
BRH:0
end_of_record
TN:
SF:D:\BlibliFuturePhase2\reims-vue-cli-pwa\src\store\modules\auth\actions.js
FN:4,(anonymous_0)
FN:13,(anonymous_1)
FN:21,(anonymous_2)
FNF:3
FNH:3
FNDA:1,(anonymous_0)
FNDA:1,(anonymous_1)
FNDA:1,(anonymous_2)
DA:5,1
DA:6,1
DA:7,1
DA:9,1
DA:10,1
DA:11,1
DA:14,1
DA:15,1
DA:16,1
DA:17,1
DA:18,1
DA:19,1
DA:22,1
LF:13
LH:13
BRF:0
BRH:0
end_of_record
TN:
SF:D:\BlibliFuturePhase2\reims-vue-cli-pwa\src\store\modules\auth\getters.js
FNF:0
FNH:0
DA:3,1
DA:6,1
DA:9,1
DA:12,1
LF:4
LH:4
BRF:0
BRH:0
end_of_record
TN:
SF:D:\BlibliFuturePhase2\reims-vue-cli-pwa\src\store\modules\auth\index.js
FNF:0
FNH:0
DA:5,4
DA:6,4
LF:2
LH:2
BRF:0
BRH:0
end_of_record
TN:
SF:D:\BlibliFuturePhase2\reims-vue-cli-pwa\src\store\modules\auth\mutations.js
FNF:0
FNH:0
DA:1,5
DA:2,5
DA:3,5
DA:7,1
DA:8,1
DA:9,1
DA:12,1
DA:13,1
DA:16,1
DA:17,1
DA:20,1
DA:21,1
LF:12
LH:12
BRF:0
BRH:0
end_of_record
TN:
SF:D:\BlibliFuturePhase2\reims-vue-cli-pwa\src\store\modules\notification\actions.js
FNF:0
FNH:0
DA:3,1
DA:6,1
LF:2
LH:2
BRF:0
BRH:0
end_of_record
TN:
SF:D:\BlibliFuturePhase2\reims-vue-cli-pwa\src\store\modules\notification\getters.js
FNF:0
FNH:0
DA:3,1
LF:1
LH:1
BRF:0
BRH:0
end_of_record
TN:
SF:D:\BlibliFuturePhase2\reims-vue-cli-pwa\src\store\modules\notification\index.js
FNF:0
FNH:0
DA:5,4
DA:6,4
LF:2
LH:2
BRF:0
BRH:0
end_of_record
TN:
SF:D:\BlibliFuturePhase2\reims-vue-cli-pwa\src\store\modules\notification\mutations.js
FN:8,(anonymous_0)
FNF:1
FNH:1
FNDA:1,(anonymous_0)
DA:1,5
DA:4,1
DA:7,1
DA:8,1
LF:4
LH:4
BRF:0
BRH:0
end_of_record
TN:
SF:D:\BlibliFuturePhase2\reims-vue-cli-pwa\src\store\modules\transaction\actions.js
FN:13,(anonymous_0)
FN:24,(anonymous_1)
FN:29,(anonymous_2)
FN:35,(anonymous_3)
FN:40,(anonymous_4)
FN:45,(anonymous_5)
FNF:6
FNH:6
FNDA:1,(anonymous_0)
FNDA:1,(anonymous_1)
FNDA:1,(anonymous_2)
FNDA:1,(anonymous_3)
FNDA:1,(anonymous_4)
FNDA:1,(anonymous_5)
DA:5,1
DA:8,1
DA:11,1
DA:14,1
DA:15,1
DA:16,1
DA:17,1
DA:18,1
DA:19,1
DA:20,1
DA:21,1
DA:22,1
DA:25,1
DA:26,1
DA:27,1
DA:30,1
DA:31,1
DA:32,1
DA:33,1
DA:36,1
DA:37,1
DA:38,1
DA:41,1
DA:42,1
DA:43,1
DA:46,1
DA:47,1
DA:48,1
LF:28
LH:28
BRF:0
BRH:0
end_of_record
TN:
SF:D:\BlibliFuturePhase2\reims-vue-cli-pwa\src\store\modules\transaction\getters.js
FNF:0
FNH:0
DA:3,1
DA:6,1
DA:9,1
DA:12,1
DA:15,1
DA:18,1
DA:21,1
DA:24,1
LF:8
LH:8
BRDA:3,0,0,1
BRDA:3,0,1,0
BRF:2
BRH:1
end_of_record
TN:
SF:D:\BlibliFuturePhase2\reims-vue-cli-pwa\src\store\modules\transaction\index.js
FNF:0
FNH:0
DA:5,3
DA:6,3
LF:2
LH:2
BRF:0
BRH:0
end_of_record
TN:
SF:D:\BlibliFuturePhase2\reims-vue-cli-pwa\src\store\modules\transaction\mutations.js
FN:39,(anonymous_0)
FNF:1
FNH:1
FNDA:5,(anonymous_0)
DA:3,1
DA:6,1
DA:12,1
DA:15,1
DA:18,1
DA:21,1
DA:24,1
DA:27,1
DA:30,1
DA:33,1
DA:36,1
DA:39,5
LF:12
LH:12
BRF:0
BRH:0
end_of_record
TN:
SF:D:\BlibliFuturePhase2\reims-vue-cli-pwa\src\store\modules\user\actions.js
FN:4,(anonymous_0)
FN:9,(anonymous_1)
FN:12,(anonymous_2)
FN:17,(anonymous_3)
FN:23,(anonymous_4)
FN:28,(anonymous_5)
FN:34,(anonymous_6)
FN:38,(anonymous_7)
FNF:8
FNH:8
FNDA:1,(anonymous_0)
FNDA:1,(anonymous_1)
FNDA:1,(anonymous_2)
FNDA:1,(anonymous_3)
FNDA:1,(anonymous_4)
FNDA:1,(anonymous_5)
FNDA:1,(anonymous_6)
FNDA:1,(anonymous_7)
DA:5,1
DA:6,1
DA:7,1
DA:10,1
DA:13,1
DA:14,1
DA:15,1
DA:18,1
DA:19,1
DA:20,1
DA:21,1
DA:24,1
DA:25,1
DA:26,1
DA:29,1
DA:30,1
DA:31,1
DA:32,1
DA:35,1
DA:36,1
DA:39,1
DA:40,1
DA:41,1
LF:23
LH:23
BRF:0
BRH:0
end_of_record
TN:
SF:D:\BlibliFuturePhase2\reims-vue-cli-pwa\src\store\modules\user\getters.js
FNF:0
FNH:0
DA:3,1
DA:6,1
DA:9,1
LF:3
LH:3
BRF:0
BRH:0
end_of_record
TN:
SF:D:\BlibliFuturePhase2\reims-vue-cli-pwa\src\store\modules\user\index.js
FNF:0
FNH:0
DA:5,4
DA:6,4
LF:2
LH:2
BRF:0
BRH:0
end_of_record
TN:
SF:D:\BlibliFuturePhase2\reims-vue-cli-pwa\src\store\modules\user\mutations.js
FN:15,(anonymous_0)
FNF:1
FNH:1
FNDA:10,(anonymous_0)
DA:3,1
DA:6,1
DA:9,1
DA:12,1
DA:15,10
LF:5
LH:5
BRF:0
BRH:0
end_of_record
TN:
SF:D:\BlibliFuturePhase2\reims-vue-cli-pwa\src\views\CreateTransaction.vue
FNF:0
FNH:0
DA:1,0
DA:2,0
DA:3,0
DA:4,0
DA:5,0
DA:13,0
DA:40,0
DA:43,0
DA:46,0
DA:49,0
DA:55,0
DA:58,0
DA:59,0
DA:61,0
DA:64,0
DA:65,0
DA:66,0
DA:67,0
DA:71,0
DA:72,0
DA:73,0
DA:74,0
DA:78,0
DA:79,0
DA:82,0
DA:83,0
DA:84,0
DA:85,0
DA:87,0
DA:91,0
DA:94,0
DA:97,0
DA:98,0
DA:101,0
DA:102,0
DA:104,0
DA:110,0
DA:114,0
LF:38
LH:0
BRDA:58,0,0,0
BRDA:58,0,1,0
BRDA:64,1,0,0
BRDA:64,1,1,0
BRDA:66,2,0,0
BRDA:66,2,1,0
BRDA:73,3,0,0
BRDA:73,3,1,0
BRDA:82,4,0,0
BRDA:82,4,1,0
BRDA:84,5,0,0
BRDA:84,5,1,0
BRDA:110,6,0,0
BRDA:110,6,1,0
BRDA:110,7,0,0
BRDA:110,7,1,0
BRF:16
BRH:0
end_of_record
TN:
SF:D:\BlibliFuturePhase2\reims-vue-cli-pwa\src\views\EditProfile.vue
FN:38,(anonymous_1)
FN:47,(anonymous_2)
FNF:2
FNH:2
FNDA:1,(anonymous_1)
FNDA:2,(anonymous_2)
DA:1,1
DA:2,1
DA:15,2
DA:26,3
DA:33,2
DA:36,1
DA:37,1
DA:38,1
DA:39,1
DA:40,1
DA:42,1
DA:47,2
DA:48,2
LF:13
LH:13
BRDA:26,0,0,1
BRDA:26,0,1,2
BRDA:37,1,0,1
BRDA:37,1,1,0
BRF:4
BRH:3
end_of_record
TN:
SF:D:\BlibliFuturePhase2\reims-vue-cli-pwa\src\views\HomePage.vue
FN:44,(anonymous_1)
FN:55,(anonymous_2)
FNF:2
FNH:2
FNDA:16,(anonymous_1)
FNDA:1,(anonymous_2)
DA:1,1
DA:2,1
DA:3,1
DA:4,1
DA:13,7
DA:30,1
DA:31,1
DA:32,1
DA:38,2
DA:41,1
DA:44,16
DA:45,16
DA:46,1
DA:52,1
DA:55,1
DA:56,1
DA:60,1
DA:65,8
DA:69,7
DA:70,7
LF:20
LH:20
BRDA:16,0,0,7
BRDA:16,0,1,4
BRDA:17,1,0,7
BRDA:17,1,1,4
BRDA:45,2,0,1
BRDA:45,2,1,15
BRF:6
BRH:6
end_of_record
TN:
SF:D:\BlibliFuturePhase2\reims-vue-cli-pwa\src\views\LoginPage.vue
FN:34,(anonymous_1)
FNF:1
FNH:1
FNDA:1,(anonymous_1)
DA:1,1
DA:2,1
DA:4,1
DA:17,1
DA:32,1
DA:33,1
DA:34,1
DA:35,1
LF:8
LH:8
BRDA:33,0,0,1
BRDA:33,0,1,0
BRF:2
BRH:1
end_of_record
TN:
SF:D:\BlibliFuturePhase2\reims-vue-cli-pwa\src\views\ManageUser.vue
FN:40,(anonymous_1)
FNF:1
FNH:1
FNDA:1,(anonymous_1)
DA:1,1
DA:2,1
DA:3,1
DA:12,8
DA:24,1
DA:27,8
DA:30,1
DA:31,1
DA:32,1
DA:35,1
DA:36,1
DA:37,1
DA:40,1
DA:41,1
DA:47,4
DA:51,4
LF:16
LH:16
BRDA:13,0,0,8
BRDA:13,0,1,4
BRDA:14,1,0,8
BRDA:14,1,1,4
BRDA:16,2,0,8
BRDA:16,2,1,6
BRF:6
BRH:6
end_of_record
TN:
SF:D:\BlibliFuturePhase2\reims-vue-cli-pwa\src\views\TransactionDetail.vue
FN:36,(anonymous_1)
FNF:1
FNH:1
FNDA:3,(anonymous_1)
DA:1,1
DA:2,1
DA:3,1
DA:12,3
DA:15,3
DA:18,3
DA:23,3
DA:26,3
DA:29,3
DA:36,3
DA:37,3
LF:11
LH:11
BRDA:18,0,0,3
BRDA:18,0,1,0
BRDA:23,1,0,3
BRDA:23,1,1,0
BRDA:26,2,0,3
BRDA:26,2,1,0
BRF:6
BRH:3
end_of_record
TN:
SF:D:\BlibliFuturePhase2\reims-vue-cli-pwa\src\views\UserForm.vue
FN:41,(anonymous_1)
FNF:1
FNH:1
FNDA:1,(anonymous_1)
DA:1,1
DA:2,1
DA:13,8
DA:20,10
DA:23,10
DA:26,6
DA:36,1
DA:39,1
DA:40,1
DA:41,1
DA:42,1
DA:47,10
DA:50,3
DA:56,8
LF:14
LH:14
BRDA:23,0,0,3
BRDA:23,0,1,7
BRDA:40,1,0,1
BRDA:40,1,1,0
BRDA:47,2,0,3
BRDA:47,2,1,7
BRDA:50,3,0,1
BRDA:50,3,1,2
BRF:8
BRH:7
end_of_record
