TN:
SF:D:\BlibliFuturePhase2\reims-vue-cli-pwa\src\components\CropImage.vue
FNF:0
FNH:0
DA:1,1
DA:5,5
DA:14,2
DA:15,2
DA:19,1
DA:22,1
DA:25,1
DA:28,1
LF:8
LH:8
BRDA:14,0,0,2
BRDA:14,0,1,0
BRF:2
BRH:1
end_of_record
TN:
SF:D:\BlibliFuturePhase2\reims-vue-cli-pwa\src\components\FilterImage.vue
FN:64,(anonymous_1)
FN:91,(anonymous_2)
FN:99,(anonymous_3)
FNF:3
FNH:0
FNDA:0,(anonymous_1)
FNDA:0,(anonymous_2)
FNDA:0,(anonymous_3)
DA:1,0
DA:12,0
DA:20,0
DA:24,0
DA:25,0
DA:27,0
DA:39,0
DA:40,0
DA:43,0
DA:44,0
DA:45,0
DA:46,0
DA:47,0
DA:51,0
DA:54,0
DA:57,0
DA:64,0
DA:65,0
DA:69,0
DA:74,0
DA:75,0
DA:76,0
DA:78,0
DA:79,0
DA:80,0
DA:81,0
DA:82,0
DA:83,0
DA:84,0
DA:85,0
DA:88,0
DA:91,0
DA:93,0
DA:94,0
DA:98,0
DA:101,0
DA:105,0
DA:107,0
LF:38
LH:0
BRDA:24,0,0,0
BRDA:24,0,1,0
BRDA:39,1,0,0
BRDA:39,1,1,0
BRDA:46,2,0,0
BRDA:46,2,1,0
BRF:6
BRH:0
end_of_record
TN:
SF:D:\BlibliFuturePhase2\reims-vue-cli-pwa\src\components\FuelForm.vue
FN:58,(anonymous_1)
FN:65,(anonymous_2)
FNF:2
FNH:0
FNDA:0,(anonymous_1)
FNDA:0,(anonymous_2)
DA:1,0
DA:2,0
DA:3,0
DA:4,0
DA:5,0
DA:6,0
DA:23,0
DA:34,0
DA:35,0
DA:36,0
DA:38,0
DA:41,0
DA:50,0
DA:53,0
DA:54,0
DA:55,0
DA:56,0
DA:57,0
DA:58,0
DA:59,0
DA:60,0
DA:64,0
DA:66,0
DA:67,0
DA:71,0
DA:74,0
DA:78,0
DA:84,0
LF:28
LH:0
BRDA:35,0,0,0
BRDA:35,0,1,0
BRDA:36,1,0,0
BRDA:36,1,1,0
BRDA:38,2,0,0
BRDA:38,2,1,0
BRDA:41,3,0,0
BRDA:41,3,1,0
BRDA:54,4,0,0
BRDA:54,4,1,0
BRF:10
BRH:0
end_of_record
TN:
SF:D:\BlibliFuturePhase2\reims-vue-cli-pwa\src\components\NotificationBar.vue
FN:9,(anonymous_1)
FNF:1
FNH:1
FNDA:1,(anonymous_1)
DA:1,2
DA:4,1
DA:9,2
DA:13,0
DA:23,1
LF:5
LH:4
BRF:0
BRH:0
end_of_record
TN:
SF:D:\BlibliFuturePhase2\reims-vue-cli-pwa\src\components\NotificationContainer.vue
FNF:0
FNH:0
DA:2,1
DA:3,1
LF:2
LH:2
BRF:0
BRH:0
end_of_record
TN:
SF:D:\BlibliFuturePhase2\reims-vue-cli-pwa\src\components\Pagination.vue
FNF:0
FNH:0
DA:6,1
DA:13,1
DA:16,2
DA:22,1
DA:23,1
LF:5
LH:5
BRDA:7,0,0,1
BRDA:7,0,1,1
BRF:2
BRH:2
end_of_record
TN:
SF:D:\BlibliFuturePhase2\reims-vue-cli-pwa\src\components\ParkingForm.vue
FN:46,(anonymous_1)
FN:53,(anonymous_2)
FNF:2
FNH:0
FNDA:0,(anonymous_1)
FNDA:0,(anonymous_2)
DA:1,0
DA:2,0
DA:3,0
DA:4,0
DA:5,0
DA:24,0
DA:39,0
DA:42,0
DA:43,0
DA:44,0
DA:45,0
DA:46,0
DA:47,0
DA:48,0
DA:52,0
DA:54,0
DA:58,0
DA:61,0
DA:65,0
DA:66,0
DA:72,0
DA:76,0
DA:77,0
LF:23
LH:0
BRDA:43,0,0,0
BRDA:43,0,1,0
BRF:2
BRH:0
end_of_record
TN:
SF:D:\BlibliFuturePhase2\reims-vue-cli-pwa\src\components\SortFilter.vue
FNF:0
FNH:0
DA:1,2
DA:5,4
DA:13,2
DA:16,1
DA:17,1
DA:20,7
DA:29,1
LF:7
LH:7
BRF:0
BRH:0
end_of_record
TN:
SF:D:\BlibliFuturePhase2\reims-vue-cli-pwa\src\components\TransactionCard.vue
FN:18,(anonymous_1)
FNF:1
FNH:1
FNDA:1,(anonymous_1)
DA:1,3
DA:9,3
DA:18,1
DA:19,1
DA:23,1
LF:5
LH:5
BRF:0
BRH:0
end_of_record
TN:
SF:D:\BlibliFuturePhase2\reims-vue-cli-pwa\src\components\TransactionForm.vue
FN:88,(anonymous_1)
FNF:1
FNH:0
FNDA:0,(anonymous_1)
DA:1,0
DA:2,0
DA:3,0
DA:5,0
DA:31,0
DA:41,0
DA:44,0
DA:49,0
DA:63,0
DA:76,0
DA:77,0
DA:83,0
DA:88,0
DA:91,0
DA:92,0
DA:93,0
DA:94,0
LF:17
LH:0
BRDA:44,0,0,0
BRDA:44,0,1,0
BRDA:76,1,0,0
BRDA:76,1,1,0
BRF:4
BRH:0
end_of_record
TN:
SF:D:\BlibliFuturePhase2\reims-vue-cli-pwa\src\components\TransactionList.vue
FNF:0
FNH:0
DA:1,2
DA:11,1
DA:14,1
LF:3
LH:3
BRF:0
BRH:0
end_of_record
TN:
SF:D:\BlibliFuturePhase2\reims-vue-cli-pwa\src\components\UserCard.vue
FN:15,(anonymous_1)
FNF:1
FNH:1
FNDA:1,(anonymous_1)
DA:1,3
DA:9,3
DA:15,1
DA:16,1
DA:20,1
LF:5
LH:5
BRF:0
BRH:0
end_of_record
TN:
SF:D:\BlibliFuturePhase2\reims-vue-cli-pwa\src\components\UserList.vue
FNF:0
FNH:0
DA:1,2
DA:11,1
LF:2
LH:2
BRF:0
BRH:0
end_of_record
TN:
SF:D:\BlibliFuturePhase2\reims-vue-cli-pwa\src\components\ViewFuelDetail.vue
FNF:0
FNH:0
DA:7,1
LF:1
LH:1
BRF:0
BRH:0
end_of_record
TN:
SF:D:\BlibliFuturePhase2\reims-vue-cli-pwa\src\store\index.js
FNF:0
FNH:0
DA:8,2
DA:10,2
LF:2
LH:2
BRF:0
BRH:0
end_of_record
TN:
SF:D:\BlibliFuturePhase2\reims-vue-cli-pwa\src\store\modules\auth\actions.js
FN:4,(anonymous_0)
FN:10,(anonymous_1)
FNF:2
FNH:2
FNDA:1,(anonymous_0)
FNDA:1,(anonymous_1)
DA:5,1
DA:6,1
DA:7,1
DA:8,1
DA:11,1
DA:12,1
DA:13,1
DA:14,1
DA:15,1
LF:9
LH:9
BRF:0
BRH:0
end_of_record
TN:
SF:D:\BlibliFuturePhase2\reims-vue-cli-pwa\src\store\modules\auth\getters.js
FNF:0
FNH:0
DA:3,1
DA:6,1
DA:9,1
LF:3
LH:3
BRF:0
BRH:0
end_of_record
TN:
SF:D:\BlibliFuturePhase2\reims-vue-cli-pwa\src\store\modules\auth\index.js
FNF:0
FNH:0
DA:5,3
DA:6,3
LF:2
LH:2
BRF:0
BRH:0
end_of_record
TN:
SF:D:\BlibliFuturePhase2\reims-vue-cli-pwa\src\store\modules\auth\mutations.js
FNF:0
FNH:0
DA:1,4
DA:2,4
DA:3,4
DA:7,1
DA:8,1
DA:11,1
DA:12,1
DA:15,1
DA:16,1
LF:9
LH:9
BRF:0
BRH:0
end_of_record
TN:
SF:D:\BlibliFuturePhase2\reims-vue-cli-pwa\src\store\modules\notification\actions.js
FNF:0
FNH:0
DA:3,1
DA:6,1
LF:2
LH:2
BRF:0
BRH:0
end_of_record
TN:
SF:D:\BlibliFuturePhase2\reims-vue-cli-pwa\src\store\modules\notification\getters.js
FNF:0
FNH:0
DA:3,1
LF:1
LH:1
BRF:0
BRH:0
end_of_record
TN:
SF:D:\BlibliFuturePhase2\reims-vue-cli-pwa\src\store\modules\notification\index.js
FNF:0
FNH:0
DA:5,3
DA:6,3
LF:2
LH:2
BRF:0
BRH:0
end_of_record
TN:
SF:D:\BlibliFuturePhase2\reims-vue-cli-pwa\src\store\modules\notification\mutations.js
FN:8,(anonymous_0)
FNF:1
FNH:1
FNDA:1,(anonymous_0)
DA:1,4
DA:4,1
DA:7,1
DA:8,1
LF:4
LH:4
BRF:0
BRH:0
end_of_record
TN:
SF:D:\BlibliFuturePhase2\reims-vue-cli-pwa\src\store\modules\transaction\actions.js
FN:13,(anonymous_0)
FN:22,(anonymous_1)
FN:27,(anonymous_2)
FN:33,(anonymous_3)
FN:38,(anonymous_4)
FNF:5
FNH:5
FNDA:1,(anonymous_0)
FNDA:1,(anonymous_1)
FNDA:1,(anonymous_2)
FNDA:1,(anonymous_3)
FNDA:1,(anonymous_4)
DA:5,1
DA:8,1
DA:11,1
DA:14,1
DA:15,1
DA:16,1
DA:17,1
DA:18,1
DA:19,1
DA:20,1
DA:23,1
DA:24,1
DA:25,1
DA:28,1
DA:29,1
DA:30,1
DA:31,1
DA:34,1
DA:35,1
DA:36,0
DA:39,1
DA:40,1
DA:41,1
DA:42,1
LF:24
LH:23
BRF:0
BRH:0
end_of_record
TN:
SF:D:\BlibliFuturePhase2\reims-vue-cli-pwa\src\store\modules\transaction\getters.js
FNF:0
FNH:0
DA:3,1
DA:6,1
DA:9,1
DA:12,1
DA:15,1
DA:18,1
DA:21,1
DA:24,1
LF:8
LH:8
BRF:0
BRH:0
end_of_record
TN:
SF:D:\BlibliFuturePhase2\reims-vue-cli-pwa\src\store\modules\transaction\index.js
FNF:0
FNH:0
DA:5,2
DA:6,2
LF:2
LH:2
BRF:0
BRH:0
end_of_record
TN:
SF:D:\BlibliFuturePhase2\reims-vue-cli-pwa\src\store\modules\transaction\mutations.js
FNF:0
FNH:0
DA:3,1
DA:6,1
DA:12,1
DA:15,1
DA:18,1
DA:21,1
DA:24,1
LF:7
LH:7
BRF:0
BRH:0
end_of_record
TN:
SF:D:\BlibliFuturePhase2\reims-vue-cli-pwa\src\store\modules\user\actions.js
FN:4,(anonymous_0)
FN:9,(anonymous_1)
FN:12,(anonymous_2)
FN:17,(anonymous_3)
FN:23,(anonymous_4)
FN:28,(anonymous_5)
FN:32,(anonymous_6)
FNF:7
FNH:7
FNDA:1,(anonymous_0)
FNDA:1,(anonymous_1)
FNDA:1,(anonymous_2)
FNDA:1,(anonymous_3)
FNDA:1,(anonymous_4)
FNDA:1,(anonymous_5)
FNDA:1,(anonymous_6)
DA:5,1
DA:6,1
DA:7,1
DA:10,1
DA:13,1
DA:14,1
DA:15,1
DA:18,1
DA:19,1
DA:20,1
DA:21,1
DA:24,1
DA:25,1
DA:26,1
DA:29,1
DA:30,1
DA:33,1
DA:34,1
DA:35,1
LF:19
LH:19
BRF:0
BRH:0
end_of_record
TN:
SF:D:\BlibliFuturePhase2\reims-vue-cli-pwa\src\store\modules\user\getters.js
FNF:0
FNH:0
DA:3,1
DA:6,1
DA:9,1
LF:3
LH:3
BRF:0
BRH:0
end_of_record
TN:
SF:D:\BlibliFuturePhase2\reims-vue-cli-pwa\src\store\modules\user\index.js
FNF:0
FNH:0
DA:5,3
DA:6,3
LF:2
LH:2
BRF:0
BRH:0
end_of_record
TN:
SF:D:\BlibliFuturePhase2\reims-vue-cli-pwa\src\store\modules\user\mutations.js
FNF:0
FNH:0
DA:3,1
DA:6,1
DA:9,1
DA:12,1
LF:4
LH:4
BRF:0
BRH:0
end_of_record
TN:
SF:D:\BlibliFuturePhase2\reims-vue-cli-pwa\src\views\ChangePassword.vue
FN:14,(anonymous_1)
FNF:1
FNH:0
FNDA:0,(anonymous_1)
DA:1,0
DA:2,0
DA:14,0
DA:23,0
DA:26,0
DA:31,0
DA:32,0
DA:33,0
DA:34,0
DA:35,0
DA:37,0
LF:11
LH:0
BRDA:26,0,0,0
BRDA:26,0,1,0
BRDA:32,1,0,0
BRDA:32,1,1,0
BRF:4
BRH:0
end_of_record
TN:
SF:D:\BlibliFuturePhase2\reims-vue-cli-pwa\src\views\CreateTransaction.vue
FNF:0
FNH:0
DA:1,0
DA:2,0
DA:3,0
DA:4,0
DA:5,0
DA:13,0
DA:40,0
DA:43,0
DA:46,0
DA:49,0
DA:55,0
DA:58,0
DA:59,0
DA:61,0
DA:64,0
DA:65,0
DA:66,0
DA:67,0
DA:71,0
DA:72,0
DA:73,0
DA:74,0
DA:78,0
DA:79,0
DA:82,0
DA:83,0
DA:84,0
DA:85,0
DA:87,0
DA:91,0
DA:94,0
DA:97,0
DA:98,0
DA:101,0
DA:102,0
DA:104,0
DA:110,0
DA:114,0
LF:38
LH:0
BRDA:58,0,0,0
BRDA:58,0,1,0
BRDA:64,1,0,0
BRDA:64,1,1,0
BRDA:66,2,0,0
BRDA:66,2,1,0
BRDA:73,3,0,0
BRDA:73,3,1,0
BRDA:82,4,0,0
BRDA:82,4,1,0
BRDA:84,5,0,0
BRDA:84,5,1,0
BRDA:110,6,0,0
BRDA:110,6,1,0
BRDA:110,7,0,0
BRDA:110,7,1,0
BRF:16
BRH:0
end_of_record
TN:
SF:D:\BlibliFuturePhase2\reims-vue-cli-pwa\src\views\HomePage.vue
FN:62,(anonymous_1)
FNF:1
FNH:1
FNDA:1,(anonymous_1)
DA:1,1
DA:2,1
DA:3,1
DA:4,1
DA:13,6
DA:16,6
DA:23,10
DA:34,1
DA:35,1
DA:36,1
DA:42,1
DA:43,1
DA:44,1
DA:45,1
DA:48,1
DA:51,11
DA:54,1
DA:57,1
DA:58,1
DA:59,1
DA:62,1
DA:63,1
DA:69,4
DA:70,4
LF:24
LH:24
BRDA:24,0,0,10
BRDA:24,0,1,8
BRDA:25,1,0,10
BRDA:25,1,1,8
BRF:4
BRH:4
end_of_record
TN:
SF:D:\BlibliFuturePhase2\reims-vue-cli-pwa\src\views\LoginPage.vue
FN:34,(anonymous_1)
FNF:1
FNH:1
FNDA:1,(anonymous_1)
DA:1,1
DA:2,1
DA:4,1
DA:17,1
DA:32,1
DA:33,1
DA:34,1
DA:36,1
DA:39,0
LF:9
LH:8
BRDA:33,0,0,1
BRDA:33,0,1,0
BRF:2
BRH:1
end_of_record
TN:
SF:D:\BlibliFuturePhase2\reims-vue-cli-pwa\src\views\ManageUser.vue
FN:40,(anonymous_1)
FNF:1
FNH:1
FNDA:1,(anonymous_1)
DA:1,1
DA:2,1
DA:3,1
DA:12,8
DA:24,1
DA:27,8
DA:30,1
DA:31,1
DA:32,1
DA:35,1
DA:36,1
DA:37,1
DA:40,1
DA:41,1
DA:47,4
DA:51,4
LF:16
LH:16
BRDA:13,0,0,8
BRDA:13,0,1,4
BRDA:14,1,0,8
BRDA:14,1,1,4
BRDA:16,2,0,8
BRDA:16,2,1,6
BRF:6
BRH:6
end_of_record
TN:
SF:D:\BlibliFuturePhase2\reims-vue-cli-pwa\src\views\TransactionDetail.vue
FNF:0
FNH:0
DA:1,1
DA:2,1
DA:3,1
DA:12,4
DA:15,4
DA:18,4
DA:26,1
DA:30,4
LF:8
LH:8
BRDA:18,0,0,4
BRDA:18,0,1,0
BRF:2
BRH:1
end_of_record
TN:
SF:D:\BlibliFuturePhase2\reims-vue-cli-pwa\src\views\UserForm.vue
FN:41,(anonymous_1)
FNF:1
FNH:1
FNDA:1,(anonymous_1)
DA:1,1
DA:2,1
DA:13,8
DA:20,10
DA:23,10
DA:26,6
DA:36,1
DA:39,1
DA:40,1
DA:41,1
DA:42,1
DA:45,0
DA:49,10
DA:52,3
DA:56,8
LF:15
LH:14
BRDA:23,0,0,3
BRDA:23,0,1,7
BRDA:40,1,0,1
BRDA:40,1,1,0
BRDA:49,2,0,3
BRDA:49,2,1,7
BRDA:52,3,0,1
BRDA:52,3,1,2
BRF:8
BRH:7
end_of_record
